#
# There is insufficient memory for the Java Runtime Environment to continue.
# Native memory allocation (mmap) failed to map 524288 bytes for committing reserved memory.
# Possible reasons:
#   The system is out of physical RAM or swap space
#   In 32 bit mode, the process size limit was hit
# Possible solutions:
#   Reduce memory load on the system
#   Increase physical memory or swap space
#   Check if swap backing store is full
#   Use 64 bit Java on a 64 bit OS
#   Decrease Java heap size (-Xmx/-Xms)
#   Decrease number of Java threads
#   Decrease Java thread stack sizes (-Xss)
#   Set larger code cache with -XX:ReservedCodeCacheSize=
# This output file may be truncated or incomplete.
#
#  Out of Memory Error (os_linux.cpp:2673), pid=30940, tid=140614486513408
#
# JRE version: Java(TM) SE Runtime Environment (8.0_40-b25) (build 1.8.0_40-b25)
# Java VM: Java HotSpot(TM) 64-Bit Server VM (25.40-b25 mixed mode linux-amd64 compressed oops)
# Failed to write core dump. Core dumps have been disabled. To enable core dumping, try "ulimit -c unlimited" before starting Java again
#

---------------  T H R E A D  ---------------

Current thread (0x00007fe318333800):  JavaThread "Thread-3" [_thread_in_vm, id=31007, stack(0x00007fe35c74d000,0x00007fe35c84e000)]

Stack: [0x00007fe35c74d000,0x00007fe35c84e000],  sp=0x00007fe35c84bc70,  free space=1019k
Native frames: (J=compiled Java code, j=interpreted, Vv=VM code, C=native code)
V  [libjvm.so+0xaaca9a]  VMError::report_and_die()+0x2ba
V  [libjvm.so+0x4f333b]  report_vm_out_of_memory(char const*, int, unsigned long, VMErrorType, char const*)+0x8b
V  [libjvm.so+0x90e8c3]  os::Linux::commit_memory_impl(char*, unsigned long, bool)+0x103
V  [libjvm.so+0x90ee19]  os::pd_commit_memory(char*, unsigned long, unsigned long, bool)+0x29
V  [libjvm.so+0x90877a]  os::commit_memory(char*, unsigned long, unsigned long, bool)+0x2a
V  [libjvm.so+0x97bbc3]  PSVirtualSpace::expand_by(unsigned long)+0x53
V  [libjvm.so+0x96c420]  PSOldGen::expand(unsigned long)+0x170
V  [libjvm.so+0x96c6da]  PSOldGen::expand_and_allocate(unsigned long)+0x1a
V  [libjvm.so+0x96c7fb]  PSOldGen::allocate(unsigned long)+0xcb
V  [libjvm.so+0x931e0e]  ParallelScavengeHeap::mem_allocate(unsigned long, bool*)+0xfe
V  [libjvm.so+0x6471ce]  CollectedHeap::common_mem_allocate_init(KlassHandle, unsigned long, Thread*)+0x17e
V  [libjvm.so+0x635e5c]  InstanceKlass::allocate_instance(Thread*)+0x3c
V  [libjvm.so+0x9a36f8]  OptoRuntime::new_instance_C(Klass*, JavaThread*)+0x168
v  ~RuntimeStub::_new_instance_Java

Java frames: (J=compiled Java code, j=interpreted, Vv=VM code)
v  ~RuntimeStub::_new_instance_Java
J 5752 C2 br.inpe.psossl.model.Solution.validateAndAddItem(Lbr/inpe/psossl/model/Equipment;DDDI)Z (1214 bytes) @ 0x00007fe3860f73f0 [0x00007fe3860f4540+0x2eb0]
J 6478 C2 br.inpe.psossl.algorithm.HBAE.addEquipmentWithEquipmentRelationshipII(Lbr/inpe/psossl/model/Solution;Lbr/inpe/psossl/model/Equipment;)V (677 bytes) @ 0x00007fe3863aadb0 [0x00007fe3863a8fe0+0x1dd0]
J 6146 C2 br.inpe.psossl.algorithm.HBAE.generateHBAEBasedSolution()Lbr/inpe/psossl/model/Solution; (162 bytes) @ 0x00007fe3861f2974 [0x00007fe3861f1e80+0xaf4]
J 6689% C1 br.inpe.psossl.algorithm.HBAE.execute()V (728 bytes) @ 0x00007fe3864c5c2c [0x00007fe3864c4d00+0xf2c]
j  br.inpe.psossl.ProgressObserver.call()Lbr/inpe/psossl/model/Solution;+28
j  br.inpe.psossl.ProgressObserver.call()Ljava/lang/Object;+1
j  javafx.concurrent.Task$TaskCallable.call()Ljava/lang/Object;+26
j  java.util.concurrent.FutureTask.run()V+42
j  java.lang.Thread.run()V+11
v  ~StubRoutines::call_stub

---------------  P R O C E S S  ---------------

Java Threads: ( => current thread )
=>0x00007fe318333800 JavaThread "Thread-3" [_thread_in_vm, id=31007, stack(0x00007fe35c74d000,0x00007fe35c84e000)]
  0x00007fe318442000 JavaThread "Prism Font Disposer" daemon [_thread_blocked, id=30970, stack(0x00007fe35e380000,0x00007fe35e481000)]
  0x00007fe39427e800 JavaThread "JavaFX-Launcher" [_thread_blocked, id=30969, stack(0x00007fe35f3de000,0x00007fe35f4df000)]
  0x00007fe394271800 JavaThread "JavaFX Application Thread" [_thread_blocked, id=30968, stack(0x00007fe35f56b000,0x00007fe35f66c000)]
  0x00007fe394249000 JavaThread "Thread-1" daemon [_thread_blocked, id=30967, stack(0x00007fe35f66c000,0x00007fe35f76d000)]
  0x00007fe3941e2800 JavaThread "QuantumRenderer-0" daemon [_thread_blocked, id=30966, stack(0x00007fe376181000,0x00007fe376282000)]
  0x00007fe3940d4000 JavaThread "Service Thread" daemon [_thread_blocked, id=30964, stack(0x00007fe376418000,0x00007fe376519000)]
  0x00007fe3940c7000 JavaThread "C1 CompilerThread3" daemon [_thread_blocked, id=30963, stack(0x00007fe376519000,0x00007fe37661a000)]
  0x00007fe3940c5000 JavaThread "C2 CompilerThread2" daemon [_thread_blocked, id=30962, stack(0x00007fe37661a000,0x00007fe37671b000)]
  0x00007fe3940c3000 JavaThread "C2 CompilerThread1" daemon [_thread_blocked, id=30961, stack(0x00007fe37671b000,0x00007fe37681c000)]
  0x00007fe3940c0800 JavaThread "C2 CompilerThread0" daemon [_thread_blocked, id=30960, stack(0x00007fe37681c000,0x00007fe37691d000)]
  0x00007fe3940bf000 JavaThread "Signal Dispatcher" daemon [_thread_blocked, id=30959, stack(0x00007fe37691d000,0x00007fe376a1e000)]
  0x00007fe394087000 JavaThread "Finalizer" daemon [_thread_blocked, id=30958, stack(0x00007fe376ced000,0x00007fe376dee000)]
  0x00007fe394084800 JavaThread "Reference Handler" daemon [_thread_blocked, id=30957, stack(0x00007fe376dee000,0x00007fe376eef000)]
  0x00007fe39400a000 JavaThread "main" [_thread_blocked, id=30946, stack(0x00007fe39b6df000,0x00007fe39b7e0000)]

Other Threads:
  0x00007fe39407f800 VMThread [stack: 0x00007fe376eef000,0x00007fe376ff0000] [id=30956]
  0x00007fe3940d7000 WatcherThread [stack: 0x00007fe376317000,0x00007fe376418000] [id=30965]

VM state:not at safepoint (normal execution)

VM Mutex/Monitor currently owned by a thread:  ([mutex/lock_event])
[0x00007fe394005a30] ExpandHeap_lock - owner thread: 0x00007fe318333800
[0x00007fe3940065b0] Heap_lock - owner thread: 0x00007fe318333800

Heap:
 PSYoungGen      total 487424K, used 482068K [0x00000000e1400000, 0x0000000100000000, 0x0000000100000000)
  eden space 472064K, 100% used [0x00000000e1400000,0x00000000fe100000,0x00000000fe100000)
  from space 15360K, 65% used [0x00000000ff100000,0x00000000ffac52e0,0x0000000100000000)
  to   space 15872K, 0% used [0x00000000fe100000,0x00000000fe100000,0x00000000ff080000)
 ParOldGen       total 65536K, used 65535K [0x00000000a3c00000, 0x00000000a7c00000, 0x00000000e1400000)
  object space 65536K, 99% used [0x00000000a3c00000,0x00000000a7bffff0,0x00000000a7c00000)
 Metaspace       used 22864K, capacity 24515K, committed 24652K, reserved 1071104K
  class space    used 3108K, capacity 3397K, committed 3404K, reserved 1048576K

Card table byte_map: [0x00007fe3981e0000,0x00007fe3984c3000] byte_map_base: 0x00007fe397cc2000

Marking Bits: (ParMarkBitMap*) 0x00007fe39abc06c0
 Begin Bits: [0x00007fe37d1e0000, 0x00007fe37e8f0000)
 End Bits:   [0x00007fe37e8f0000, 0x00007fe380000000)

Polling page: 0x00007fe39b807000

CodeCache: size=245760Kb used=19393Kb max_used=20872Kb free=226366Kb
 bounds [0x00007fe385000000, 0x00007fe3864f0000, 0x00007fe394000000]
 total_blobs=6133 nmethods=5440 adapters=606
 compilation: enabled

Compilation events (10 events):
Event: 377,813 Thread 0x00007fe3940c5000 6733       4       java.util.Formatter$FormatSpecifier::print (463 bytes)
Event: 378,003 Thread 0x00007fe3940c5000 nmethod 6733 0x00007fe385ba2010 code [0x00007fe385ba2200, 0x00007fe385ba3148]
Event: 381,320 Thread 0x00007fe3940c0800 6734       4       com.sun.prism.es2.BufferFactory::isDirect (144 bytes)
Event: 381,326 Thread 0x00007fe3940c0800 nmethod 6734 0x00007fe385d4fdd0 code [0x00007fe385d4ff20, 0x00007fe385d4ffd8]
Event: 389,951 Thread 0x00007fe3940c3000 6735       4       javafx.scene.shape.Path$2::onChanged (254 bytes)
Event: 392,418 Thread 0x00007fe3940c3000 nmethod 6735 0x00007fe38606f350 code [0x00007fe38606f7c0, 0x00007fe386072310]
Event: 401,966 Thread 0x00007fe3940c3000 6736   !   4       java.util.Observable::notifyObservers (67 bytes)
Event: 401,966 Thread 0x00007fe3940c5000 6737       4       javafx.concurrent.Task::updateProgress (111 bytes)
Event: 402,318 Thread 0x00007fe3940c5000 nmethod 6737 0x00007fe385b405d0 code [0x00007fe385b408c0, 0x00007fe385b41f50]
Event: 402,729 Thread 0x00007fe3940c3000 nmethod 6736 0x00007fe385fa5310 code [0x00007fe385fa5740, 0x00007fe385fa8dd0]

GC Heap History (10 events):
Event: 405,004 GC heap before
{Heap before GC invocations=131 (full 1):
 PSYoungGen      total 487936K, used 481949K [0x00000000e1400000, 0x0000000100000000, 0x0000000100000000)
  eden space 472576K, 100% used [0x00000000e1400000,0x00000000fe180000,0x00000000fe180000)
  from space 15360K, 61% used [0x00000000fe180000,0x00000000feaa75e0,0x00000000ff080000)
  to   space 15360K, 0% used [0x00000000ff100000,0x00000000ff100000,0x0000000100000000)
 ParOldGen       total 56832K, used 47846K [0x00000000a3c00000, 0x00000000a7380000, 0x00000000e1400000)
  object space 56832K, 84% used [0x00000000a3c00000,0x00000000a6ab9b28,0x00000000a7380000)
 Metaspace       used 22864K, capacity 24515K, committed 24652K, reserved 1071104K
  class space    used 3108K, capacity 3397K, committed 3404K, reserved 1048576K
Event: 405,045 GC heap after
Heap after GC invocations=131 (full 1):
 PSYoungGen      total 487424K, used 7080K [0x00000000e1400000, 0x00000000fff00000, 0x0000000100000000)
  eden space 473088K, 0% used [0x00000000e1400000,0x00000000e1400000,0x00000000fe200000)
  from space 14336K, 49% used [0x00000000ff100000,0x00000000ff7ea120,0x00000000fff00000)
  to   space 14848K, 0% used [0x00000000fe200000,0x00000000fe200000,0x00000000ff080000)
 ParOldGen       total 56832K, used 47854K [0x00000000a3c00000, 0x00000000a7380000, 0x00000000e1400000)
  object space 56832K, 84% used [0x00000000a3c00000,0x00000000a6abbb28,0x00000000a7380000)
 Metaspace       used 22864K, capacity 24515K, committed 24652K, reserved 1071104K
  class space    used 3108K, capacity 3397K, committed 3404K, reserved 1048576K
}
Event: 408,289 GC heap before
{Heap before GC invocations=132 (full 1):
 PSYoungGen      total 487424K, used 480168K [0x00000000e1400000, 0x00000000fff00000, 0x0000000100000000)
  eden space 473088K, 100% used [0x00000000e1400000,0x00000000fe200000,0x00000000fe200000)
  from space 14336K, 49% used [0x00000000ff100000,0x00000000ff7ea120,0x00000000fff00000)
  to   space 14848K, 0% used [0x00000000fe200000,0x00000000fe200000,0x00000000ff080000)
 ParOldGen       total 56832K, used 47854K [0x00000000a3c00000, 0x00000000a7380000, 0x00000000e1400000)
  object space 56832K, 84% used [0x00000000a3c00000,0x00000000a6abbb28,0x00000000a7380000)
 Metaspace       used 22864K, capacity 24515K, committed 24652K, reserved 1071104K
  class space    used 3108K, capacity 3397K, committed 3404K, reserved 1048576K
Event: 408,299 GC heap after
Heap after GC invocations=132 (full 1):
 PSYoungGen      total 487936K, used 3323K [0x00000000e1400000, 0x0000000100000000, 0x0000000100000000)
  eden space 473088K, 0% used [0x00000000e1400000,0x00000000e1400000,0x00000000fe200000)
  from space 14848K, 22% used [0x00000000fe200000,0x00000000fe53ecb0,0x00000000ff080000)
  to   space 14848K, 0% used [0x00000000ff180000,0x00000000ff180000,0x0000000100000000)
 ParOldGen       total 56832K, used 47862K [0x00000000a3c00000, 0x00000000a7380000, 0x00000000e1400000)
  object space 56832K, 84% used [0x00000000a3c00000,0x00000000a6abdb28,0x00000000a7380000)
 Metaspace       used 22864K, capacity 24515K, committed 24652K, reserved 1071104K
  class space    used 3108K, capacity 3397K, committed 3404K, reserved 1048576K
}
Event: 410,656 GC heap before
{Heap before GC invocations=133 (full 1):
 PSYoungGen      total 487936K, used 476411K [0x00000000e1400000, 0x0000000100000000, 0x0000000100000000)
  eden space 473088K, 100% used [0x00000000e1400000,0x00000000fe200000,0x00000000fe200000)
  from space 14848K, 22% used [0x00000000fe200000,0x00000000fe53ecb0,0x00000000ff080000)
  to   space 14848K, 0% used [0x00000000ff180000,0x00000000ff180000,0x0000000100000000)
 ParOldGen       total 56832K, used 47862K [0x00000000a3c00000, 0x00000000a7380000, 0x00000000e1400000)
  object space 56832K, 84% used [0x00000000a3c00000,0x00000000a6abdb28,0x00000000a7380000)
 Metaspace       used 22864K, capacity 24515K, committed 24652K, reserved 1071104K
  class space    used 3108K, capacity 3397K, committed 3404K, reserved 1048576K
Event: 410,694 GC heap after
Heap after GC invocations=133 (full 1):
 PSYoungGen      total 486912K, used 7155K [0x00000000e1400000, 0x00000000ffe00000, 0x0000000100000000)
  eden space 474112K, 0% used [0x00000000e1400000,0x00000000e1400000,0x00000000fe300000)
  from space 12800K, 55% used [0x00000000ff180000,0x00000000ff87cfb8,0x00000000ffe00000)
  to   space 13824K, 0% used [0x00000000fe300000,0x00000000fe300000,0x00000000ff080000)
 ParOldGen       total 56832K, used 47878K [0x00000000a3c00000, 0x00000000a7380000, 0x00000000e1400000)
  object space 56832K, 84% used [0x00000000a3c00000,0x00000000a6ac1b28,0x00000000a7380000)
 Metaspace       used 22864K, capacity 24515K, committed 24652K, reserved 1071104K
  class space    used 3108K, capacity 3397K, committed 3404K, reserved 1048576K
}
Event: 413,753 GC heap before
{Heap before GC invocations=134 (full 1):
 PSYoungGen      total 486912K, used 481267K [0x00000000e1400000, 0x00000000ffe00000, 0x0000000100000000)
  eden space 474112K, 100% used [0x00000000e1400000,0x00000000fe300000,0x00000000fe300000)
  from space 12800K, 55% used [0x00000000ff180000,0x00000000ff87cfb8,0x00000000ffe00000)
  to   space 13824K, 0% used [0x00000000fe300000,0x00000000fe300000,0x00000000ff080000)
 ParOldGen       total 56832K, used 47878K [0x00000000a3c00000, 0x00000000a7380000, 0x00000000e1400000)
  object space 56832K, 84% used [0x00000000a3c00000,0x00000000a6ac1b28,0x00000000a7380000)
 Metaspace       used 22864K, capacity 24515K, committed 24652K, reserved 1071104K
  class space    used 3108K, capacity 3397K, committed 3404K, reserved 1048576K
Event: 415,736 GC heap after
Heap after GC invocations=134 (full 1):
 PSYoungGen      total 487936K, used 12356K [0x00000000e1400000, 0x0000000100000000, 0x0000000100000000)
  eden space 474112K, 0% used [0x00000000e1400000,0x00000000e1400000,0x00000000fe300000)
  from space 13824K, 89% used [0x00000000fe300000,0x00000000fef11100,0x00000000ff080000)
  to   space 15360K, 0% used [0x00000000ff100000,0x00000000ff100000,0x0000000100000000)
 ParOldGen       total 56832K, used 47886K [0x00000000a3c00000, 0x00000000a7380000, 0x00000000e1400000)
  object space 56832K, 84% used [0x00000000a3c00000,0x00000000a6ac3b28,0x00000000a7380000)
 Metaspace       used 22864K, capacity 24515K, committed 24652K, reserved 1071104K
  class space    used 3108K, capacity 3397K, committed 3404K, reserved 1048576K
}
Event: 423,693 GC heap before
{Heap before GC invocations=135 (full 1):
 PSYoungGen      total 487936K, used 486468K [0x00000000e1400000, 0x0000000100000000, 0x0000000100000000)
  eden space 474112K, 100% used [0x00000000e1400000,0x00000000fe300000,0x00000000fe300000)
  from space 13824K, 89% used [0x00000000fe300000,0x00000000fef11100,0x00000000ff080000)
  to   space 15360K, 0% used [0x00000000ff100000,0x00000000ff100000,0x0000000100000000)
 ParOldGen       total 56832K, used 47886K [0x00000000a3c00000, 0x00000000a7380000, 0x00000000e1400000)
  object space 56832K, 84% used [0x00000000a3c00000,0x00000000a6ac3b48,0x00000000a7380000)
 Metaspace       used 22864K, capacity 24515K, committed 24652K, reserved 1071104K
  class space    used 3108K, capacity 3397K, committed 3404K, reserved 1048576K
Event: 425,716 GC heap after
Heap after GC invocations=135 (full 1):
 PSYoungGen      total 487424K, used 10004K [0x00000000e1400000, 0x0000000100000000, 0x0000000100000000)
  eden space 472064K, 0% used [0x00000000e1400000,0x00000000e1400000,0x00000000fe100000)
  from space 15360K, 65% used [0x00000000ff100000,0x00000000ffac52e0,0x0000000100000000)
  to   space 15872K, 0% used [0x00000000fe100000,0x00000000fe100000,0x00000000ff080000)
 ParOldGen       total 56832K, used 47902K [0x00000000a3c00000, 0x00000000a7380000, 0x00000000e1400000)
  object space 56832K, 84% used [0x00000000a3c00000,0x00000000a6ac7b48,0x00000000a7380000)
 Metaspace       used 22864K, capacity 24515K, committed 24652K, reserved 1071104K
  class space    used 3108K, capacity 3397K, committed 3404K, reserved 1048576K
}

Deoptimization events (10 events):
Event: 162,459 Thread 0x00007fe3941e2800 Uncommon trap: reason=unstable_if action=reinterpret pc=0x00007fe385f92cc4 method=com.sun.openpisces.Renderer.curveBreakIntoLinesAndAdd(FFLcom/sun/openpisces/Curve;FF)V @ 218
Event: 167,927 Thread 0x00007fe318333800 Uncommon trap: reason=unstable_if action=reinterpret pc=0x00007fe386147028 method=br.inpe.psossl.algorithm.HBAE.addEquipmentWithEquipmentRelationshipII(Lbr/inpe/psossl/model/Solution;Lbr/inpe/psossl/model/Equipment;)V @ 649
Event: 173,960 Thread 0x00007fe394271800 Uncommon trap: reason=class_check action=maybe_recompile pc=0x00007fe3863fed40 method=java.lang.reflect.Array.newInstance(Ljava/lang/Class;I)Ljava/lang/Object; @ 2
Event: 173,962 Thread 0x00007fe394271800 Uncommon trap: reason=class_check action=maybe_recompile pc=0x00007fe3863fed40 method=java.lang.reflect.Array.newInstance(Ljava/lang/Class;I)Ljava/lang/Object; @ 2
Event: 173,962 Thread 0x00007fe394271800 Uncommon trap: reason=class_check action=maybe_recompile pc=0x00007fe3863fed40 method=java.lang.reflect.Array.newInstance(Ljava/lang/Class;I)Ljava/lang/Object; @ 2
Event: 173,980 Thread 0x00007fe394271800 Uncommon trap: reason=class_check action=maybe_recompile pc=0x00007fe3863fed40 method=java.lang.reflect.Array.newInstance(Ljava/lang/Class;I)Ljava/lang/Object; @ 2
Event: 208,612 Thread 0x00007fe3941e2800 Uncommon trap: reason=unstable_if action=reinterpret pc=0x00007fe38641962c method=com.sun.prism.impl.ManagedResource.bumpAge(I)V @ 7
Event: 222,745 Thread 0x00007fe394271800 Uncommon trap: reason=bimorphic action=maybe_recompile pc=0x00007fe385cfab54 method=javafx.scene.Node.impl_pickNode(Lcom/sun/javafx/geom/PickRay;Lcom/sun/javafx/scene/input/PickResultChooser;)V @ 82
Event: 232,229 Thread 0x00007fe394249000 Uncommon trap: reason=unstable_if action=reinterpret pc=0x00007fe385f4071c method=java.util.concurrent.locks.ReentrantLock$Sync.nonfairTryAcquire(I)Z @ 19
Event: 271,974 Thread 0x00007fe318333800 Uncommon trap: reason=unstable_if action=reinterpret pc=0x00007fe3863f57d4 method=br.inpe.psossl.algorithm.OptimizationAlgorithm.addEquipmentInRandomPosition(Lbr/inpe/psossl/model/Solution;Lbr/inpe/psossl/model/Equipment;Ljava/util/Random;)V @ 103

Internal exceptions (10 events):
Event: 3,870 Thread 0x00007fe394271800 Implicit null exception at 0x00007fe385523a9a to 0x00007fe385524481
Event: 18,046 Thread 0x00007fe394271800 Implicit null exception at 0x00007fe38595eed3 to 0x00007fe385960abd
Event: 18,083 Thread 0x00007fe394271800 Implicit null exception at 0x00007fe385a23ad6 to 0x00007fe385a23b7d
Event: 18,120 Thread 0x00007fe394271800 Implicit null exception at 0x00007fe385a2a267 to 0x00007fe385a2a341
Event: 18,305 Thread 0x00007fe394271800 Implicit null exception at 0x00007fe3859ba178 to 0x00007fe3859c24e9
Event: 21,923 Thread 0x00007fe394271800 Implicit null exception at 0x00007fe385a85bb5 to 0x00007fe385a86441
Event: 21,923 Thread 0x00007fe394271800 Implicit null exception at 0x00007fe3859d6fff to 0x00007fe3859d7cad
Event: 21,933 Thread 0x00007fe394271800 Implicit null exception at 0x00007fe38574a947 to 0x00007fe38574a999
Event: 160,459 Thread 0x00007fe318333800 Implicit null exception at 0x00007fe38598093c to 0x00007fe385980a01
Event: 160,649 Thread 0x00007fe3941e2800 Implicit null exception at 0x00007fe385fe9c25 to 0x00007fe385fea7d1

Events (10 events):
Event: 410,656 Executing VM operation: ParallelGCFailedAllocation
Event: 410,694 Executing VM operation: ParallelGCFailedAllocation done
Event: 413,460 Executing VM operation: ParallelGCFailedAllocation
Event: 416,051 Executing VM operation: ParallelGCFailedAllocation done
Event: 420,093 Executing VM operation: ParallelGCFailedAllocation
Event: 422,478 Executing VM operation: ParallelGCFailedAllocation done
Event: 422,963 Executing VM operation: ParallelGCSystemGC
Event: 426,526 Executing VM operation: ParallelGCSystemGC done
Event: 431,393 Executing VM operation: ParallelGCFailedAllocation
Event: 434,909 Executing VM operation: ParallelGCFailedAllocation done


Dynamic libraries:
00400000-00401000 r-xp 00000000 08:01 409331                             /usr/lib/jvm/java-8-oracle/bin/java
00600000-00601000 rw-p 00000000 08:01 409331                             /usr/lib/jvm/java-8-oracle/bin/java
01f7e000-01f9f000 rw-p 00000000 00:00 0                                  [heap]
40f8f000-4102d000 rw-p 00000000 00:00 0 
41c01000-41c03000 r-xs 00000000 08:01 2883748                            /tmp/gl9mnIal (deleted)
a3c00000-a7c00000 rw-p 00000000 00:00 0 
a7c80000-e1400000 ---p 00000000 00:00 0 
e1400000-100000000 rw-p 00000000 00:00 0 
100000000-100353000 rw-p 00000000 00:00 0 
100353000-140000000 ---p 00000000 00:00 0 
7fe30c000000-7fe30c296000 rw-p 00000000 00:00 0 
7fe30c296000-7fe310000000 ---p 00000000 00:00 0 
7fe310000000-7fe310021000 rw-p 00000000 00:00 0 
7fe310021000-7fe314000000 ---p 00000000 00:00 0 
7fe317c00000-7fe318000000 rw-s 00000000 00:04 101220392                  /SYSV00000000 (deleted)
7fe318000000-7fe31854b000 rw-p 00000000 00:00 0 
7fe31854b000-7fe31c000000 ---p 00000000 00:00 0 
7fe31c000000-7fe31c021000 rw-p 00000000 00:00 0 
7fe31c021000-7fe320000000 ---p 00000000 00:00 0 
7fe320000000-7fe320ea3000 rw-p 00000000 00:00 0 
7fe320ea3000-7fe324000000 ---p 00000000 00:00 0 
7fe324000000-7fe324021000 rw-p 00000000 00:00 0 
7fe324021000-7fe328000000 ---p 00000000 00:00 0 
7fe328000000-7fe328021000 rw-p 00000000 00:00 0 
7fe328021000-7fe32c000000 ---p 00000000 00:00 0 
7fe32c000000-7fe32c021000 rw-p 00000000 00:00 0 
7fe32c021000-7fe330000000 ---p 00000000 00:00 0 
7fe330000000-7fe332ae2000 rw-p 00000000 00:00 0 
7fe332ae2000-7fe334000000 ---p 00000000 00:00 0 
7fe334000000-7fe334929000 rw-p 00000000 00:00 0 
7fe334929000-7fe338000000 ---p 00000000 00:00 0 
7fe338000000-7fe339ad2000 rw-p 00000000 00:00 0 
7fe339ad2000-7fe33c000000 ---p 00000000 00:00 0 
7fe33c000000-7fe33d535000 rw-p 00000000 00:00 0 
7fe33d535000-7fe340000000 ---p 00000000 00:00 0 
7fe340000000-7fe340021000 rw-p 00000000 00:00 0 
7fe340021000-7fe344000000 ---p 00000000 00:00 0 
7fe344000000-7fe344021000 rw-p 00000000 00:00 0 
7fe344021000-7fe348000000 ---p 00000000 00:00 0 
7fe348000000-7fe348021000 rw-p 00000000 00:00 0 
7fe348021000-7fe34c000000 ---p 00000000 00:00 0 
7fe34c000000-7fe34c021000 rw-p 00000000 00:00 0 
7fe34c021000-7fe350000000 ---p 00000000 00:00 0 
7fe350000000-7fe350021000 rw-p 00000000 00:00 0 
7fe350021000-7fe354000000 ---p 00000000 00:00 0 
7fe354000000-7fe354021000 rw-p 00000000 00:00 0 
7fe354021000-7fe358000000 ---p 00000000 00:00 0 
7fe358000000-7fe358021000 rw-p 00000000 00:00 0 
7fe358021000-7fe35c000000 ---p 00000000 00:00 0 
7fe35c04e000-7fe35c10e000 rw-p 00000000 00:00 0 
7fe35c10e000-7fe35c24e000 ---p 00000000 00:00 0 
7fe35c24e000-7fe35c64e000 rw-s 8db6b000 00:05 10641                      /dev/nvidia0
7fe35c74d000-7fe35c750000 ---p 00000000 00:00 0 
7fe35c750000-7fe35c84e000 rw-p 00000000 00:00 0                          [stack:31007]
7fe35c84e000-7fe35cc4e000 rw-s 0a18e000 00:05 10641                      /dev/nvidia0
7fe35cd4e000-7fe35cf4e000 rw-s 1b5b95000 00:05 10641                     /dev/nvidia0
7fe35cf4e000-7fe35db09000 rw-p 00000000 00:00 0 
7fe35dbc3000-7fe35dcc3000 rw-s 119edc000 00:05 10641                     /dev/nvidia0
7fe35dcc3000-7fe35dec3000 rw-p 00000000 00:00 0 
7fe35dec3000-7fe35df6d000 r--p 00000000 08:01 1311974                    /usr/share/fonts/truetype/dejavu/DejaVuSans-Bold.ttf
7fe35df6d000-7fe35e16d000 rw-p 00000000 00:00 0 
7fe35e16d000-7fe35e180000 r--s 00344000 08:01 409121                     /usr/lib/jvm/java-8-oracle/jre/lib/resources.jar
7fe35e180000-7fe35e380000 rw-p 00000000 00:00 0 
7fe35e380000-7fe35e383000 ---p 00000000 00:00 0 
7fe35e383000-7fe35e481000 rw-p 00000000 00:00 0                          [stack:30970]
7fe35e481000-7fe35e537000 r--p 00000000 08:01 1311978                    /usr/share/fonts/truetype/dejavu/DejaVuSans.ttf
7fe35e537000-7fe35e5e2000 r--p 00000000 08:01 409091                     /usr/lib/jvm/java-8-oracle/jre/lib/fonts/LucidaSansRegular.ttf
7fe35e5e2000-7fe35e61c000 r--p 00000000 08:01 409090                     /usr/lib/jvm/java-8-oracle/jre/lib/fonts/LucidaTypewriterBold.ttf
7fe35e61c000-7fe35e62f000 r--p 00000000 08:01 409089                     /usr/lib/jvm/java-8-oracle/jre/lib/fonts/LucidaBrightDemiItalic.ttf
7fe35e62f000-7fe35e67d000 r--p 00000000 08:01 409088                     /usr/lib/jvm/java-8-oracle/jre/lib/fonts/LucidaSansDemiBold.ttf
7fe35e67d000-7fe35e6b9000 r--p 00000000 08:01 409086                     /usr/lib/jvm/java-8-oracle/jre/lib/fonts/LucidaTypewriterRegular.ttf
7fe35e6b9000-7fe35e6cd000 r--p 00000000 08:01 409085                     /usr/lib/jvm/java-8-oracle/jre/lib/fonts/LucidaBrightItalic.ttf
7fe35e6cd000-7fe35e6e0000 r--p 00000000 08:01 409084                     /usr/lib/jvm/java-8-oracle/jre/lib/fonts/LucidaBrightDemiBold.ttf
7fe35e6e0000-7fe35e735000 r--p 00000000 08:01 409083                     /usr/lib/jvm/java-8-oracle/jre/lib/fonts/LucidaBrightRegular.ttf
7fe35e735000-7fe35e739000 r-xp 00000000 08:01 409017                     /usr/lib/jvm/java-8-oracle/jre/lib/amd64/libjavafx_font_pango.so
7fe35e739000-7fe35e938000 ---p 00004000 08:01 409017                     /usr/lib/jvm/java-8-oracle/jre/lib/amd64/libjavafx_font_pango.so
7fe35e938000-7fe35e939000 r--p 00003000 08:01 409017                     /usr/lib/jvm/java-8-oracle/jre/lib/amd64/libjavafx_font_pango.so
7fe35e939000-7fe35e93a000 rw-p 00004000 08:01 409017                     /usr/lib/jvm/java-8-oracle/jre/lib/amd64/libjavafx_font_pango.so
7fe35e93a000-7fe35e93f000 r--s 00083000 08:01 409079                     /usr/lib/jvm/java-8-oracle/jre/lib/jfr.jar
7fe35e93f000-7fe35eb3f000 rw-p 00000000 00:00 0 
7fe35eb3f000-7fe35eb4d000 r--s 00000000 08:01 670179                     /var/cache/fontconfig/6aa41aa22e18b8fa06a12da28ea9c28b-le64.cache-4
7fe35eb4d000-7fe35eb58000 r--s 00000000 08:01 670177                     /var/cache/fontconfig/945677eb7aeaf62f1d50efc3fb3ec7d8-le64.cache-4
7fe35eb58000-7fe35eb5a000 r--s 00000000 08:01 670175                     /var/cache/fontconfig/99e8ed0e538f840c565b6ed5dad60d56-le64.cache-4
7fe35eb5a000-7fe35eb61000 r--s 00000000 08:01 670171                     /var/cache/fontconfig/a755afe4a08bf5b97852ceb7400b47bc-le64.cache-4
7fe35eb61000-7fe35eb6d000 r--s 00000000 08:01 670170                     /var/cache/fontconfig/6d41288fd70b0be22e8c3a91e032eec0-le64.cache-4
7fe35eb6d000-7fe35eb81000 r--s 00000000 08:01 670169                     /var/cache/fontconfig/04aabc0a78ac019cf9454389977116d2-le64.cache-4
7fe35eb81000-7fe35eb93000 r--s 00000000 08:01 670122                     /var/cache/fontconfig/0bd3dc0958fa2205aaaa8ebb13e2872b-le64.cache-4
7fe35eb93000-7fe35eb9a000 r--s 00000000 08:01 670120                     /var/cache/fontconfig/3047814df9a2f067bd2d96a2b9c36e5a-le64.cache-4
7fe35eb9a000-7fe35ebb8000 r--s 00000000 08:01 663921                     /var/cache/fontconfig/467c019e582ee353435ea5c21d137ef6-le64.cache-4
7fe35ebb8000-7fe35ebbd000 r-xp 00000000 08:01 409069                     /usr/lib/jvm/java-8-oracle/jre/lib/amd64/libjavafx_font_freetype.so
7fe35ebbd000-7fe35edbc000 ---p 00005000 08:01 409069                     /usr/lib/jvm/java-8-oracle/jre/lib/amd64/libjavafx_font_freetype.so
7fe35edbc000-7fe35edbd000 r--p 00004000 08:01 409069                     /usr/lib/jvm/java-8-oracle/jre/lib/amd64/libjavafx_font_freetype.so
7fe35edbd000-7fe35edbe000 rw-p 00005000 08:01 409069                     /usr/lib/jvm/java-8-oracle/jre/lib/amd64/libjavafx_font_freetype.so
7fe35edbe000-7fe35edda000 r--s 00393000 08:01 409109                     /usr/lib/jvm/java-8-oracle/jre/lib/ext/cldrdata.jar
7fe35edda000-7fe35eddd000 r-xp 00000000 08:01 409068                     /usr/lib/jvm/java-8-oracle/jre/lib/amd64/libjavafx_font.so
7fe35eddd000-7fe35efdc000 ---p 00003000 08:01 409068                     /usr/lib/jvm/java-8-oracle/jre/lib/amd64/libjavafx_font.so
7fe35efdc000-7fe35efdd000 r--p 00002000 08:01 409068                     /usr/lib/jvm/java-8-oracle/jre/lib/amd64/libjavafx_font.so
7fe35efdd000-7fe35efde000 rw-p 00003000 08:01 409068                     /usr/lib/jvm/java-8-oracle/jre/lib/amd64/libjavafx_font.so
7fe35efde000-7fe35f1de000 rw-p 00000000 00:00 0 
7fe35f1de000-7fe35f3de000 rw-p 00000000 00:00 0 
7fe35f3de000-7fe35f3e1000 ---p 00000000 00:00 0 
7fe35f3e1000-7fe35f4df000 rw-p 00000000 00:00 0                          [stack:30969]
7fe35f4df000-7fe35f56b000 r--s 00fea000 00:1a 22151303                   /home/gustavo/Projetos/psossl/psossl/lib/jfxrt.jar
7fe35f56b000-7fe35f56e000 ---p 00000000 00:00 0 
7fe35f56e000-7fe35f66c000 rw-p 00000000 00:00 0                          [stack:30968]
7fe35f66c000-7fe35f66f000 ---p 00000000 00:00 0 
7fe35f66f000-7fe35f76d000 rw-p 00000000 00:00 0                          [stack:30967]
7fe35f76d000-7fe35f79c000 r-xp 00000000 08:01 789579                     /usr/lib/x86_64-linux-gnu/gtk-2.0/2.10.0/engines/libmurrine.so
7fe35f79c000-7fe35f99c000 ---p 0002f000 08:01 789579                     /usr/lib/x86_64-linux-gnu/gtk-2.0/2.10.0/engines/libmurrine.so
7fe35f99c000-7fe35f99d000 r--p 0002f000 08:01 789579                     /usr/lib/x86_64-linux-gnu/gtk-2.0/2.10.0/engines/libmurrine.so
7fe35f99d000-7fe35f99e000 rw-p 00030000 08:01 789579                     /usr/lib/x86_64-linux-gnu/gtk-2.0/2.10.0/engines/libmurrine.so
7fe35f99e000-7fe35f9a7000 r-xp 00000000 08:01 788024                     /usr/lib/x86_64-linux-gnu/gtk-2.0/2.10.0/engines/libpixmap.so
7fe35f9a7000-7fe35fba7000 ---p 00009000 08:01 788024                     /usr/lib/x86_64-linux-gnu/gtk-2.0/2.10.0/engines/libpixmap.so
7fe35fba7000-7fe35fba8000 r--p 00009000 08:01 788024                     /usr/lib/x86_64-linux-gnu/gtk-2.0/2.10.0/engines/libpixmap.so
7fe35fba8000-7fe35fba9000 rw-p 0000a000 08:01 788024                     /usr/lib/x86_64-linux-gnu/gtk-2.0/2.10.0/engines/libpixmap.so
7fe35fba9000-7fe35fbd2000 r--p 00000000 08:01 809234                     /usr/share/locale-langpack/pt/LC_MESSAGES/gtk20-properties.mo
7fe35fbd2000-7fe35fbfd000 r-xp 00000000 08:01 409050                     /usr/lib/jvm/java-8-oracle/jre/lib/amd64/libglass.so
7fe35fbfd000-7fe35fdfc000 ---p 0002b000 08:01 409050                     /usr/lib/jvm/java-8-oracle/jre/lib/amd64/libglass.so
7fe35fdfc000-7fe35fdfe000 r--p 0002a000 08:01 409050                     /usr/lib/jvm/java-8-oracle/jre/lib/amd64/libglass.so
7fe35fdfe000-7fe35fdff000 rw-p 0002c000 08:01 409050                     /usr/lib/jvm/java-8-oracle/jre/lib/amd64/libglass.so
7fe35fdff000-7fe35fe00000 rw-p 00000000 00:00 0 
7fe35fe00000-7fe360000000 rw-s 1b20db000 00:05 10641                     /dev/nvidia0
7fe360000000-7fe360021000 rw-p 00000000 00:00 0 
7fe360021000-7fe364000000 ---p 00000000 00:00 0 
7fe364000000-7fe364006000 r--s 00000000 08:01 670174                     /var/cache/fontconfig/2cd17615ca594fa2959ae173292e504c-le64.cache-4
7fe364006000-7fe36402f000 r--p 00000000 08:01 929216                     /usr/share/locale-langpack/pt_BR/LC_MESSAGES/gtk20-properties.mo
7fe36402f000-7fe364048000 r--p 00000000 08:01 809428                     /usr/share/locale-langpack/pt/LC_MESSAGES/libc.mo
7fe364048000-7fe364248000 rw-s 1409c2000 00:05 10641                     /dev/nvidia0
7fe364248000-7fe364448000 rw-s 11a433000 00:05 10641                     /dev/nvidia0
7fe364448000-7fe364548000 rw-s 1055c4000 00:05 10641                     /dev/nvidia0
7fe364548000-7fe36454e000 r-xp 00000000 08:01 402418                     /usr/lib/x86_64-linux-gnu/libdatrie.so.1.3.1
7fe36454e000-7fe36474d000 ---p 00006000 08:01 402418                     /usr/lib/x86_64-linux-gnu/libdatrie.so.1.3.1
7fe36474d000-7fe36474e000 r--p 00005000 08:01 402418                     /usr/lib/x86_64-linux-gnu/libdatrie.so.1.3.1
7fe36474e000-7fe36474f000 rw-p 00006000 08:01 402418                     /usr/lib/x86_64-linux-gnu/libdatrie.so.1.3.1
7fe36474f000-7fe364754000 r-xp 00000000 08:01 402213                     /usr/lib/x86_64-linux-gnu/libXdmcp.so.6.0.0
7fe364754000-7fe364953000 ---p 00005000 08:01 402213                     /usr/lib/x86_64-linux-gnu/libXdmcp.so.6.0.0
7fe364953000-7fe364954000 r--p 00004000 08:01 402213                     /usr/lib/x86_64-linux-gnu/libXdmcp.so.6.0.0
7fe364954000-7fe364955000 rw-p 00005000 08:01 402213                     /usr/lib/x86_64-linux-gnu/libXdmcp.so.6.0.0
7fe364955000-7fe364957000 r-xp 00000000 08:01 402202                     /usr/lib/x86_64-linux-gnu/libXau.so.6.0.0
7fe364957000-7fe364b57000 ---p 00002000 08:01 402202                     /usr/lib/x86_64-linux-gnu/libXau.so.6.0.0
7fe364b57000-7fe364b58000 r--p 00002000 08:01 402202                     /usr/lib/x86_64-linux-gnu/libXau.so.6.0.0
7fe364b58000-7fe364b59000 rw-p 00003000 08:01 402202                     /usr/lib/x86_64-linux-gnu/libXau.so.6.0.0
7fe364b59000-7fe364b73000 r-xp 00000000 08:01 402691                     /usr/lib/x86_64-linux-gnu/libgraphite2.so.3.0.1
7fe364b73000-7fe364d72000 ---p 0001a000 08:01 402691                     /usr/lib/x86_64-linux-gnu/libgraphite2.so.3.0.1
7fe364d72000-7fe364d74000 r--p 00019000 08:01 402691                     /usr/lib/x86_64-linux-gnu/libgraphite2.so.3.0.1
7fe364d74000-7fe364d75000 rw-p 0001b000 08:01 402691                     /usr/lib/x86_64-linux-gnu/libgraphite2.so.3.0.1
7fe364d75000-7fe3668dd000 r-xp 00000000 08:01 526731                     /usr/lib/nvidia-331/libnvidia-glcore.so.331.113
7fe3668dd000-7fe366adc000 ---p 01b68000 08:01 526731                     /usr/lib/nvidia-331/libnvidia-glcore.so.331.113
7fe366adc000-7fe367567000 rwxp 01b67000 08:01 526731                     /usr/lib/nvidia-331/libnvidia-glcore.so.331.113
7fe367567000-7fe367584000 rwxp 00000000 00:00 0 
7fe367584000-7fe367587000 r-xp 00000000 08:01 673863                     /usr/lib/nvidia-331/tls/libnvidia-tls.so.331.113
7fe367587000-7fe367786000 ---p 00003000 08:01 673863                     /usr/lib/nvidia-331/tls/libnvidia-tls.so.331.113
7fe367786000-7fe367787000 rw-p 00002000 08:01 673863                     /usr/lib/nvidia-331/tls/libnvidia-tls.so.331.113
7fe367787000-7fe3677c4000 r-xp 00000000 08:01 2101616                    /lib/x86_64-linux-gnu/libpcre.so.3.13.1
7fe3677c4000-7fe3679c3000 ---p 0003d000 08:01 2101616                    /lib/x86_64-linux-gnu/libpcre.so.3.13.1
7fe3679c3000-7fe3679c4000 r--p 0003c000 08:01 2101616                    /lib/x86_64-linux-gnu/libpcre.so.3.13.1
7fe3679c4000-7fe3679c5000 rw-p 0003d000 08:01 2101616                    /lib/x86_64-linux-gnu/libpcre.so.3.13.1
7fe3679c5000-7fe3679cc000 r-xp 00000000 08:01 402515                     /usr/lib/x86_64-linux-gnu/libffi.so.6.0.1
7fe3679cc000-7fe367bcb000 ---p 00007000 08:01 402515                     /usr/lib/x86_64-linux-gnu/libffi.so.6.0.1
7fe367bcb000-7fe367bcc000 r--p 00006000 08:01 402515                     /usr/lib/x86_64-linux-gnu/libffi.so.6.0.1
7fe367bcc000-7fe367bcd000 rw-p 00007000 08:01 402515                     /usr/lib/x86_64-linux-gnu/libffi.so.6.0.1
7fe367bcd000-7fe367bf4000 r-xp 00000000 08:01 2101534                    /lib/x86_64-linux-gnu/libexpat.so.1.6.0
7fe367bf4000-7fe367df4000 ---p 00027000 08:01 2101534                    /lib/x86_64-linux-gnu/libexpat.so.1.6.0
7fe367df4000-7fe367df6000 r--p 00027000 08:01 2101534                    /lib/x86_64-linux-gnu/libexpat.so.1.6.0
7fe367df6000-7fe367df7000 rw-p 00029000 08:01 2101534                    /lib/x86_64-linux-gnu/libexpat.so.1.6.0
7fe367df7000-7fe367dff000 r-xp 00000000 08:01 403248                     /usr/lib/x86_64-linux-gnu/libthai.so.0.2.0
7fe367dff000-7fe367ffe000 ---p 00008000 08:01 403248                     /usr/lib/x86_64-linux-gnu/libthai.so.0.2.0
7fe367ffe000-7fe367fff000 r--p 00007000 08:01 403248                     /usr/lib/x86_64-linux-gnu/libthai.so.0.2.0
7fe367fff000-7fe368000000 rw-p 00008000 08:01 403248                     /usr/lib/x86_64-linux-gnu/libthai.so.0.2.0
7fe368000000-7fe368021000 rw-p 00000000 00:00 0 
7fe368021000-7fe36c000000 ---p 00000000 00:00 0 
7fe36c000000-7fe36c005000 r--s 00000000 08:01 670121                     /var/cache/fontconfig/8801497958630a81b71ace7c5f9b32a8-le64.cache-4
7fe36c005000-7fe36c018000 r--s 00000000 08:01 668933                     /var/cache/fontconfig/d52a8644073d54c13679302ca1180695-le64.cache-4
7fe36c018000-7fe36c03a000 r--p 00000000 08:01 929419                     /usr/share/locale-langpack/pt_BR/LC_MESSAGES/libc.mo
7fe36c03a000-7fe36c05a000 rw-s c01a0000 00:05 10641                      /dev/nvidia0
7fe36c05a000-7fe36c11e000 rw-s a959e000 00:05 10641                      /dev/nvidia0
7fe36c11e000-7fe36c13b000 r-xp 00000000 08:01 403387                     /usr/lib/x86_64-linux-gnu/libxcb.so.1.1.0
7fe36c13b000-7fe36c33b000 ---p 0001d000 08:01 403387                     /usr/lib/x86_64-linux-gnu/libxcb.so.1.1.0
7fe36c33b000-7fe36c33c000 r--p 0001d000 08:01 403387                     /usr/lib/x86_64-linux-gnu/libxcb.so.1.1.0
7fe36c33c000-7fe36c33d000 rw-p 0001e000 08:01 403387                     /usr/lib/x86_64-linux-gnu/libxcb.so.1.1.0
7fe36c33d000-7fe36c345000 r-xp 00000000 08:01 403369                     /usr/lib/x86_64-linux-gnu/libxcb-render.so.0.0.0
7fe36c345000-7fe36c544000 ---p 00008000 08:01 403369                     /usr/lib/x86_64-linux-gnu/libxcb-render.so.0.0.0
7fe36c544000-7fe36c545000 r--p 00007000 08:01 403369                     /usr/lib/x86_64-linux-gnu/libxcb-render.so.0.0.0
7fe36c545000-7fe36c546000 rw-p 00008000 08:01 403369                     /usr/lib/x86_64-linux-gnu/libxcb-render.so.0.0.0
7fe36c546000-7fe36c548000 r-xp 00000000 08:01 403373                     /usr/lib/x86_64-linux-gnu/libxcb-shm.so.0.0.0
7fe36c548000-7fe36c747000 ---p 00002000 08:01 403373                     /usr/lib/x86_64-linux-gnu/libxcb-shm.so.0.0.0
7fe36c747000-7fe36c748000 r--p 00001000 08:01 403373                     /usr/lib/x86_64-linux-gnu/libxcb-shm.so.0.0.0
7fe36c748000-7fe36c749000 rw-p 00002000 08:01 403373                     /usr/lib/x86_64-linux-gnu/libxcb-shm.so.0.0.0
7fe36c749000-7fe36c76e000 r-xp 00000000 08:01 2101628                    /lib/x86_64-linux-gnu/libpng12.so.0.50.0
7fe36c76e000-7fe36c96d000 ---p 00025000 08:01 2101628                    /lib/x86_64-linux-gnu/libpng12.so.0.50.0
7fe36c96d000-7fe36c96e000 r--p 00024000 08:01 2101628                    /lib/x86_64-linux-gnu/libpng12.so.0.50.0
7fe36c96e000-7fe36c96f000 rw-p 00025000 08:01 2101628                    /lib/x86_64-linux-gnu/libpng12.so.0.50.0
7fe36c96f000-7fe36ca10000 r-xp 00000000 08:01 403088                     /usr/lib/x86_64-linux-gnu/libpixman-1.so.0.30.2
7fe36ca10000-7fe36cc10000 ---p 000a1000 08:01 403088                     /usr/lib/x86_64-linux-gnu/libpixman-1.so.0.30.2
7fe36cc10000-7fe36cc17000 r--p 000a1000 08:01 403088                     /usr/lib/x86_64-linux-gnu/libpixman-1.so.0.30.2
7fe36cc17000-7fe36cc18000 rw-p 000a8000 08:01 403088                     /usr/lib/x86_64-linux-gnu/libpixman-1.so.0.30.2
7fe36cc18000-7fe36cc6b000 r-xp 00000000 08:01 402819                     /usr/lib/x86_64-linux-gnu/libharfbuzz.so.0.927.0
7fe36cc6b000-7fe36ce6b000 ---p 00053000 08:01 402819                     /usr/lib/x86_64-linux-gnu/libharfbuzz.so.0.927.0
7fe36ce6b000-7fe36ce6c000 r--p 00053000 08:01 402819                     /usr/lib/x86_64-linux-gnu/libharfbuzz.so.0.927.0
7fe36ce6c000-7fe36ce6d000 rw-p 00054000 08:01 402819                     /usr/lib/x86_64-linux-gnu/libharfbuzz.so.0.927.0
7fe36ce6d000-7fe36ce84000 r-xp 00000000 08:01 2105365                    /lib/x86_64-linux-gnu/libresolv-2.19.so
7fe36ce84000-7fe36d084000 ---p 00017000 08:01 2105365                    /lib/x86_64-linux-gnu/libresolv-2.19.so
7fe36d084000-7fe36d085000 r--p 00017000 08:01 2105365                    /lib/x86_64-linux-gnu/libresolv-2.19.so
7fe36d085000-7fe36d086000 rw-p 00018000 08:01 2105365                    /lib/x86_64-linux-gnu/libresolv-2.19.so
7fe36d086000-7fe36d088000 rw-p 00000000 00:00 0 
7fe36d088000-7fe36d0a8000 r-xp 00000000 08:01 2101643                    /lib/x86_64-linux-gnu/libselinux.so.1
7fe36d0a8000-7fe36d2a7000 ---p 00020000 08:01 2101643                    /lib/x86_64-linux-gnu/libselinux.so.1
7fe36d2a7000-7fe36d2a8000 r--p 0001f000 08:01 2101643                    /lib/x86_64-linux-gnu/libselinux.so.1
7fe36d2a8000-7fe36d2a9000 rw-p 00020000 08:01 2101643                    /lib/x86_64-linux-gnu/libselinux.so.1
7fe36d2a9000-7fe36d2ab000 rw-p 00000000 00:00 0 
7fe36d2ab000-7fe36d2c3000 r-xp 00000000 08:01 2101676                    /lib/x86_64-linux-gnu/libz.so.1.2.8
7fe36d2c3000-7fe36d4c2000 ---p 00018000 08:01 2101676                    /lib/x86_64-linux-gnu/libz.so.1.2.8
7fe36d4c2000-7fe36d4c3000 r--p 00017000 08:01 2101676                    /lib/x86_64-linux-gnu/libz.so.1.2.8
7fe36d4c3000-7fe36d4c4000 rw-p 00018000 08:01 2101676                    /lib/x86_64-linux-gnu/libz.so.1.2.8
7fe36d4c4000-7fe36d4d5000 r-xp 00000000 08:01 402215                     /usr/lib/x86_64-linux-gnu/libXext.so.6.4.0
7fe36d4d5000-7fe36d6d4000 ---p 00011000 08:01 402215                     /usr/lib/x86_64-linux-gnu/libXext.so.6.4.0
7fe36d6d4000-7fe36d6d5000 r--p 00010000 08:01 402215                     /usr/lib/x86_64-linux-gnu/libXext.so.6.4.0
7fe36d6d5000-7fe36d6d6000 rw-p 00011000 08:01 402215                     /usr/lib/x86_64-linux-gnu/libXext.so.6.4.0
7fe36d6d6000-7fe36d6d8000 r-xp 00000000 08:01 402211                     /usr/lib/x86_64-linux-gnu/libXdamage.so.1.1.0
7fe36d6d8000-7fe36d8d7000 ---p 00002000 08:01 402211                     /usr/lib/x86_64-linux-gnu/libXdamage.so.1.1.0
7fe36d8d7000-7fe36d8d8000 r--p 00001000 08:01 402211                     /usr/lib/x86_64-linux-gnu/libXdamage.so.1.1.0
7fe36d8d8000-7fe36d8d9000 rw-p 00002000 08:01 402211                     /usr/lib/x86_64-linux-gnu/libXdamage.so.1.1.0
7fe36d8d9000-7fe36d8db000 r-xp 00000000 08:01 402207                     /usr/lib/x86_64-linux-gnu/libXcomposite.so.1.0.0
7fe36d8db000-7fe36dada000 ---p 00002000 08:01 402207                     /usr/lib/x86_64-linux-gnu/libXcomposite.so.1.0.0
7fe36dada000-7fe36dadb000 r--p 00001000 08:01 402207                     /usr/lib/x86_64-linux-gnu/libXcomposite.so.1.0.0
7fe36dadb000-7fe36dadc000 rw-p 00002000 08:01 402207                     /usr/lib/x86_64-linux-gnu/libXcomposite.so.1.0.0
7fe36dadc000-7fe36dae5000 r-xp 00000000 08:01 402209                     /usr/lib/x86_64-linux-gnu/libXcursor.so.1.0.2
7fe36dae5000-7fe36dce4000 ---p 00009000 08:01 402209                     /usr/lib/x86_64-linux-gnu/libXcursor.so.1.0.2
7fe36dce4000-7fe36dce5000 r--p 00008000 08:01 402209                     /usr/lib/x86_64-linux-gnu/libXcursor.so.1.0.2
7fe36dce5000-7fe36dce6000 rw-p 00009000 08:01 402209                     /usr/lib/x86_64-linux-gnu/libXcursor.so.1.0.2
7fe36dce6000-7fe36dcef000 r-xp 00000000 08:01 402233                     /usr/lib/x86_64-linux-gnu/libXrandr.so.2.2.0
7fe36dcef000-7fe36deee000 ---p 00009000 08:01 402233                     /usr/lib/x86_64-linux-gnu/libXrandr.so.2.2.0
7fe36deee000-7fe36deef000 r--p 00008000 08:01 402233                     /usr/lib/x86_64-linux-gnu/libXrandr.so.2.2.0
7fe36deef000-7fe36def0000 rw-p 00009000 08:01 402233                     /usr/lib/x86_64-linux-gnu/libXrandr.so.2.2.0
7fe36def0000-7fe36deff000 r-xp 00000000 08:01 402223                     /usr/lib/x86_64-linux-gnu/libXi.so.6.1.0
7fe36deff000-7fe36e0fe000 ---p 0000f000 08:01 402223                     /usr/lib/x86_64-linux-gnu/libXi.so.6.1.0
7fe36e0fe000-7fe36e0ff000 r--p 0000e000 08:01 402223                     /usr/lib/x86_64-linux-gnu/libXi.so.6.1.0
7fe36e0ff000-7fe36e100000 rw-p 0000f000 08:01 402223                     /usr/lib/x86_64-linux-gnu/libXi.so.6.1.0
7fe36e100000-7fe36e102000 r-xp 00000000 08:01 402225                     /usr/lib/x86_64-linux-gnu/libXinerama.so.1.0.0
7fe36e102000-7fe36e301000 ---p 00002000 08:01 402225                     /usr/lib/x86_64-linux-gnu/libXinerama.so.1.0.0
7fe36e301000-7fe36e302000 r--p 00001000 08:01 402225                     /usr/lib/x86_64-linux-gnu/libXinerama.so.1.0.0
7fe36e302000-7fe36e303000 rw-p 00002000 08:01 402225                     /usr/lib/x86_64-linux-gnu/libXinerama.so.1.0.0
7fe36e303000-7fe36e30c000 r-xp 00000000 08:01 402235                     /usr/lib/x86_64-linux-gnu/libXrender.so.1.3.0
7fe36e30c000-7fe36e50b000 ---p 00009000 08:01 402235                     /usr/lib/x86_64-linux-gnu/libXrender.so.1.3.0
7fe36e50b000-7fe36e50c000 r--p 00008000 08:01 402235                     /usr/lib/x86_64-linux-gnu/libXrender.so.1.3.0
7fe36e50c000-7fe36e50d000 rw-p 00009000 08:01 402235                     /usr/lib/x86_64-linux-gnu/libXrender.so.1.3.0
7fe36e50d000-7fe36e512000 r-xp 00000000 08:01 402217                     /usr/lib/x86_64-linux-gnu/libXfixes.so.3.1.0
7fe36e512000-7fe36e711000 ---p 00005000 08:01 402217                     /usr/lib/x86_64-linux-gnu/libXfixes.so.3.1.0
7fe36e711000-7fe36e712000 r--p 00004000 08:01 402217                     /usr/lib/x86_64-linux-gnu/libXfixes.so.3.1.0
7fe36e712000-7fe36e713000 rw-p 00005000 08:01 402217                     /usr/lib/x86_64-linux-gnu/libXfixes.so.3.1.0
7fe36e713000-7fe36e729000 r-xp 00000000 08:01 2101539                    /lib/x86_64-linux-gnu/libgcc_s.so.1
7fe36e729000-7fe36e928000 ---p 00016000 08:01 2101539                    /lib/x86_64-linux-gnu/libgcc_s.so.1
7fe36e928000-7fe36e929000 rw-p 00015000 08:01 2101539                    /lib/x86_64-linux-gnu/libgcc_s.so.1
7fe36e929000-7fe36ea0f000 r-xp 00000000 08:01 403228                     /usr/lib/x86_64-linux-gnu/libstdc++.so.6.0.19
7fe36ea0f000-7fe36ec0e000 ---p 000e6000 08:01 403228                     /usr/lib/x86_64-linux-gnu/libstdc++.so.6.0.19
7fe36ec0e000-7fe36ec16000 r--p 000e5000 08:01 403228                     /usr/lib/x86_64-linux-gnu/libstdc++.so.6.0.19
7fe36ec16000-7fe36ec18000 rw-p 000ed000 08:01 403228                     /usr/lib/x86_64-linux-gnu/libstdc++.so.6.0.19
7fe36ec18000-7fe36ec2d000 rw-p 00000000 00:00 0 
7fe36ec2d000-7fe36ed0a000 r-xp 00000000 08:01 526708                     /usr/lib/nvidia-331/libGL.so.331.113
7fe36ed0a000-7fe36ef09000 ---p 000dd000 08:01 526708                     /usr/lib/nvidia-331/libGL.so.331.113
7fe36ef09000-7fe36ef49000 rwxp 000dc000 08:01 526708                     /usr/lib/nvidia-331/libGL.so.331.113
7fe36ef49000-7fe36ef60000 rwxp 00000000 00:00 0 
7fe36ef60000-7fe36ef64000 r-xp 00000000 08:01 402251                     /usr/lib/x86_64-linux-gnu/libXxf86vm.so.1.0.0
7fe36ef64000-7fe36f164000 ---p 00004000 08:01 402251                     /usr/lib/x86_64-linux-gnu/libXxf86vm.so.1.0.0
7fe36f164000-7fe36f165000 r--p 00004000 08:01 402251                     /usr/lib/x86_64-linux-gnu/libXxf86vm.so.1.0.0
7fe36f165000-7fe36f166000 rw-p 00005000 08:01 402251                     /usr/lib/x86_64-linux-gnu/libXxf86vm.so.1.0.0
7fe36f166000-7fe36f296000 r-xp 00000000 08:01 402198                     /usr/lib/x86_64-linux-gnu/libX11.so.6.3.0
7fe36f296000-7fe36f496000 ---p 00130000 08:01 402198                     /usr/lib/x86_64-linux-gnu/libX11.so.6.3.0
7fe36f496000-7fe36f497000 r--p 00130000 08:01 402198                     /usr/lib/x86_64-linux-gnu/libX11.so.6.3.0
7fe36f497000-7fe36f49b000 rw-p 00131000 08:01 402198                     /usr/lib/x86_64-linux-gnu/libX11.so.6.3.0
7fe36f49b000-7fe36f4a0000 r-xp 00000000 08:01 402241                     /usr/lib/x86_64-linux-gnu/libXtst.so.6.1.0
7fe36f4a0000-7fe36f69f000 ---p 00005000 08:01 402241                     /usr/lib/x86_64-linux-gnu/libXtst.so.6.1.0
7fe36f69f000-7fe36f6a0000 r--p 00004000 08:01 402241                     /usr/lib/x86_64-linux-gnu/libXtst.so.6.1.0
7fe36f6a0000-7fe36f6a1000 rw-p 00005000 08:01 402241                     /usr/lib/x86_64-linux-gnu/libXtst.so.6.1.0
7fe36f6a1000-7fe36f7a7000 r-xp 00000000 08:01 2101543                    /lib/x86_64-linux-gnu/libglib-2.0.so.0.4002.0
7fe36f7a7000-7fe36f9a6000 ---p 00106000 08:01 2101543                    /lib/x86_64-linux-gnu/libglib-2.0.so.0.4002.0
7fe36f9a6000-7fe36f9a7000 r--p 00105000 08:01 2101543                    /lib/x86_64-linux-gnu/libglib-2.0.so.0.4002.0
7fe36f9a7000-7fe36f9a8000 rw-p 00106000 08:01 2101543                    /lib/x86_64-linux-gnu/libglib-2.0.so.0.4002.0
7fe36f9a8000-7fe36f9a9000 rw-p 00000000 00:00 0 
7fe36f9a9000-7fe36f9aa000 r-xp 00000000 08:01 402797                     /usr/lib/x86_64-linux-gnu/libgthread-2.0.so.0.4002.0
7fe36f9aa000-7fe36fba9000 ---p 00001000 08:01 402797                     /usr/lib/x86_64-linux-gnu/libgthread-2.0.so.0.4002.0
7fe36fba9000-7fe36fbaa000 r--p 00000000 08:01 402797                     /usr/lib/x86_64-linux-gnu/libgthread-2.0.so.0.4002.0
7fe36fbaa000-7fe36fbab000 rw-p 00001000 08:01 402797                     /usr/lib/x86_64-linux-gnu/libgthread-2.0.so.0.4002.0
7fe36fbab000-7fe36fbae000 r-xp 00000000 08:01 402649                     /usr/lib/x86_64-linux-gnu/libgmodule-2.0.so.0.4002.0
7fe36fbae000-7fe36fdad000 ---p 00003000 08:01 402649                     /usr/lib/x86_64-linux-gnu/libgmodule-2.0.so.0.4002.0
7fe36fdad000-7fe36fdae000 r--p 00002000 08:01 402649                     /usr/lib/x86_64-linux-gnu/libgmodule-2.0.so.0.4002.0
7fe36fdae000-7fe36fdaf000 rw-p 00003000 08:01 402649                     /usr/lib/x86_64-linux-gnu/libgmodule-2.0.so.0.4002.0
7fe36fdaf000-7fe36fdfe000 r-xp 00000000 08:01 402673                     /usr/lib/x86_64-linux-gnu/libgobject-2.0.so.0.4002.0
7fe36fdfe000-7fe36fffe000 ---p 0004f000 08:01 402673                     /usr/lib/x86_64-linux-gnu/libgobject-2.0.so.0.4002.0
7fe36fffe000-7fe36ffff000 r--p 0004f000 08:01 402673                     /usr/lib/x86_64-linux-gnu/libgobject-2.0.so.0.4002.0
7fe36ffff000-7fe370000000 rw-p 00050000 08:01 402673                     /usr/lib/x86_64-linux-gnu/libgobject-2.0.so.0.4002.0
7fe370000000-7fe370021000 rw-p 00000000 00:00 0 
7fe370021000-7fe374000000 ---p 00000000 00:00 0 
7fe374000000-7fe374001000 r--s 00000000 08:01 670178                     /var/cache/fontconfig/c05880de57d1f5e948fdfacc138775d9-le64.cache-4
7fe374001000-7fe374002000 r--s 00000000 08:01 670173                     /var/cache/fontconfig/e7071f4a29fa870f4323321c154eba04-le64.cache-4
7fe374002000-7fe374003000 r--s 00000000 08:01 670172                     /var/cache/fontconfig/0d8c3b2ac0904cb8a57a757ad11a4a08-le64.cache-4
7fe374003000-7fe374004000 r--s 00000000 08:01 670165                     /var/cache/fontconfig/1ac9eb803944fde146138c791f5cc56a-le64.cache-4
7fe374004000-7fe37400a000 r--s 00000000 08:01 668936                     /var/cache/fontconfig/b47c4e1ecd0709278f4910c18777a504-le64.cache-4
7fe37400a000-7fe374013000 r--s 00000000 08:01 668923                     /var/cache/fontconfig/3f7329c5293ffd510edef78f73874cfd-le64.cache-4
7fe374013000-7fe374053000 rw-s 64d6b000 00:05 10641                      /dev/nvidia0
7fe374053000-7fe37408d000 r-xp 00000000 08:01 402549                     /usr/lib/x86_64-linux-gnu/libfontconfig.so.1.8.0
7fe37408d000-7fe37428c000 ---p 0003a000 08:01 402549                     /usr/lib/x86_64-linux-gnu/libfontconfig.so.1.8.0
7fe37428c000-7fe37428e000 r--p 00039000 08:01 402549                     /usr/lib/x86_64-linux-gnu/libfontconfig.so.1.8.0
7fe37428e000-7fe37428f000 rw-p 0003b000 08:01 402549                     /usr/lib/x86_64-linux-gnu/libfontconfig.so.1.8.0
7fe37428f000-7fe37432c000 r-xp 00000000 08:01 394255                     /usr/lib/x86_64-linux-gnu/libfreetype.so.6.11.1
7fe37432c000-7fe37452b000 ---p 0009d000 08:01 394255                     /usr/lib/x86_64-linux-gnu/libfreetype.so.6.11.1
7fe37452b000-7fe374531000 r--p 0009c000 08:01 394255                     /usr/lib/x86_64-linux-gnu/libfreetype.so.6.11.1
7fe374531000-7fe374532000 rw-p 000a2000 08:01 394255                     /usr/lib/x86_64-linux-gnu/libfreetype.so.6.11.1
7fe374532000-7fe37457c000 r-xp 00000000 08:01 403065                     /usr/lib/x86_64-linux-gnu/libpango-1.0.so.0.3600.3
7fe37457c000-7fe37477c000 ---p 0004a000 08:01 403065                     /usr/lib/x86_64-linux-gnu/libpango-1.0.so.0.3600.3
7fe37477c000-7fe37477e000 r--p 0004a000 08:01 403065                     /usr/lib/x86_64-linux-gnu/libpango-1.0.so.0.3600.3
7fe37477e000-7fe37477f000 rw-p 0004c000 08:01 403065                     /usr/lib/x86_64-linux-gnu/libpango-1.0.so.0.3600.3
7fe37477f000-7fe374885000 r-xp 00000000 08:01 399859                     /usr/lib/x86_64-linux-gnu/libcairo.so.2.11301.0
7fe374885000-7fe374a84000 ---p 00106000 08:01 399859                     /usr/lib/x86_64-linux-gnu/libcairo.so.2.11301.0
7fe374a84000-7fe374a87000 r--p 00105000 08:01 399859                     /usr/lib/x86_64-linux-gnu/libcairo.so.2.11301.0
7fe374a87000-7fe374a88000 rw-p 00108000 08:01 399859                     /usr/lib/x86_64-linux-gnu/libcairo.so.2.11301.0
7fe374a88000-7fe374a8a000 rw-p 00000000 00:00 0 
7fe374a8a000-7fe374a95000 r-xp 00000000 08:01 403067                     /usr/lib/x86_64-linux-gnu/libpangocairo-1.0.so.0.3600.3
7fe374a95000-7fe374c95000 ---p 0000b000 08:01 403067                     /usr/lib/x86_64-linux-gnu/libpangocairo-1.0.so.0.3600.3
7fe374c95000-7fe374c96000 r--p 0000b000 08:01 403067                     /usr/lib/x86_64-linux-gnu/libpangocairo-1.0.so.0.3600.3
7fe374c96000-7fe374c97000 rw-p 0000c000 08:01 403067                     /usr/lib/x86_64-linux-gnu/libpangocairo-1.0.so.0.3600.3
7fe374c97000-7fe374cb6000 r-xp 00000000 08:01 402613                     /usr/lib/x86_64-linux-gnu/libgdk_pixbuf-2.0.so.0.3000.7
7fe374cb6000-7fe374eb6000 ---p 0001f000 08:01 402613                     /usr/lib/x86_64-linux-gnu/libgdk_pixbuf-2.0.so.0.3000.7
7fe374eb6000-7fe374eb7000 r--p 0001f000 08:01 402613                     /usr/lib/x86_64-linux-gnu/libgdk_pixbuf-2.0.so.0.3000.7
7fe374eb7000-7fe374eb8000 rw-p 00020000 08:01 402613                     /usr/lib/x86_64-linux-gnu/libgdk_pixbuf-2.0.so.0.3000.7
7fe374eb8000-7fe374ecc000 r-xp 00000000 08:01 403069                     /usr/lib/x86_64-linux-gnu/libpangoft2-1.0.so.0.3600.3
7fe374ecc000-7fe3750cb000 ---p 00014000 08:01 403069                     /usr/lib/x86_64-linux-gnu/libpangoft2-1.0.so.0.3600.3
7fe3750cb000-7fe3750cc000 r--p 00013000 08:01 403069                     /usr/lib/x86_64-linux-gnu/libpangoft2-1.0.so.0.3600.3
7fe3750cc000-7fe3750cd000 rw-p 00014000 08:01 403069                     /usr/lib/x86_64-linux-gnu/libpangoft2-1.0.so.0.3600.3
7fe3750cd000-7fe375239000 r-xp 00000000 08:01 402633                     /usr/lib/x86_64-linux-gnu/libgio-2.0.so.0.4002.0
7fe375239000-7fe375438000 ---p 0016c000 08:01 402633                     /usr/lib/x86_64-linux-gnu/libgio-2.0.so.0.4002.0
7fe375438000-7fe37543c000 r--p 0016b000 08:01 402633                     /usr/lib/x86_64-linux-gnu/libgio-2.0.so.0.4002.0
7fe37543c000-7fe37543e000 rw-p 0016f000 08:01 402633                     /usr/lib/x86_64-linux-gnu/libgio-2.0.so.0.4002.0
7fe37543e000-7fe375440000 rw-p 00000000 00:00 0 
7fe375440000-7fe37545f000 r-xp 00000000 08:01 402296                     /usr/lib/x86_64-linux-gnu/libatk-1.0.so.0.21009.1
7fe37545f000-7fe37565f000 ---p 0001f000 08:01 402296                     /usr/lib/x86_64-linux-gnu/libatk-1.0.so.0.21009.1
7fe37565f000-7fe375661000 r--p 0001f000 08:01 402296                     /usr/lib/x86_64-linux-gnu/libatk-1.0.so.0.21009.1
7fe375661000-7fe375662000 rw-p 00021000 08:01 402296                     /usr/lib/x86_64-linux-gnu/libatk-1.0.so.0.21009.1
7fe375662000-7fe37570f000 r-xp 00000000 08:01 393757                     /usr/lib/x86_64-linux-gnu/libgdk-x11-2.0.so.0.2400.23
7fe37570f000-7fe37590e000 ---p 000ad000 08:01 393757                     /usr/lib/x86_64-linux-gnu/libgdk-x11-2.0.so.0.2400.23
7fe37590e000-7fe375912000 r--p 000ac000 08:01 393757                     /usr/lib/x86_64-linux-gnu/libgdk-x11-2.0.so.0.2400.23
7fe375912000-7fe375914000 rw-p 000b0000 08:01 393757                     /usr/lib/x86_64-linux-gnu/libgdk-x11-2.0.so.0.2400.23
7fe375914000-7fe375d43000 r-xp 00000000 08:01 399923                     /usr/lib/x86_64-linux-gnu/libgtk-x11-2.0.so.0.2400.23
7fe375d43000-7fe375f42000 ---p 0042f000 08:01 399923                     /usr/lib/x86_64-linux-gnu/libgtk-x11-2.0.so.0.2400.23
7fe375f42000-7fe375f49000 r--p 0042e000 08:01 399923                     /usr/lib/x86_64-linux-gnu/libgtk-x11-2.0.so.0.2400.23
7fe375f49000-7fe375f4d000 rw-p 00435000 08:01 399923                     /usr/lib/x86_64-linux-gnu/libgtk-x11-2.0.so.0.2400.23
7fe375f4d000-7fe375f50000 rw-p 00000000 00:00 0 
7fe375f50000-7fe375f54000 r--s 00000000 08:01 670135                     /var/cache/fontconfig/385c0604a188198f04d133e54aba7fe7-le64.cache-4
7fe375f67000-7fe375f68000 rw-p 00000000 00:00 0 
7fe375f68000-7fe375f6e000 r--p 00000000 08:01 809339                     /usr/share/locale-langpack/pt/LC_MESSAGES/gdk-pixbuf.mo
7fe375f6e000-7fe375f74000 r--p 00000000 08:01 929325                     /usr/share/locale-langpack/pt_BR/LC_MESSAGES/gdk-pixbuf.mo
7fe375f74000-7fe375f80000 r-xp 00000000 08:01 409064                     /usr/lib/jvm/java-8-oracle/jre/lib/amd64/libprism_es2.so
7fe375f80000-7fe37617f000 ---p 0000c000 08:01 409064                     /usr/lib/jvm/java-8-oracle/jre/lib/amd64/libprism_es2.so
7fe37617f000-7fe376180000 r--p 0000b000 08:01 409064                     /usr/lib/jvm/java-8-oracle/jre/lib/amd64/libprism_es2.so
7fe376180000-7fe376181000 rw-p 0000c000 08:01 409064                     /usr/lib/jvm/java-8-oracle/jre/lib/amd64/libprism_es2.so
7fe376181000-7fe376184000 ---p 00000000 00:00 0 
7fe376184000-7fe376282000 rw-p 00000000 00:00 0                          [stack:30966]
7fe376282000-7fe376317000 r--s 010fa000 08:01 409114                     /usr/lib/jvm/java-8-oracle/jre/lib/ext/jfxrt.jar
7fe376317000-7fe376318000 ---p 00000000 00:00 0 
7fe376318000-7fe376418000 rw-p 00000000 00:00 0                          [stack:30965]
7fe376418000-7fe37641b000 ---p 00000000 00:00 0 
7fe37641b000-7fe376519000 rw-p 00000000 00:00 0                          [stack:30964]
7fe376519000-7fe37651c000 ---p 00000000 00:00 0 
7fe37651c000-7fe37661a000 rw-p 00000000 00:00 0                          [stack:30963]
7fe37661a000-7fe37661d000 ---p 00000000 00:00 0 
7fe37661d000-7fe37671b000 rw-p 00000000 00:00 0                          [stack:30962]
7fe37671b000-7fe37671e000 ---p 00000000 00:00 0 
7fe37671e000-7fe37681c000 rw-p 00000000 00:00 0                          [stack:30961]
7fe37681c000-7fe37681f000 ---p 00000000 00:00 0 
7fe37681f000-7fe37691d000 rw-p 00000000 00:00 0                          [stack:30960]
7fe37691d000-7fe376920000 ---p 00000000 00:00 0 
7fe376920000-7fe376a1e000 rw-p 00000000 00:00 0                          [stack:30959]
7fe376a1e000-7fe376ced000 r--p 00000000 08:01 400500                     /usr/lib/locale/locale-archive
7fe376ced000-7fe376cf0000 ---p 00000000 00:00 0 
7fe376cf0000-7fe376dee000 rw-p 00000000 00:00 0                          [stack:30958]
7fe376dee000-7fe376df1000 ---p 00000000 00:00 0 
7fe376df1000-7fe376eef000 rw-p 00000000 00:00 0                          [stack:30957]
7fe376eef000-7fe376ef0000 ---p 00000000 00:00 0 
7fe376ef0000-7fe378000000 rw-p 00000000 00:00 0                          [stack:30956]
7fe378000000-7fe378021000 rw-p 00000000 00:00 0 
7fe378021000-7fe37c000000 ---p 00000000 00:00 0 
7fe37c000000-7fe37c001000 r--s 00000000 08:01 670134                     /var/cache/fontconfig/dc05db6664285cc2f12bf69c139ae4c3-le64.cache-4
7fe37c001000-7fe37c003000 r--s 00000000 08:01 670133                     /var/cache/fontconfig/767a8244fc0220cfb567a839d0392e0b-le64.cache-4
7fe37c003000-7fe37c011000 r--s 00000000 08:01 668652                     /var/cache/fontconfig/e13b20fdb08344e0e664864cc2ede53d-le64.cache-4
7fe37c011000-7fe380000000 rw-p 00000000 00:00 0 
7fe380000000-7fe380021000 rw-p 00000000 00:00 0 
7fe380021000-7fe384000000 ---p 00000000 00:00 0 
7fe384000000-7fe38400b000 r--s 00000000 08:01 668901                     /var/cache/fontconfig/d589a48862398ed80a3d6066f4f56f4c-le64.cache-4
7fe38400b000-7fe38400f000 r--s 00000000 08:01 668674                     /var/cache/fontconfig/7ef2298fde41cc6eeb7af42e48b7d293-le64.cache-4
7fe38400f000-7fe384253000 rw-p 00000000 00:00 0 
7fe384253000-7fe38442b000 r--s 03d09000 08:01 409277                     /usr/lib/jvm/java-8-oracle/jre/lib/rt.jar
7fe38442b000-7fe38470d000 rw-p 00000000 00:00 0 
7fe38470d000-7fe38470e000 ---p 00000000 00:00 0 
7fe38470e000-7fe38480e000 rw-p 00000000 00:00 0                          [stack:30955]
7fe38480e000-7fe38480f000 ---p 00000000 00:00 0 
7fe38480f000-7fe38490f000 rw-p 00000000 00:00 0                          [stack:30954]
7fe38490f000-7fe384910000 ---p 00000000 00:00 0 
7fe384910000-7fe384a10000 rw-p 00000000 00:00 0                          [stack:30953]
7fe384a10000-7fe384a11000 ---p 00000000 00:00 0 
7fe384a11000-7fe384b11000 rw-p 00000000 00:00 0                          [stack:30952]
7fe384b11000-7fe384b12000 ---p 00000000 00:00 0 
7fe384b12000-7fe384c12000 rw-p 00000000 00:00 0                          [stack:30951]
7fe384c12000-7fe384c13000 ---p 00000000 00:00 0 
7fe384c13000-7fe384d13000 rw-p 00000000 00:00 0                          [stack:30950]
7fe384d13000-7fe384d14000 ---p 00000000 00:00 0 
7fe384d14000-7fe384e34000 rw-p 00000000 00:00 0                          [stack:30949]
7fe384e34000-7fe385000000 ---p 00000000 00:00 0 
7fe385000000-7fe3864f0000 rwxp 00000000 00:00 0 
7fe3864f0000-7fe394000000 ---p 00000000 00:00 0 
7fe394000000-7fe39442d000 rw-p 00000000 00:00 0 
7fe39442d000-7fe398000000 ---p 00000000 00:00 0 
7fe398000000-7fe398001000 r--s 00000000 08:01 670123                     /var/cache/fontconfig/4794a0821666d79190d59a36cb4f44b5-le64.cache-4
7fe398001000-7fe398002000 r--s 00000000 08:01 669526                     /var/cache/fontconfig/56cf4f4769d0f4abc89a4895d7bd3ae1-le64.cache-4
7fe398002000-7fe39800d000 r--s 00116000 08:01 409112                     /usr/lib/jvm/java-8-oracle/jre/lib/ext/localedata.jar
7fe39800d000-7fe398013000 r--s 00036000 08:01 934567                     /opt/eclipse/plugins/org.junit_4.11.0.v201303080030/junit.jar
7fe398013000-7fe39801a000 r--s 00000000 08:01 815954                     /usr/lib/x86_64-linux-gnu/gconv/gconv-modules.cache
7fe39801a000-7fe3980df000 rw-p 00000000 00:00 0 
7fe3980df000-7fe3980e0000 ---p 00000000 00:00 0 
7fe3980e0000-7fe398200000 rw-p 00000000 00:00 0                          [stack:30948]
7fe398200000-7fe3983cc000 ---p 00000000 00:00 0 
7fe3983cc000-7fe3984c2000 rw-p 00000000 00:00 0 
7fe3984c2000-7fe398517000 rw-p 00000000 00:00 0 
7fe398517000-7fe398883000 ---p 00000000 00:00 0 
7fe398883000-7fe39889d000 r-xp 00000000 08:01 409075                     /usr/lib/jvm/java-8-oracle/jre/lib/amd64/libzip.so
7fe39889d000-7fe398a9d000 ---p 0001a000 08:01 409075                     /usr/lib/jvm/java-8-oracle/jre/lib/amd64/libzip.so
7fe398a9d000-7fe398a9e000 rw-p 0001a000 08:01 409075                     /usr/lib/jvm/java-8-oracle/jre/lib/amd64/libzip.so
7fe398a9e000-7fe398aa9000 r-xp 00000000 08:01 2105367                    /lib/x86_64-linux-gnu/libnss_files-2.19.so
7fe398aa9000-7fe398ca8000 ---p 0000b000 08:01 2105367                    /lib/x86_64-linux-gnu/libnss_files-2.19.so
7fe398ca8000-7fe398ca9000 r--p 0000a000 08:01 2105367                    /lib/x86_64-linux-gnu/libnss_files-2.19.so
7fe398ca9000-7fe398caa000 rw-p 0000b000 08:01 2105367                    /lib/x86_64-linux-gnu/libnss_files-2.19.so
7fe398caa000-7fe398cb5000 r-xp 00000000 08:01 2105387                    /lib/x86_64-linux-gnu/libnss_nis-2.19.so
7fe398cb5000-7fe398eb4000 ---p 0000b000 08:01 2105387                    /lib/x86_64-linux-gnu/libnss_nis-2.19.so
7fe398eb4000-7fe398eb5000 r--p 0000a000 08:01 2105387                    /lib/x86_64-linux-gnu/libnss_nis-2.19.so
7fe398eb5000-7fe398eb6000 rw-p 0000b000 08:01 2105387                    /lib/x86_64-linux-gnu/libnss_nis-2.19.so
7fe398eb6000-7fe398ecd000 r-xp 00000000 08:01 2105376                    /lib/x86_64-linux-gnu/libnsl-2.19.so
7fe398ecd000-7fe3990cc000 ---p 00017000 08:01 2105376                    /lib/x86_64-linux-gnu/libnsl-2.19.so
7fe3990cc000-7fe3990cd000 r--p 00016000 08:01 2105376                    /lib/x86_64-linux-gnu/libnsl-2.19.so
7fe3990cd000-7fe3990ce000 rw-p 00017000 08:01 2105376                    /lib/x86_64-linux-gnu/libnsl-2.19.so
7fe3990ce000-7fe3990d0000 rw-p 00000000 00:00 0 
7fe3990d0000-7fe3990d9000 r-xp 00000000 08:01 2105375                    /lib/x86_64-linux-gnu/libnss_compat-2.19.so
7fe3990d9000-7fe3992d8000 ---p 00009000 08:01 2105375                    /lib/x86_64-linux-gnu/libnss_compat-2.19.so
7fe3992d8000-7fe3992d9000 r--p 00008000 08:01 2105375                    /lib/x86_64-linux-gnu/libnss_compat-2.19.so
7fe3992d9000-7fe3992da000 rw-p 00009000 08:01 2105375                    /lib/x86_64-linux-gnu/libnss_compat-2.19.so
7fe3992da000-7fe399304000 r-xp 00000000 08:01 409065                     /usr/lib/jvm/java-8-oracle/jre/lib/amd64/libjava.so
7fe399304000-7fe399504000 ---p 0002a000 08:01 409065                     /usr/lib/jvm/java-8-oracle/jre/lib/amd64/libjava.so
7fe399504000-7fe399506000 rw-p 0002a000 08:01 409065                     /usr/lib/jvm/java-8-oracle/jre/lib/amd64/libjava.so
7fe399506000-7fe399513000 r-xp 00000000 08:01 409074                     /usr/lib/jvm/java-8-oracle/jre/lib/amd64/libverify.so
7fe399513000-7fe399713000 ---p 0000d000 08:01 409074                     /usr/lib/jvm/java-8-oracle/jre/lib/amd64/libverify.so
7fe399713000-7fe399715000 rw-p 0000d000 08:01 409074                     /usr/lib/jvm/java-8-oracle/jre/lib/amd64/libverify.so
7fe399715000-7fe39971c000 r-xp 00000000 08:01 2105384                    /lib/x86_64-linux-gnu/librt-2.19.so
7fe39971c000-7fe39991b000 ---p 00007000 08:01 2105384                    /lib/x86_64-linux-gnu/librt-2.19.so
7fe39991b000-7fe39991c000 r--p 00006000 08:01 2105384                    /lib/x86_64-linux-gnu/librt-2.19.so
7fe39991c000-7fe39991d000 rw-p 00007000 08:01 2105384                    /lib/x86_64-linux-gnu/librt-2.19.so
7fe39991d000-7fe399a22000 r-xp 00000000 08:01 2105366                    /lib/x86_64-linux-gnu/libm-2.19.so
7fe399a22000-7fe399c21000 ---p 00105000 08:01 2105366                    /lib/x86_64-linux-gnu/libm-2.19.so
7fe399c21000-7fe399c22000 r--p 00104000 08:01 2105366                    /lib/x86_64-linux-gnu/libm-2.19.so
7fe399c22000-7fe399c23000 rw-p 00105000 08:01 2105366                    /lib/x86_64-linux-gnu/libm-2.19.so
7fe399c23000-7fe39a8d1000 r-xp 00000000 08:01 409054                     /usr/lib/jvm/java-8-oracle/jre/lib/amd64/server/libjvm.so
7fe39a8d1000-7fe39aad0000 ---p 00cae000 08:01 409054                     /usr/lib/jvm/java-8-oracle/jre/lib/amd64/server/libjvm.so
7fe39aad0000-7fe39aba7000 rw-p 00cad000 08:01 409054                     /usr/lib/jvm/java-8-oracle/jre/lib/amd64/server/libjvm.so
7fe39aba7000-7fe39abeb000 rw-p 00000000 00:00 0 
7fe39abeb000-7fe39ada6000 r-xp 00000000 08:01 2105381                    /lib/x86_64-linux-gnu/libc-2.19.so
7fe39ada6000-7fe39afa5000 ---p 001bb000 08:01 2105381                    /lib/x86_64-linux-gnu/libc-2.19.so
7fe39afa5000-7fe39afa9000 r--p 001ba000 08:01 2105381                    /lib/x86_64-linux-gnu/libc-2.19.so
7fe39afa9000-7fe39afab000 rw-p 001be000 08:01 2105381                    /lib/x86_64-linux-gnu/libc-2.19.so
7fe39afab000-7fe39afb0000 rw-p 00000000 00:00 0 
7fe39afb0000-7fe39afb3000 r-xp 00000000 08:01 2105370                    /lib/x86_64-linux-gnu/libdl-2.19.so
7fe39afb3000-7fe39b1b2000 ---p 00003000 08:01 2105370                    /lib/x86_64-linux-gnu/libdl-2.19.so
7fe39b1b2000-7fe39b1b3000 r--p 00002000 08:01 2105370                    /lib/x86_64-linux-gnu/libdl-2.19.so
7fe39b1b3000-7fe39b1b4000 rw-p 00003000 08:01 2105370                    /lib/x86_64-linux-gnu/libdl-2.19.so
7fe39b1b4000-7fe39b1c9000 r-xp 00000000 08:01 2368608                    /usr/lib/jvm/java-8-oracle/lib/amd64/jli/libjli.so
7fe39b1c9000-7fe39b3c9000 ---p 00015000 08:01 2368608                    /usr/lib/jvm/java-8-oracle/lib/amd64/jli/libjli.so
7fe39b3c9000-7fe39b3ca000 rw-p 00015000 08:01 2368608                    /usr/lib/jvm/java-8-oracle/lib/amd64/jli/libjli.so
7fe39b3ca000-7fe39b3e3000 r-xp 00000000 08:01 2105382                    /lib/x86_64-linux-gnu/libpthread-2.19.so
7fe39b3e3000-7fe39b5e2000 ---p 00019000 08:01 2105382                    /lib/x86_64-linux-gnu/libpthread-2.19.so
7fe39b5e2000-7fe39b5e3000 r--p 00018000 08:01 2105382                    /lib/x86_64-linux-gnu/libpthread-2.19.so
7fe39b5e3000-7fe39b5e4000 rw-p 00019000 08:01 2105382                    /lib/x86_64-linux-gnu/libpthread-2.19.so
7fe39b5e4000-7fe39b5e8000 rw-p 00000000 00:00 0 
7fe39b5e8000-7fe39b60b000 r-xp 00000000 08:01 2105378                    /lib/x86_64-linux-gnu/ld-2.19.so
7fe39b60b000-7fe39b60c000 r--s 00000000 08:01 668939                     /var/cache/fontconfig/b9d506c9ac06c20b433354fa67a72993-le64.cache-4
7fe39b60c000-7fe39b60d000 r--s 00000000 08:01 668900                     /var/cache/fontconfig/0c9eb80ebd1c36541ebe2852d3bb0c49-le64.cache-4
7fe39b60d000-7fe39b60f000 r--s 0000a000 00:1a 13238812                   /home/gustavo/.m2/repository/org/json/json/20090211/json-20090211.jar
7fe39b60f000-7fe39b61e000 r--p 00000000 08:01 929347                     /usr/share/locale-langpack/pt_BR/LC_MESSAGES/gtk20.mo
7fe39b61e000-7fe39b6df000 rw-p 00000000 00:00 0 
7fe39b6df000-7fe39b6e2000 ---p 00000000 00:00 0 
7fe39b6e2000-7fe39b7e4000 rw-p 00000000 00:00 0                          [stack:30946]
7fe39b7e4000-7fe39b7e5000 r--s 00000000 08:01 670190                     /var/cache/fontconfig/e0aa53bcfa504e64f87823c16bc01eb6-le64.cache-4
7fe39b7e5000-7fe39b7e7000 r--s 0000c000 08:01 815103                     /opt/eclipse/plugins/org.hamcrest.core_1.3.0.v201303031735.jar
7fe39b7e7000-7fe39b7e9000 rw-p 00000000 00:00 0 
7fe39b7e9000-7fe39b7eb000 rw-s 00000000 08:01 2883748                    /tmp/gl9mnIal (deleted)
7fe39b7eb000-7fe39b7f2000 rw-s 1b20c6000 00:05 10641                     /dev/nvidia0
7fe39b7f2000-7fe39b7f3000 rw-s 1b20c9000 00:05 10641                     /dev/nvidia0
7fe39b7f3000-7fe39b7f7000 rw-s 172b49000 00:05 10641                     /dev/nvidia0
7fe39b7f7000-7fe39b7f8000 rw-s cff72000 00:05 10641                      /dev/nvidia0
7fe39b7f8000-7fe39b7f9000 rw-s fa642000 00:05 10641                      /dev/nvidia0
7fe39b7f9000-7fe39b7fa000 rw-s a6787000 00:05 10641                      /dev/nvidia0
7fe39b7fa000-7fe39b7fb000 rw-s fa641000 00:05 10641                      /dev/nvidia0
7fe39b7fb000-7fe39b7fc000 rw-s a6788000 00:05 10641                      /dev/nvidia0
7fe39b7fc000-7fe39b7fd000 rw-s 22ab7000 00:05 10641                      /dev/nvidia0
7fe39b7fd000-7fe39b7fe000 rw-s fa060000 00:05 10641                      /dev/nvidia0
7fe39b7fe000-7fe39b806000 rw-s 00000000 08:01 2883744                    /tmp/hsperfdata_gustavo/30940
7fe39b806000-7fe39b807000 rw-p 00000000 00:00 0 
7fe39b807000-7fe39b808000 r--p 00000000 00:00 0 
7fe39b808000-7fe39b80a000 rw-p 00000000 00:00 0 
7fe39b80a000-7fe39b80b000 r--p 00022000 08:01 2105378                    /lib/x86_64-linux-gnu/ld-2.19.so
7fe39b80b000-7fe39b80c000 rw-p 00023000 08:01 2105378                    /lib/x86_64-linux-gnu/ld-2.19.so
7fe39b80c000-7fe39b80d000 rw-p 00000000 00:00 0 
7fff52e80000-7fff52ea1000 rw-p 00000000 00:00 0                          [stack]
7fff52fc6000-7fff52fc8000 r-xp 00000000 00:00 0                          [vdso]
ffffffffff600000-ffffffffff601000 r-xp 00000000 00:00 0                  [vsyscall]

VM Arguments:
jvm_args: -Dfile.encoding=UTF-8 
java_command: br.inpe.psossl.Main
java_class_path (initial): /home/gustavo/Projetos/psossl/psossl/target/classes:/opt/eclipse/plugins/org.junit_4.11.0.v201303080030/junit.jar:/opt/eclipse/plugins/org.hamcrest.core_1.3.0.v201303031735.jar:/home/gustavo/Projetos/psossl/psossl/lib/jfxrt.jar:/home/gustavo/.m2/repository/org/json/json/20090211/json-20090211.jar
Launcher Type: SUN_STANDARD

Environment Variables:
PATH=/usr/local/sbin:/usr/local/bin:/usr/sbin:/usr/bin:/sbin:/bin:/usr/games:/usr/local/games
USERNAME=gustavo
SHELL=/bin/bash
DISPLAY=:0

Signal Handlers:
SIGSEGV: [libjvm.so+0xaad2e0], sa_mask[0]=11111111011111111101111111111110, sa_flags=SA_RESTART|SA_SIGINFO
SIGBUS: [libjvm.so+0xaad2e0], sa_mask[0]=11111111011111111101111111111110, sa_flags=SA_RESTART|SA_SIGINFO
SIGFPE: [libjvm.so+0x90b550], sa_mask[0]=11111111011111111101111111111110, sa_flags=SA_RESTART|SA_SIGINFO
SIGPIPE: SIG_IGN, sa_mask[0]=00000000000010000000000000000000, sa_flags=SA_RESTART
SIGXFSZ: [libjvm.so+0x90b550], sa_mask[0]=11111111011111111101111111111110, sa_flags=SA_RESTART|SA_SIGINFO
SIGILL: [libjvm.so+0x90b550], sa_mask[0]=11111111011111111101111111111110, sa_flags=SA_RESTART|SA_SIGINFO
SIGUSR1: SIG_DFL, sa_mask[0]=00000000000000000000000000000000, sa_flags=none
SIGUSR2: [libjvm.so+0x90cb90], sa_mask[0]=00100000000000000000000000000000, sa_flags=SA_RESTART|SA_SIGINFO
SIGHUP: [libjvm.so+0x90dee0], sa_mask[0]=11111111011111111101111111111110, sa_flags=SA_RESTART|SA_SIGINFO
SIGINT: [libjvm.so+0x90dee0], sa_mask[0]=11111111011111111101111111111110, sa_flags=SA_RESTART|SA_SIGINFO
SIGTERM: [libjvm.so+0x90dee0], sa_mask[0]=11111111011111111101111111111110, sa_flags=SA_RESTART|SA_SIGINFO
SIGQUIT: [libjvm.so+0x90dee0], sa_mask[0]=11111111011111111101111111111110, sa_flags=SA_RESTART|SA_SIGINFO


---------------  S Y S T E M  ---------------

OS:DISTRIB_ID=LinuxMint
DISTRIB_RELEASE=17.1
DISTRIB_CODENAME=rebecca
DISTRIB_DESCRIPTION="Linux Mint 17.1 Rebecca"

uname:Linux 3.13.0-37-generic #64-Ubuntu SMP Mon Sep 22 21:28:38 UTC 2014 x86_64
libc:glibc 2.19 NPTL 2.19 
rlimit: STACK 8192k, CORE 0k, NPROC 46989, NOFILE 4096, AS infinity
load average:21,08 9,29 4,58

/proc/meminfo:
MemTotal:        6045352 kB
MemFree:          309076 kB
Buffers:            1224 kB
Cached:           179740 kB
SwapCached:            0 kB
Active:          5120188 kB
Inactive:         177400 kB
Active(anon):    5118788 kB
Inactive(anon):   106512 kB
Active(file):       1400 kB
Inactive(file):    70888 kB
Unevictable:         280 kB
Mlocked:             280 kB
SwapTotal:             0 kB
SwapFree:              0 kB
Dirty:               256 kB
Writeback:             0 kB
AnonPages:       5117276 kB
Mapped:           261696 kB
Shmem:            108560 kB
Slab:              95428 kB
SReclaimable:      36292 kB
SUnreclaim:        59136 kB
KernelStack:        6184 kB
PageTables:        48388 kB
NFS_Unstable:          0 kB
Bounce:                0 kB
WritebackTmp:          0 kB
CommitLimit:     3022676 kB
Committed_AS:    8691808 kB
VmallocTotal:   34359738367 kB
VmallocUsed:      316180 kB
VmallocChunk:   34359417212 kB
HardwareCorrupted:     0 kB
AnonHugePages:   2455552 kB
HugePages_Total:       0
HugePages_Free:        0
HugePages_Rsvd:        0
HugePages_Surp:        0
Hugepagesize:       2048 kB
DirectMap4k:      357312 kB
DirectMap2M:     5867520 kB


CPU:total 8 (4 cores per cpu, 2 threads per core) family 6 model 30 stepping 5, cmov, cx8, fxsr, mmx, sse, sse2, sse3, ssse3, sse4.1, sse4.2, popcnt, ht, tsc, tscinvbit

/proc/cpuinfo:
processor	: 0
vendor_id	: GenuineIntel
cpu family	: 6
model		: 30
model name	: Intel(R) Core(TM) i7 CPU       Q 740  @ 1.73GHz
stepping	: 5
microcode	: 0x4
cpu MHz		: 1197.000
cache size	: 6144 KB
physical id	: 0
siblings	: 8
core id		: 0
cpu cores	: 4
apicid		: 0
initial apicid	: 0
fpu		: yes
fpu_exception	: yes
cpuid level	: 11
wp		: yes
flags		: fpu vme de pse tsc msr pae mce cx8 apic sep mtrr pge mca cmov pat pse36 clflush dts acpi mmx fxsr sse sse2 ss ht tm pbe syscall nx rdtscp lm constant_tsc arch_perfmon pebs bts rep_good nopl xtopology nonstop_tsc aperfmperf pni dtes64 monitor ds_cpl vmx smx est tm2 ssse3 cx16 xtpr pdcm sse4_1 sse4_2 popcnt lahf_lm ida dtherm tpr_shadow vnmi flexpriority ept vpid
bogomips	: 3458.51
clflush size	: 64
cache_alignment	: 64
address sizes	: 36 bits physical, 48 bits virtual
power management:

processor	: 1
vendor_id	: GenuineIntel
cpu family	: 6
model		: 30
model name	: Intel(R) Core(TM) i7 CPU       Q 740  @ 1.73GHz
stepping	: 5
microcode	: 0x4
cpu MHz		: 1730.000
cache size	: 6144 KB
physical id	: 0
siblings	: 8
core id		: 1
cpu cores	: 4
apicid		: 2
initial apicid	: 2
fpu		: yes
fpu_exception	: yes
cpuid level	: 11
wp		: yes
flags		: fpu vme de pse tsc msr pae mce cx8 apic sep mtrr pge mca cmov pat pse36 clflush dts acpi mmx fxsr sse sse2 ss ht tm pbe syscall nx rdtscp lm constant_tsc arch_perfmon pebs bts rep_good nopl xtopology nonstop_tsc aperfmperf pni dtes64 monitor ds_cpl vmx smx est tm2 ssse3 cx16 xtpr pdcm sse4_1 sse4_2 popcnt lahf_lm ida dtherm tpr_shadow vnmi flexpriority ept vpid
bogomips	: 3458.51
clflush size	: 64
cache_alignment	: 64
address sizes	: 36 bits physical, 48 bits virtual
power management:

processor	: 2
vendor_id	: GenuineIntel
cpu family	: 6
model		: 30
model name	: Intel(R) Core(TM) i7 CPU       Q 740  @ 1.73GHz
stepping	: 5
microcode	: 0x4
cpu MHz		: 931.000
cache size	: 6144 KB
physical id	: 0
siblings	: 8
core id		: 2
cpu cores	: 4
apicid		: 4
initial apicid	: 4
fpu		: yes
fpu_exception	: yes
cpuid level	: 11
wp		: yes
flags		: fpu vme de pse tsc msr pae mce cx8 apic sep mtrr pge mca cmov pat pse36 clflush dts acpi mmx fxsr sse sse2 ss ht tm pbe syscall nx rdtscp lm constant_tsc arch_perfmon pebs bts rep_good nopl xtopology nonstop_tsc aperfmperf pni dtes64 monitor ds_cpl vmx smx est tm2 ssse3 cx16 xtpr pdcm sse4_1 sse4_2 popcnt lahf_lm ida dtherm tpr_shadow vnmi flexpriority ept vpid
bogomips	: 3458.51
clflush size	: 64
cache_alignment	: 64
address sizes	: 36 bits physical, 48 bits virtual
power management:

processor	: 3
vendor_id	: GenuineIntel
cpu family	: 6
model		: 30
model name	: Intel(R) Core(TM) i7 CPU       Q 740  @ 1.73GHz
stepping	: 5
microcode	: 0x4
cpu MHz		: 1730.000
cache size	: 6144 KB
physical id	: 0
siblings	: 8
core id		: 3
cpu cores	: 4
apicid		: 6
initial apicid	: 6
fpu		: yes
fpu_exception	: yes
cpuid level	: 11
wp		: yes
flags		: fpu vme de pse tsc msr pae mce cx8 apic sep mtrr pge mca cmov pat pse36 clflush dts acpi mmx fxsr sse sse2 ss ht tm pbe syscall nx rdtscp lm constant_tsc arch_perfmon pebs bts rep_good nopl xtopology nonstop_tsc aperfmperf pni dtes64 monitor ds_cpl vmx smx est tm2 ssse3 cx16 xtpr pdcm sse4_1 sse4_2 popcnt lahf_lm ida dtherm tpr_shadow vnmi flexpriority ept vpid
bogomips	: 3458.51
clflush size	: 64
cache_alignment	: 64
address sizes	: 36 bits physical, 48 bits virtual
power management:

processor	: 4
vendor_id	: GenuineIntel
cpu family	: 6
model		: 30
model name	: Intel(R) Core(TM) i7 CPU       Q 740  @ 1.73GHz
stepping	: 5
microcode	: 0x4
cpu MHz		: 931.000
cache size	: 6144 KB
physical id	: 0
siblings	: 8
core id		: 0
cpu cores	: 4
apicid		: 1
initial apicid	: 1
fpu		: yes
fpu_exception	: yes
cpuid level	: 11
wp		: yes
flags		: fpu vme de pse tsc msr pae mce cx8 apic sep mtrr pge mca cmov pat pse36 clflush dts acpi mmx fxsr sse sse2 ss ht tm pbe syscall nx rdtscp lm constant_tsc arch_perfmon pebs bts rep_good nopl xtopology nonstop_tsc aperfmperf pni dtes64 monitor ds_cpl vmx smx est tm2 ssse3 cx16 xtpr pdcm sse4_1 sse4_2 popcnt lahf_lm ida dtherm tpr_shadow vnmi flexpriority ept vpid
bogomips	: 3458.51
clflush size	: 64
cache_alignment	: 64
address sizes	: 36 bits physical, 48 bits virtual
power management:

processor	: 5
vendor_id	: GenuineIntel
cpu family	: 6
model		: 30
model name	: Intel(R) Core(TM) i7 CPU       Q 740  @ 1.73GHz
stepping	: 5
microcode	: 0x4
cpu MHz		: 931.000
cache size	: 6144 KB
physical id	: 0
siblings	: 8
core id		: 1
cpu cores	: 4
apicid		: 3
initial apicid	: 3
fpu		: yes
fpu_exception	: yes
cpuid level	: 11
wp		: yes
flags		: fpu vme de pse tsc msr pae mce cx8 apic sep mtrr pge mca cmov pat pse36 clflush dts acpi mmx fxsr sse sse2 ss ht tm pbe syscall nx rdtscp lm constant_tsc arch_perfmon pebs bts rep_good nopl xtopology nonstop_tsc aperfmperf pni dtes64 monitor ds_cpl vmx smx est tm2 ssse3 cx16 xtpr pdcm sse4_1 sse4_2 popcnt lahf_lm ida dtherm tpr_shadow vnmi flexpriority ept vpid
bogomips	: 3458.51
clflush size	: 64
cache_alignment	: 64
address sizes	: 36 bits physical, 48 bits virtual
power management:

processor	: 6
vendor_id	: GenuineIntel
cpu family	: 6
model		: 30
model name	: Intel(R) Core(TM) i7 CPU       Q 740  @ 1.73GHz
stepping	: 5
microcode	: 0x4
cpu MHz		: 1730.000
cache size	: 6144 KB
physical id	: 0
siblings	: 8
core id		: 2
cpu cores	: 4
apicid		: 5
initial apicid	: 5
fpu		: yes
fpu_exception	: yes
cpuid level	: 11
wp		: yes
flags		: fpu vme de pse tsc msr pae mce cx8 apic sep mtrr pge mca cmov pat pse36 clflush dts acpi mmx fxsr sse sse2 ss ht tm pbe syscall nx rdtscp lm constant_tsc arch_perfmon pebs bts rep_good nopl xtopology nonstop_tsc aperfmperf pni dtes64 monitor ds_cpl vmx smx est tm2 ssse3 cx16 xtpr pdcm sse4_1 sse4_2 popcnt lahf_lm ida dtherm tpr_shadow vnmi flexpriority ept vpid
bogomips	: 3458.51
clflush size	: 64
cache_alignment	: 64
address sizes	: 36 bits physical, 48 bits virtual
power management:

processor	: 7
vendor_id	: GenuineIntel
cpu family	: 6
model		: 30
model name	: Intel(R) Core(TM) i7 CPU       Q 740  @ 1.73GHz
stepping	: 5
microcode	: 0x4
cpu MHz		: 1730.000
cache size	: 6144 KB
physical id	: 0
siblings	: 8
core id		: 3
cpu cores	: 4
apicid		: 7
initial apicid	: 7
fpu		: yes
fpu_exception	: yes
cpuid level	: 11
wp		: yes
flags		: fpu vme de pse tsc msr pae mce cx8 apic sep mtrr pge mca cmov pat pse36 clflush dts acpi mmx fxsr sse sse2 ss ht tm pbe syscall nx rdtscp lm constant_tsc arch_perfmon pebs bts rep_good nopl xtopology nonstop_tsc aperfmperf pni dtes64 monitor ds_cpl vmx smx est tm2 ssse3 cx16 xtpr pdcm sse4_1 sse4_2 popcnt lahf_lm ida dtherm tpr_shadow vnmi flexpriority ept vpid
bogomips	: 3458.51
clflush size	: 64
cache_alignment	: 64
address sizes	: 36 bits physical, 48 bits virtual
power management:



Memory: 4k page, physical 6045352k(308756k free), swap 0k(0k free)

vm_info: Java HotSpot(TM) 64-Bit Server VM (25.40-b25) for linux-amd64 JRE (1.8.0_40-b25), built on Feb 10 2015 21:29:53 by "java_re" with gcc 4.3.0 20080428 (Red Hat 4.3.0-8)

time: Thu Apr 16 23:57:22 2015
elapsed time: 446 seconds (0d 0h 7m 26s)

