#
# A fatal error has been detected by the Java Runtime Environment:
#
#  SIGSEGV (0xb) at pc=0x00007ff3ed787c78, pid=22841, tid=140683691038464
#
# JRE version: Java(TM) SE Runtime Environment (8.0_25-b17) (build 1.8.0_25-b17)
# Java VM: Java HotSpot(TM) 64-Bit Server VM (25.25-b02 mixed mode linux-amd64 compressed oops)
# Problematic frame:
# V  [libjvm.so+0x6a9c78]  jni_invoke_nonstatic(JNIEnv_*, JavaValue*, _jobject*, JNICallType, _jmethodID*, JNI_ArgumentPusher*, Thread*)+0x38
#
# Failed to write core dump. Core dumps have been disabled. To enable core dumping, try "ulimit -c unlimited" before starting Java again
#
# If you would like to submit a bug report, please visit:
#   http://bugreport.sun.com/bugreport/crash.jsp
#

---------------  T H R E A D  ---------------

Current thread (0x00007ff3e822d800):  JavaThread "JavaFX Application Thread" [_thread_in_vm, id=22867, stack(0x00007ff3795e1000,0x00007ff3796e2000)]

siginfo: si_signo: 11 (SIGSEGV), si_code: 128 (SI_KERNEL), si_addr: 0x0000000000000000

Registers:
RAX=0x00007ff3796dcfd0, RBX=0x00007ff3796dcee0, RCX=0x0000000000000001, RDX=0x6a2f656c6361726f
RSP=0x00007ff3796dcd30, RBP=0x00007ff3796dceb0, RSI=0x00007ff3796dcf40, RDI=0x00007ff3e822d9e8
R8 =0x00007ff3e81b4e08, R9 =0x00007ff3796dcee0, R10=0x0000000000000011, R11=0x00007ff3d95980c0
R12=0x00007ff3e822d800, R13=0x00007ff3e81b4e08, R14=0x0000000000000001, R15=0x00007ff3e822d9e8
RIP=0x00007ff3ed787c78, EFLAGS=0x0000000000010206, CSGSFS=0x0000000000000033, ERR=0x0000000000000000
  TRAPNO=0x000000000000000d

Top of Stack: (sp=0x00007ff3796dcd30)
0x00007ff3796dcd30:   00007ff3d480f8c8 00000000e1ce5b40
0x00007ff3796dcd40:   00007ff3796dcd90 00007ff3796dce10
0x00007ff3796dcd50:   00007ff3796dcee0 00007ff3796dcf40
0x00007ff3796dcd60:   00007ff3e822d9e8 00007ff3ed7a0ef0
0x00007ff3796dcd70:   00007ff3a0000e20 00007ff3a0000ea0
0x00007ff3796dcd80:   00007ff3a0001208 00000000000003d8
0x00007ff3796dcd90:   00007ff3796dd780 00000000e1ce5e28
0x00007ff3796dcda0:   00007ff30000006f 00007ff30000000a
0x00007ff3796dcdb0:   00000000e1f46c88 0000000000000000
0x00007ff3796dcdc0:   00007ff3d480f8c8 00007ff3e822d800
0x00007ff3796dcdd0:   00007ff3e81e3040 0000000100000140
0x00007ff3796dcde0:   0000000000000069 00007ff3796dcd98
0x00007ff3796dcdf0:   00007ff3796dcdd9 0000000800000005
0x00007ff3796dce00:   0000000054de6a00 00000000000ee6a1
0x00007ff3796dce10:   00007ff3edfdc1b0 00007ff3eeabf010
0x00007ff3796dce20:   0000000000000000 00007ff3e822dfc0
0x00007ff3796dce30:   0000000000000000 00007ff3d480f8c8
0x00007ff3796dce40:   00007ff3d48197d0 00007ff3e822d800
0x00007ff3796dce50:   00007ff3d48197d0 00007ff3e822d800
0x00007ff3796dce60:   0000000000000069 00007ff3d48197d0
0x00007ff3796dce70:   00007ff3d48197d0 00007ff3d48197d0
0x00007ff3796dce80:   00007ff3796dd010 00007ff3796dcee0
0x00007ff3796dce90:   00007ff3e822d800 00007ff3796dcf20
0x00007ff3796dcea0:   00007ff3e81b4e08 00007ff3e822d9e8
0x00007ff3796dceb0:   00007ff3796dcfa0 00007ff3ed79806f
0x00007ff3796dcec0:   00007ff3e822d800 00000000e1ce5b40
0x00007ff3796dced0:   00007ff3796dcfb0 6a2f656c6361726f
0x00007ff3796dcee0:   00007ff3edfdcf50 00007ff3eeabf010
0x00007ff3796dcef0:   00000000e81e3040 0000000000000063
0x00007ff3796dcf00:   0000000000000000 0000003000000018
0x00007ff3796dcf10:   00007ff3796dd090 00007ff3796dcfd0
0x00007ff3796dcf20:   00007ff3e822d800 0000000000000000 

Instructions: (pc=0x00007ff3ed787c78)
0x00007ff3ed787c58:   00 00 48 85 d2 48 89 bd b0 fe ff ff 48 89 b5 a8
0x00007ff3ed787c68:   fe ff ff 4c 89 8d a0 fe ff ff 0f 84 10 09 00 00
0x00007ff3ed787c78:   4c 8b 22 4d 85 e4 0f 84 04 09 00 00 48 8b 45 10
0x00007ff3ed787c88:   48 8b 98 28 01 00 00 48 83 7b 10 f7 0f 87 06 06 

Register to memory mapping:

RAX=0x00007ff3796dcfd0 is pointing into the stack for thread: 0x00007ff3e822d800
RBX=0x00007ff3796dcee0 is pointing into the stack for thread: 0x00007ff3e822d800
RCX=0x0000000000000001 is an unknown value
RDX=0x6a2f656c6361726f is an unknown value
RSP=0x00007ff3796dcd30 is pointing into the stack for thread: 0x00007ff3e822d800
RBP=0x00007ff3796dceb0 is pointing into the stack for thread: 0x00007ff3e822d800
RSI=0x00007ff3796dcf40 is pointing into the stack for thread: 0x00007ff3e822d800
RDI=0x00007ff3e822d9e8 is an unknown value
R8 =0x00007ff3e81b4e08 is an unknown value
R9 =0x00007ff3796dcee0 is pointing into the stack for thread: 0x00007ff3e822d800
R10=0x0000000000000011 is an unknown value
R11=0x00007ff3d95980c0 is at entry_point+32 in (nmethod*)0x00007ff3d9597f50
R12=0x00007ff3e822d800 is a thread
R13=0x00007ff3e81b4e08 is an unknown value
R14=0x0000000000000001 is an unknown value
R15=0x00007ff3e822d9e8 is an unknown value


Stack: [0x00007ff3795e1000,0x00007ff3796e2000],  sp=0x00007ff3796dcd30,  free space=1007k
Native frames: (J=compiled Java code, j=interpreted, Vv=VM code, C=native code)
V  [libjvm.so+0x6a9c78]  jni_invoke_nonstatic(JNIEnv_*, JavaValue*, _jobject*, JNICallType, _jmethodID*, JNI_ArgumentPusher*, Thread*)+0x38
V  [libjvm.so+0x6ba06f]  jni_CallVoidMethodV+0x10f
C  [libglass.so+0x145e8]  JNIEnv_::CallVoidMethod(_jobject*, _jmethodID*, ...)+0x98
C  [libglass.so+0x21e15]  WindowContextBase::process_key(_GdkEventKey*)+0x225
C  [libglass.so+0x1abf0]  WindowContextBase::im_filter_keypress(_GdkEventKey*)+0x1f0
C  [libglass.so+0x24ca4]  process_events(_GdkEvent*, void*)+0x204
C  [libgdk-x11-2.0.so.0+0x591ec]

Java frames: (J=compiled Java code, j=interpreted, Vv=VM code)
j  com.sun.glass.ui.gtk.GtkApplication.enterNestedEventLoopImpl()V+0
j  com.sun.glass.ui.gtk.GtkApplication._enterNestedEventLoop()Ljava/lang/Object;+15
j  com.sun.glass.ui.Application.enterNestedEventLoop()Ljava/lang/Object;+14
j  com.sun.glass.ui.EventLoop.enter()Ljava/lang/Object;+42
j  com.sun.javafx.tk.quantum.QuantumToolkit.enterNestedEventLoop(Ljava/lang/Object;)Ljava/lang/Object;+107
j  javafx.stage.Stage.showAndWait()V+74
j  br.inpe.psossl.controller.FrmMainController.configAlgorithmParamsAction(Ljavafx/event/ActionEvent;)V+663
v  ~StubRoutines::call_stub
J 1005  sun.reflect.NativeMethodAccessorImpl.invoke0(Ljava/lang/reflect/Method;Ljava/lang/Object;[Ljava/lang/Object;)Ljava/lang/Object; (0 bytes) @ 0x00007ff3d8f85077 [0x00007ff3d8f85000+0x77]
J 1004 C1 sun.reflect.NativeMethodAccessorImpl.invoke(Ljava/lang/Object;[Ljava/lang/Object;)Ljava/lang/Object; (104 bytes) @ 0x00007ff3d8f8430c [0x00007ff3d8f83180+0x118c]
J 922 C1 sun.reflect.DelegatingMethodAccessorImpl.invoke(Ljava/lang/Object;[Ljava/lang/Object;)Ljava/lang/Object; (10 bytes) @ 0x00007ff3d8f392c4 [0x00007ff3d8f391c0+0x104]
J 921 C1 java.lang.reflect.Method.invoke(Ljava/lang/Object;[Ljava/lang/Object;)Ljava/lang/Object; (62 bytes) @ 0x00007ff3d8f39a84 [0x00007ff3d8f396a0+0x3e4]
J 1009 C1 sun.reflect.GeneratedMethodAccessor1.invoke(Ljava/lang/Object;[Ljava/lang/Object;)Ljava/lang/Object; (65 bytes) @ 0x00007ff3d8f88a34 [0x00007ff3d8f88680+0x3b4]
J 922 C1 sun.reflect.DelegatingMethodAccessorImpl.invoke(Ljava/lang/Object;[Ljava/lang/Object;)Ljava/lang/Object; (10 bytes) @ 0x00007ff3d8f392c4 [0x00007ff3d8f391c0+0x104]
J 921 C1 java.lang.reflect.Method.invoke(Ljava/lang/Object;[Ljava/lang/Object;)Ljava/lang/Object; (62 bytes) @ 0x00007ff3d8f39a84 [0x00007ff3d8f396a0+0x3e4]
J 943 C1 sun.reflect.misc.MethodUtil.invoke(Ljava/lang/reflect/Method;Ljava/lang/Object;[Ljava/lang/Object;)Ljava/lang/Object; (111 bytes) @ 0x00007ff3d8f4cecc [0x00007ff3d8f4ca00+0x4cc]
j  javafx.fxml.FXMLLoader$MethodHandler.invoke([Ljava/lang/Object;)V+19
j  javafx.fxml.FXMLLoader$ControllerMethodEventHandler.handle(Ljavafx/event/Event;)V+12
J 2978 C1 com.sun.javafx.event.CompositeEventHandler.dispatchBubblingEvent(Ljavafx/event/Event;)V (57 bytes) @ 0x00007ff3d9528a04 [0x00007ff3d9528640+0x3c4]
J 2832 C1 com.sun.javafx.event.EventHandlerManager.dispatchBubblingEvent(Ljavafx/event/Event;)Ljavafx/event/Event; (23 bytes) @ 0x00007ff3d94b8724 [0x00007ff3d94b8080+0x6a4]
J 2831 C1 com.sun.javafx.event.CompositeEventDispatcher.dispatchBubblingEvent(Ljavafx/event/Event;)Ljavafx/event/Event; (35 bytes) @ 0x00007ff3d94b79dc [0x00007ff3d94b7820+0x1bc]
J 2610 C1 com.sun.javafx.event.BasicEventDispatcher.dispatchEvent(Ljavafx/event/Event;Ljavafx/event/EventDispatchChain;)Ljavafx/event/Event; (44 bytes) @ 0x00007ff3d94176b4 [0x00007ff3d9417380+0x334]
J 2555 C1 com.sun.javafx.event.EventDispatchChainImpl.dispatchEvent(Ljavafx/event/Event;)Ljavafx/event/Event; (101 bytes) @ 0x00007ff3d93e6684 [0x00007ff3d93e64e0+0x1a4]
J 2610 C1 com.sun.javafx.event.BasicEventDispatcher.dispatchEvent(Ljavafx/event/Event;Ljavafx/event/EventDispatchChain;)Ljavafx/event/Event; (44 bytes) @ 0x00007ff3d94175cc [0x00007ff3d9417380+0x24c]
J 2555 C1 com.sun.javafx.event.EventDispatchChainImpl.dispatchEvent(Ljavafx/event/Event;)Ljavafx/event/Event; (101 bytes) @ 0x00007ff3d93e6684 [0x00007ff3d93e64e0+0x1a4]
J 2610 C1 com.sun.javafx.event.BasicEventDispatcher.dispatchEvent(Ljavafx/event/Event;Ljavafx/event/EventDispatchChain;)Ljavafx/event/Event; (44 bytes) @ 0x00007ff3d94175cc [0x00007ff3d9417380+0x24c]
J 2555 C1 com.sun.javafx.event.EventDispatchChainImpl.dispatchEvent(Ljavafx/event/Event;)Ljavafx/event/Event; (101 bytes) @ 0x00007ff3d93e6684 [0x00007ff3d93e64e0+0x1a4]
J 2610 C1 com.sun.javafx.event.BasicEventDispatcher.dispatchEvent(Ljavafx/event/Event;Ljavafx/event/EventDispatchChain;)Ljavafx/event/Event; (44 bytes) @ 0x00007ff3d94175cc [0x00007ff3d9417380+0x24c]
J 2555 C1 com.sun.javafx.event.EventDispatchChainImpl.dispatchEvent(Ljavafx/event/Event;)Ljavafx/event/Event; (101 bytes) @ 0x00007ff3d93e6684 [0x00007ff3d93e64e0+0x1a4]
J 3152 C1 com.sun.javafx.event.EventUtil.fireEvent(Ljavafx/event/EventTarget;Ljavafx/event/Event;)Ljavafx/event/Event; (81 bytes) @ 0x00007ff3d95a2ed4 [0x00007ff3d95a2300+0xbd4]
J 3151 C1 javafx.event.Event.fireEvent(Ljavafx/event/EventTarget;Ljavafx/event/Event;)V (35 bytes) @ 0x00007ff3d959942c [0x00007ff3d9599360+0xcc]
j  javafx.scene.Node.fireEvent(Ljavafx/event/Event;)V+86
j  javafx.scene.control.Button.fire()V+15
j  com.sun.javafx.scene.control.behavior.ButtonBehavior.mouseReleased(Ljavafx/scene/input/MouseEvent;)V+23
j  com.sun.javafx.scene.control.skin.BehaviorSkinBase$1.handle(Ljavafx/scene/input/MouseEvent;)V+83
j  com.sun.javafx.scene.control.skin.BehaviorSkinBase$1.handle(Ljavafx/event/Event;)V+5
j  com.sun.javafx.event.CompositeEventHandler$NormalEventHandlerRecord.handleBubblingEvent(Ljavafx/event/Event;)V+5
J 2978 C1 com.sun.javafx.event.CompositeEventHandler.dispatchBubblingEvent(Ljavafx/event/Event;)V (57 bytes) @ 0x00007ff3d952887c [0x00007ff3d9528640+0x23c]
J 2832 C1 com.sun.javafx.event.EventHandlerManager.dispatchBubblingEvent(Ljavafx/event/Event;)Ljavafx/event/Event; (23 bytes) @ 0x00007ff3d94b8724 [0x00007ff3d94b8080+0x6a4]
J 2831 C1 com.sun.javafx.event.CompositeEventDispatcher.dispatchBubblingEvent(Ljavafx/event/Event;)Ljavafx/event/Event; (35 bytes) @ 0x00007ff3d94b79dc [0x00007ff3d94b7820+0x1bc]
J 2610 C1 com.sun.javafx.event.BasicEventDispatcher.dispatchEvent(Ljavafx/event/Event;Ljavafx/event/EventDispatchChain;)Ljavafx/event/Event; (44 bytes) @ 0x00007ff3d94176b4 [0x00007ff3d9417380+0x334]
J 2555 C1 com.sun.javafx.event.EventDispatchChainImpl.dispatchEvent(Ljavafx/event/Event;)Ljavafx/event/Event; (101 bytes) @ 0x00007ff3d93e6684 [0x00007ff3d93e64e0+0x1a4]
J 2610 C1 com.sun.javafx.event.BasicEventDispatcher.dispatchEvent(Ljavafx/event/Event;Ljavafx/event/EventDispatchChain;)Ljavafx/event/Event; (44 bytes) @ 0x00007ff3d94175cc [0x00007ff3d9417380+0x24c]
J 2555 C1 com.sun.javafx.event.EventDispatchChainImpl.dispatchEvent(Ljavafx/event/Event;)Ljavafx/event/Event; (101 bytes) @ 0x00007ff3d93e6684 [0x00007ff3d93e64e0+0x1a4]
J 2610 C1 com.sun.javafx.event.BasicEventDispatcher.dispatchEvent(Ljavafx/event/Event;Ljavafx/event/EventDispatchChain;)Ljavafx/event/Event; (44 bytes) @ 0x00007ff3d94175cc [0x00007ff3d9417380+0x24c]
J 2555 C1 com.sun.javafx.event.EventDispatchChainImpl.dispatchEvent(Ljavafx/event/Event;)Ljavafx/event/Event; (101 bytes) @ 0x00007ff3d93e6684 [0x00007ff3d93e64e0+0x1a4]
J 2610 C1 com.sun.javafx.event.BasicEventDispatcher.dispatchEvent(Ljavafx/event/Event;Ljavafx/event/EventDispatchChain;)Ljavafx/event/Event; (44 bytes) @ 0x00007ff3d94175cc [0x00007ff3d9417380+0x24c]
J 2555 C1 com.sun.javafx.event.EventDispatchChainImpl.dispatchEvent(Ljavafx/event/Event;)Ljavafx/event/Event; (101 bytes) @ 0x00007ff3d93e6684 [0x00007ff3d93e64e0+0x1a4]
J 3152 C1 com.sun.javafx.event.EventUtil.fireEvent(Ljavafx/event/EventTarget;Ljavafx/event/Event;)Ljavafx/event/Event; (81 bytes) @ 0x00007ff3d95a2a24 [0x00007ff3d95a2300+0x724]
J 3151 C1 javafx.event.Event.fireEvent(Ljavafx/event/EventTarget;Ljavafx/event/Event;)V (35 bytes) @ 0x00007ff3d959942c [0x00007ff3d9599360+0xcc]
j  javafx.scene.Scene$MouseHandler.process(Ljavafx/scene/input/MouseEvent;Z)V+491
j  javafx.scene.Scene$MouseHandler.access$1500(Ljavafx/scene/Scene$MouseHandler;Ljavafx/scene/input/MouseEvent;Z)V+3
j  javafx.scene.Scene.impl_processMouseEvent(Ljavafx/scene/input/MouseEvent;)V+6
j  javafx.scene.Scene$ScenePeerListener.mouseEvent(Ljavafx/event/EventType;DDDDLjavafx/scene/input/MouseButton;ZZZZZZZZZ)V+46
j  com.sun.javafx.tk.quantum.GlassViewEventHandler$MouseEventNotification.run()Ljava/lang/Void;+438
j  com.sun.javafx.tk.quantum.GlassViewEventHandler$MouseEventNotification.run()Ljava/lang/Object;+1
v  ~StubRoutines::call_stub
J 2903  java.security.AccessController.doPrivileged(Ljava/security/PrivilegedAction;Ljava/security/AccessControlContext;)Ljava/lang/Object; (0 bytes) @ 0x00007ff3d94ecda3 [0x00007ff3d94ecd40+0x63]
j  com.sun.javafx.tk.quantum.GlassViewEventHandler.handleMouseEvent(Lcom/sun/glass/ui/View;JIIIIIIIZZ)V+108
j  com.sun.glass.ui.View.handleMouseEvent(JIIIIIIIZZ)V+30
j  com.sun.glass.ui.View.notifyMouse(IIIIIIIZZ)V+181
v  ~StubRoutines::call_stub
j  com.sun.glass.ui.gtk.GtkApplication._runLoop(Ljava/lang/Runnable;Z)V+0
j  com.sun.glass.ui.gtk.GtkApplication.lambda$null$45(Ljava/lang/Runnable;Z)V+7
j  com.sun.glass.ui.gtk.GtkApplication$$Lambda$42.run()V+12
j  java.lang.Thread.run()V+11
v  ~StubRoutines::call_stub

---------------  P R O C E S S  ---------------

Java Threads: ( => current thread )
  0x00007ff36c340800 JavaThread "Prism Font Disposer" daemon [_thread_blocked, id=22870, stack(0x00007ff3783d0000,0x00007ff3784d1000)]
  0x00007ff3e8239800 JavaThread "JavaFX-Launcher" [_thread_blocked, id=22868, stack(0x00007ff379454000,0x00007ff379555000)]
=>0x00007ff3e822d800 JavaThread "JavaFX Application Thread" [_thread_in_vm, id=22867, stack(0x00007ff3795e1000,0x00007ff3796e2000)]
  0x00007ff3e8213800 JavaThread "Thread-1" daemon [_thread_blocked, id=22866, stack(0x00007ff3796e2000,0x00007ff3797e3000)]
  0x00007ff3e81a1000 JavaThread "QuantumRenderer-0" daemon [_thread_blocked, id=22865, stack(0x00007ff3b1662000,0x00007ff3b1763000)]
  0x00007ff3e80d2000 JavaThread "Service Thread" daemon [_thread_blocked, id=22863, stack(0x00007ff3b18f0000,0x00007ff3b19f1000)]
  0x00007ff3e80ba000 JavaThread "C1 CompilerThread3" daemon [_thread_blocked, id=22862, stack(0x00007ff3b19f1000,0x00007ff3b1af2000)]
  0x00007ff3e80b8000 JavaThread "C2 CompilerThread2" daemon [_thread_blocked, id=22861, stack(0x00007ff3b1af2000,0x00007ff3b1bf3000)]
  0x00007ff3e80b6800 JavaThread "C2 CompilerThread1" daemon [_thread_blocked, id=22860, stack(0x00007ff3b1bf3000,0x00007ff3b1cf4000)]
  0x00007ff3e80b3800 JavaThread "C2 CompilerThread0" daemon [_thread_blocked, id=22859, stack(0x00007ff3b1cf4000,0x00007ff3b1df5000)]
  0x00007ff3e80b1800 JavaThread "Signal Dispatcher" daemon [_thread_blocked, id=22858, stack(0x00007ff3b1df5000,0x00007ff3b1ef6000)]
  0x00007ff3e8084000 JavaThread "Finalizer" daemon [_thread_blocked, id=22857, stack(0x00007ff3b21c1000,0x00007ff3b22c2000)]
  0x00007ff3e8082000 JavaThread "Reference Handler" daemon [_thread_blocked, id=22856, stack(0x00007ff3b22c2000,0x00007ff3b23c3000)]
  0x00007ff3e800a000 JavaThread "main" [_thread_blocked, id=22846, stack(0x00007ff3eeb59000,0x00007ff3eec5a000)]

Other Threads:
  0x00007ff3e807b000 VMThread [stack: 0x00007ff3b23c3000,0x00007ff3b24c4000] [id=22855]
  0x00007ff3e80d4800 WatcherThread [stack: 0x00007ff3b17ef000,0x00007ff3b18f0000] [id=22864]

VM state:not at safepoint (normal execution)

VM Mutex/Monitor currently owned by a thread: None

Heap:
 PSYoungGen      total 28160K, used 11837K [0x00000000e1400000, 0x00000000e3300000, 0x0000000100000000)
  eden space 24576K, 48% used [0x00000000e1400000,0x00000000e1f8f540,0x00000000e2c00000)
  from space 3584K, 0% used [0x00000000e2c00000,0x00000000e2c00000,0x00000000e2f80000)
  to   space 3584K, 0% used [0x00000000e2f80000,0x00000000e2f80000,0x00000000e3300000)
 ParOldGen       total 39936K, used 9600K [0x00000000a3c00000, 0x00000000a6300000, 0x00000000e1400000)
  object space 39936K, 24% used [0x00000000a3c00000,0x00000000a4560090,0x00000000a6300000)
 Metaspace       used 20331K, capacity 21816K, committed 21888K, reserved 1069056K
  class space    used 2948K, capacity 3169K, committed 3200K, reserved 1048576K

Card table byte_map: [0x00007ff3d8536000,0x00007ff3d8819000] byte_map_base: 0x00007ff3d8018000

Marking Bits: (ParMarkBitMap*) 0x00007ff3ee0382c0
 Begin Bits: [0x00007ff3d4e23000, 0x00007ff3d6533000)
 End Bits:   [0x00007ff3d6533000, 0x00007ff3d7c43000)

Polling page: 0x00007ff3eec7f000

CodeCache: size=245760Kb used=10827Kb max_used=11251Kb free=234932Kb
 bounds [0x00007ff3d8bd9000, 0x00007ff3d96e9000, 0x00007ff3e7bd9000]
 total_blobs=4051 nmethods=3382 adapters=583
 compilation: enabled

Compilation events (10 events):
Event: 36,256 Thread 0x00007ff3e80ba000 3591       3       com.sun.javafx.tk.quantum.ViewScene::getWindowStage (8 bytes)
Event: 36,256 Thread 0x00007ff3e80ba000 nmethod 3591 0x00007ff3d8cfa850 code [0x00007ff3d8cfa9c0, 0x00007ff3d8cfac90]
Event: 36,278 Thread 0x00007ff3e80ba000 3592       3       com.sun.scenario.animation.AbstractMasterTimer$MainLoop::updateNextPulseTime (170 bytes)
Event: 36,278 Thread 0x00007ff3e80ba000 nmethod 3592 0x00007ff3d8e54410 code [0x00007ff3d8e545c0, 0x00007ff3d8e54ba8]
Event: 36,278 Thread 0x00007ff3e80ba000 3593       3       com.sun.scenario.animation.AbstractMasterTimer::access$300 (4 bytes)
Event: 36,278 Thread 0x00007ff3e80ba000 nmethod 3593 0x00007ff3d8efff10 code [0x00007ff3d8f00060, 0x00007ff3d8f001b0]
Event: 36,278 Thread 0x00007ff3e80ba000 3594       3       com.sun.scenario.animation.AbstractMasterTimer::access$400 (4 bytes)
Event: 36,278 Thread 0x00007ff3e80ba000 nmethod 3594 0x00007ff3d8f00d10 code [0x00007ff3d8f00e60, 0x00007ff3d8f00fb0]
Event: 36,603 Thread 0x00007ff3e80ba000 3595       3       jdk.internal.org.objectweb.asm.FieldWriter::getSize (262 bytes)
Event: 36,605 Thread 0x00007ff3e80ba000 nmethod 3595 0x00007ff3d8cf1310 code [0x00007ff3d8cf15a0, 0x00007ff3d8cf2488]

GC Heap History (8 events):
Event: 16,133 GC heap before
{Heap before GC invocations=1 (full 0):
 PSYoungGen      total 28160K, used 24576K [0x00000000e1400000, 0x00000000e3300000, 0x0000000100000000)
  eden space 24576K, 100% used [0x00000000e1400000,0x00000000e2c00000,0x00000000e2c00000)
  from space 3584K, 0% used [0x00000000e2f80000,0x00000000e2f80000,0x00000000e3300000)
  to   space 3584K, 0% used [0x00000000e2c00000,0x00000000e2c00000,0x00000000e2f80000)
 ParOldGen       total 64512K, used 0K [0x00000000a3c00000, 0x00000000a7b00000, 0x00000000e1400000)
  object space 64512K, 0% used [0x00000000a3c00000,0x00000000a3c00000,0x00000000a7b00000)
 Metaspace       used 10470K, capacity 10872K, committed 11008K, reserved 1058816K
  class space    used 1392K, capacity 1515K, committed 1536K, reserved 1048576K
Event: 16,140 GC heap after
Heap after GC invocations=1 (full 0):
 PSYoungGen      total 28160K, used 3376K [0x00000000e1400000, 0x00000000e3300000, 0x0000000100000000)
  eden space 24576K, 0% used [0x00000000e1400000,0x00000000e1400000,0x00000000e2c00000)
  from space 3584K, 94% used [0x00000000e2c00000,0x00000000e2f4c030,0x00000000e2f80000)
  to   space 3584K, 0% used [0x00000000e2f80000,0x00000000e2f80000,0x00000000e3300000)
 ParOldGen       total 64512K, used 80K [0x00000000a3c00000, 0x00000000a7b00000, 0x00000000e1400000)
  object space 64512K, 0% used [0x00000000a3c00000,0x00000000a3c14010,0x00000000a7b00000)
 Metaspace       used 10470K, capacity 10872K, committed 11008K, reserved 1058816K
  class space    used 1392K, capacity 1515K, committed 1536K, reserved 1048576K
}
Event: 19,361 GC heap before
{Heap before GC invocations=2 (full 0):
 PSYoungGen      total 28160K, used 27952K [0x00000000e1400000, 0x00000000e3300000, 0x0000000100000000)
  eden space 24576K, 100% used [0x00000000e1400000,0x00000000e2c00000,0x00000000e2c00000)
  from space 3584K, 94% used [0x00000000e2c00000,0x00000000e2f4c030,0x00000000e2f80000)
  to   space 3584K, 0% used [0x00000000e2f80000,0x00000000e2f80000,0x00000000e3300000)
 ParOldGen       total 64512K, used 80K [0x00000000a3c00000, 0x00000000a7b00000, 0x00000000e1400000)
  object space 64512K, 0% used [0x00000000a3c00000,0x00000000a3c14010,0x00000000a7b00000)
 Metaspace       used 15858K, capacity 16704K, committed 16896K, reserved 1062912K
  class space    used 2353K, capacity 2505K, committed 2560K, reserved 1048576K
Event: 19,371 GC heap after
Heap after GC invocations=2 (full 0):
 PSYoungGen      total 28160K, used 3568K [0x00000000e1400000, 0x00000000e3300000, 0x0000000100000000)
  eden space 24576K, 0% used [0x00000000e1400000,0x00000000e1400000,0x00000000e2c00000)
  from space 3584K, 99% used [0x00000000e2f80000,0x00000000e32fc030,0x00000000e3300000)
  to   space 3584K, 0% used [0x00000000e2c00000,0x00000000e2c00000,0x00000000e2f80000)
 ParOldGen       total 64512K, used 1832K [0x00000000a3c00000, 0x00000000a7b00000, 0x00000000e1400000)
  object space 64512K, 2% used [0x00000000a3c00000,0x00000000a3dca2f0,0x00000000a7b00000)
 Metaspace       used 15858K, capacity 16704K, committed 16896K, reserved 1062912K
  class space    used 2353K, capacity 2505K, committed 2560K, reserved 1048576K
}
Event: 26,473 GC heap before
{Heap before GC invocations=3 (full 0):
 PSYoungGen      total 28160K, used 25265K [0x00000000e1400000, 0x00000000e3300000, 0x0000000100000000)
  eden space 24576K, 88% used [0x00000000e1400000,0x00000000e2930458,0x00000000e2c00000)
  from space 3584K, 99% used [0x00000000e2f80000,0x00000000e32fc030,0x00000000e3300000)
  to   space 3584K, 0% used [0x00000000e2c00000,0x00000000e2c00000,0x00000000e2f80000)
 ParOldGen       total 64512K, used 1832K [0x00000000a3c00000, 0x00000000a7b00000, 0x00000000e1400000)
  object space 64512K, 2% used [0x00000000a3c00000,0x00000000a3dca2f0,0x00000000a7b00000)
 Metaspace       used 19818K, capacity 21234K, committed 21296K, reserved 1067008K
  class space    used 2920K, capacity 3160K, committed 3200K, reserved 1048576K
Event: 26,493 GC heap after
Heap after GC invocations=3 (full 0):
 PSYoungGen      total 28160K, used 3552K [0x00000000e1400000, 0x00000000e3300000, 0x0000000100000000)
  eden space 24576K, 0% used [0x00000000e1400000,0x00000000e1400000,0x00000000e2c00000)
  from space 3584K, 99% used [0x00000000e2c00000,0x00000000e2f78058,0x00000000e2f80000)
  to   space 3584K, 0% used [0x00000000e2f80000,0x00000000e2f80000,0x00000000e3300000)
 ParOldGen       total 64512K, used 6586K [0x00000000a3c00000, 0x00000000a7b00000, 0x00000000e1400000)
  object space 64512K, 10% used [0x00000000a3c00000,0x00000000a426e830,0x00000000a7b00000)
 Metaspace       used 19818K, capacity 21234K, committed 21296K, reserved 1067008K
  class space    used 2920K, capacity 3160K, committed 3200K, reserved 1048576K
}
Event: 26,493 GC heap before
{Heap before GC invocations=4 (full 1):
 PSYoungGen      total 28160K, used 3552K [0x00000000e1400000, 0x00000000e3300000, 0x0000000100000000)
  eden space 24576K, 0% used [0x00000000e1400000,0x00000000e1400000,0x00000000e2c00000)
  from space 3584K, 99% used [0x00000000e2c00000,0x00000000e2f78058,0x00000000e2f80000)
  to   space 3584K, 0% used [0x00000000e2f80000,0x00000000e2f80000,0x00000000e3300000)
 ParOldGen       total 64512K, used 6586K [0x00000000a3c00000, 0x00000000a7b00000, 0x00000000e1400000)
  object space 64512K, 10% used [0x00000000a3c00000,0x00000000a426e830,0x00000000a7b00000)
 Metaspace       used 19818K, capacity 21234K, committed 21296K, reserved 1067008K
  class space    used 2920K, capacity 3160K, committed 3200K, reserved 1048576K
Event: 26,676 GC heap after
Heap after GC invocations=4 (full 1):
 PSYoungGen      total 28160K, used 0K [0x00000000e1400000, 0x00000000e3300000, 0x0000000100000000)
  eden space 24576K, 0% used [0x00000000e1400000,0x00000000e1400000,0x00000000e2c00000)
  from space 3584K, 0% used [0x00000000e2c00000,0x00000000e2c00000,0x00000000e2f80000)
  to   space 3584K, 0% used [0x00000000e2f80000,0x00000000e2f80000,0x00000000e3300000)
 ParOldGen       total 39936K, used 9600K [0x00000000a3c00000, 0x00000000a6300000, 0x00000000e1400000)
  object space 39936K, 24% used [0x00000000a3c00000,0x00000000a4560090,0x00000000a6300000)
 Metaspace       used 19816K, capacity 21232K, committed 21296K, reserved 1067008K
  class space    used 2919K, capacity 3159K, committed 3200K, reserved 1048576K
}

Deoptimization events (10 events):
Event: 20,817 Thread 0x00007ff3e822d800 Uncommon trap: reason=bimorphic action=maybe_recompile pc=0x00007ff3d928d114 method=javafx.scene.Node.impl_geomChanged()V @ 33
Event: 20,817 Thread 0x00007ff3e822d800 Uncommon trap: reason=class_check action=maybe_recompile pc=0x00007ff3d92904e4 method=javafx.scene.Node.transformedBoundsChanged()V @ 28
Event: 20,817 Thread 0x00007ff3e822d800 Uncommon trap: reason=bimorphic action=maybe_recompile pc=0x00007ff3d928d114 method=javafx.scene.Node.impl_geomChanged()V @ 33
Event: 20,817 Thread 0x00007ff3e822d800 Uncommon trap: reason=class_check action=maybe_recompile pc=0x00007ff3d92904e4 method=javafx.scene.Node.transformedBoundsChanged()V @ 28
Event: 25,081 Thread 0x00007ff3e822d800 Uncommon trap: reason=unreached action=reinterpret pc=0x00007ff3d92e9cd8 method=javafx.scene.CssStyleHelper.canReuseStyleHelper(Ljavafx/scene/Node;Lcom/sun/javafx/css/StyleMap;)Z @ 57
Event: 25,119 Thread 0x00007ff3e822d800 Uncommon trap: reason=class_check action=maybe_recompile pc=0x00007ff3d93f9e0c method=javafx.scene.Node.updateLocalToParentTransform()V @ 11
Event: 25,120 Thread 0x00007ff3e822d800 Uncommon trap: reason=class_check action=maybe_recompile pc=0x00007ff3d93f9e0c method=javafx.scene.Node.updateLocalToParentTransform()V @ 11
Event: 25,120 Thread 0x00007ff3e822d800 Uncommon trap: reason=class_check action=maybe_recompile pc=0x00007ff3d93f9e0c method=javafx.scene.Node.updateLocalToParentTransform()V @ 11
Event: 25,121 Thread 0x00007ff3e822d800 Uncommon trap: reason=class_check action=maybe_recompile pc=0x00007ff3d93f9e0c method=javafx.scene.Node.updateLocalToParentTransform()V @ 11
Event: 27,212 Thread 0x00007ff3e822d800 Uncommon trap: reason=unreached action=reinterpret pc=0x00007ff3d90dd518 method=java.util.WeakHashMap.expungeStaleEntries()V @ 9

Internal exceptions (10 events):
Event: 28,432 Thread 0x00007ff3e822d800 Exception <a 'java/security/PrivilegedActionException'> (0x00000000e1c1f258) thrown at [/HUDSON/workspace/8-2-build-linux-amd64/jdk8u25/1514/hotspot/src/share/vm/prims/jvm.cpp, line 1312]
Event: 28,432 Thread 0x00007ff3e822d800 Exception <a 'java/security/PrivilegedActionException'> (0x00000000e1c3b840) thrown at [/HUDSON/workspace/8-2-build-linux-amd64/jdk8u25/1514/hotspot/src/share/vm/prims/jvm.cpp, line 1312]
Event: 28,433 Thread 0x00007ff3e822d800 Exception <a 'java/security/PrivilegedActionException'> (0x00000000e1c57508) thrown at [/HUDSON/workspace/8-2-build-linux-amd64/jdk8u25/1514/hotspot/src/share/vm/prims/jvm.cpp, line 1312]
Event: 28,433 Thread 0x00007ff3e822d800 Exception <a 'java/security/PrivilegedActionException'> (0x00000000e1c73eb8) thrown at [/HUDSON/workspace/8-2-build-linux-amd64/jdk8u25/1514/hotspot/src/share/vm/prims/jvm.cpp, line 1312]
Event: 28,433 Thread 0x00007ff3e822d800 Exception <a 'java/security/PrivilegedActionException'> (0x00000000e1c90390) thrown at [/HUDSON/workspace/8-2-build-linux-amd64/jdk8u25/1514/hotspot/src/share/vm/prims/jvm.cpp, line 1312]
Event: 28,434 Thread 0x00007ff3e822d800 Exception <a 'java/security/PrivilegedActionException'> (0x00000000e1cad600) thrown at [/HUDSON/workspace/8-2-build-linux-amd64/jdk8u25/1514/hotspot/src/share/vm/prims/jvm.cpp, line 1312]
Event: 33,214 Thread 0x00007ff3e822d800 Exception <a 'java/security/PrivilegedActionException'> (0x00000000e1eceb70) thrown at [/HUDSON/workspace/8-2-build-linux-amd64/jdk8u25/1514/hotspot/src/share/vm/prims/jvm.cpp, line 1312]
Event: 33,214 Thread 0x00007ff3e822d800 Exception <a 'java/security/PrivilegedActionException'> (0x00000000e1ed0bd0) thrown at [/HUDSON/workspace/8-2-build-linux-amd64/jdk8u25/1514/hotspot/src/share/vm/prims/jvm.cpp, line 1312]
Event: 33,214 Thread 0x00007ff3e822d800 Exception <a 'java/security/PrivilegedActionException'> (0x00000000e1ed4038) thrown at [/HUDSON/workspace/8-2-build-linux-amd64/jdk8u25/1514/hotspot/src/share/vm/prims/jvm.cpp, line 1312]
Event: 33,214 Thread 0x00007ff3e822d800 Exception <a 'java/security/PrivilegedActionException'> (0x00000000e1ed6168) thrown at [/HUDSON/workspace/8-2-build-linux-amd64/jdk8u25/1514/hotspot/src/share/vm/prims/jvm.cpp, line 1312]

Events (10 events):
Event: 35,988 Thread 0x00007ff3e80ba000 flushing nmethod 0x00007ff3d90ee490
Event: 35,988 Thread 0x00007ff3e80ba000 flushing nmethod 0x00007ff3d90eea50
Event: 35,988 Thread 0x00007ff3e80ba000 flushing nmethod 0x00007ff3d9101f90
Event: 35,989 Thread 0x00007ff3e80ba000 flushing nmethod 0x00007ff3d9145390
Event: 36,601 loading class javafx/scene/input/KeyCombination$2
Event: 36,601 loading class javafx/scene/input/KeyCombination$2 done
Event: 36,602 loading class com/sun/prism/GraphicsResource
Event: 36,602 loading class com/sun/prism/GraphicsResource done
Event: 36,602 loading class com/sun/prism/GraphicsResource
Event: 36,602 loading class com/sun/prism/GraphicsResource done


Dynamic libraries:
00400000-00401000 r-xp 00000000 08:01 409600                             /usr/lib/jvm/java-8-oracle/bin/java
00600000-00601000 rw-p 00000000 08:01 409600                             /usr/lib/jvm/java-8-oracle/bin/java
007a3000-007c4000 rw-p 00000000 00:00 0                                  [heap]
a3c00000-a6300000 rw-p 00000000 00:00 0 
a6300000-e1400000 ---p 00000000 00:00 0 
e1400000-e3300000 rw-p 00000000 00:00 0 
e3300000-100000000 ---p 00000000 00:00 0 
100000000-100320000 rw-p 00000000 00:00 0 
100320000-140000000 ---p 00000000 00:00 0 
7ff364000000-7ff364021000 rw-p 00000000 00:00 0 
7ff364021000-7ff368000000 ---p 00000000 00:00 0 
7ff36a980000-7ff36a9c0000 rw-p 00000000 00:00 0 
7ff36a9c0000-7ff36ab80000 ---p 00000000 00:00 0 
7ff36ab80000-7ff36ad80000 rw-s 116639000 00:05 9398                      /dev/dri/card0
7ff36ad80000-7ff36ae00000 rw-s 108060000 00:05 9398                      /dev/dri/card0
7ff36ae00000-7ff36b200000 rw-s 00000000 00:04 177864730                  /SYSV00000000 (deleted)
7ff36b200000-7ff36b400000 rw-s 11f642000 00:05 9398                      /dev/dri/card0
7ff36b400000-7ff36be00000 rwxp 00000000 00:00 0 
7ff36be00000-7ff36c000000 rw-p 00000000 00:00 0 
7ff36c000000-7ff36c73f000 rw-p 00000000 00:00 0 
7ff36c73f000-7ff370000000 ---p 00000000 00:00 0 
7ff370000000-7ff370021000 rw-p 00000000 00:00 0 
7ff370021000-7ff374000000 ---p 00000000 00:00 0 
7ff374000000-7ff374021000 rw-p 00000000 00:00 0 
7ff374021000-7ff378000000 ---p 00000000 00:00 0 
7ff378002000-7ff378082000 rw-s 1080e0000 00:05 9398                      /dev/dri/card0
7ff378084000-7ff378087000 rw-p 00000000 00:00 0 
7ff378087000-7ff378107000 rw-s 107fe0000 00:05 9398                      /dev/dri/card0
7ff378107000-7ff37810d000 r--p 00000000 08:01 809339                     /usr/share/locale-langpack/pt/LC_MESSAGES/gdk-pixbuf.mo
7ff37810d000-7ff378113000 r--p 00000000 08:01 929325                     /usr/share/locale-langpack/pt_BR/LC_MESSAGES/gdk-pixbuf.mo
7ff378113000-7ff3781bd000 r--p 00000000 08:01 1311974                    /usr/share/fonts/truetype/dejavu/DejaVuSans-Bold.ttf
7ff3781bd000-7ff3781d0000 r--s 00344000 08:01 409519                     /usr/lib/jvm/java-8-oracle/jre/lib/resources.jar
7ff3781d0000-7ff3783d0000 rw-p 00000000 00:00 0 
7ff3783d0000-7ff3783d3000 ---p 00000000 00:00 0 
7ff3783d3000-7ff3784d1000 rw-p 00000000 00:00 0                          [stack:22870]
7ff3784d1000-7ff378587000 r--p 00000000 08:01 1311978                    /usr/share/fonts/truetype/dejavu/DejaVuSans.ttf
7ff378587000-7ff378632000 r--p 00000000 08:01 409489                     /usr/lib/jvm/java-8-oracle/jre/lib/fonts/LucidaSansRegular.ttf
7ff378632000-7ff37866c000 r--p 00000000 08:01 409488                     /usr/lib/jvm/java-8-oracle/jre/lib/fonts/LucidaTypewriterBold.ttf
7ff37866c000-7ff37867f000 r--p 00000000 08:01 409487                     /usr/lib/jvm/java-8-oracle/jre/lib/fonts/LucidaBrightDemiItalic.ttf
7ff37867f000-7ff3786cd000 r--p 00000000 08:01 409486                     /usr/lib/jvm/java-8-oracle/jre/lib/fonts/LucidaSansDemiBold.ttf
7ff3786cd000-7ff378709000 r--p 00000000 08:01 409484                     /usr/lib/jvm/java-8-oracle/jre/lib/fonts/LucidaTypewriterRegular.ttf
7ff378709000-7ff37871d000 r--p 00000000 08:01 409483                     /usr/lib/jvm/java-8-oracle/jre/lib/fonts/LucidaBrightItalic.ttf
7ff37871d000-7ff378730000 r--p 00000000 08:01 409482                     /usr/lib/jvm/java-8-oracle/jre/lib/fonts/LucidaBrightDemiBold.ttf
7ff378730000-7ff378785000 r--p 00000000 08:01 409481                     /usr/lib/jvm/java-8-oracle/jre/lib/fonts/LucidaBrightRegular.ttf
7ff378785000-7ff378789000 r-xp 00000000 08:01 409423                     /usr/lib/jvm/java-8-oracle/jre/lib/amd64/libjavafx_font_pango.so
7ff378789000-7ff378988000 ---p 00004000 08:01 409423                     /usr/lib/jvm/java-8-oracle/jre/lib/amd64/libjavafx_font_pango.so
7ff378988000-7ff378989000 r--p 00003000 08:01 409423                     /usr/lib/jvm/java-8-oracle/jre/lib/amd64/libjavafx_font_pango.so
7ff378989000-7ff37898a000 rw-p 00004000 08:01 409423                     /usr/lib/jvm/java-8-oracle/jre/lib/amd64/libjavafx_font_pango.so
7ff37898a000-7ff378b8a000 rw-p 00000000 00:00 0 
7ff378b8a000-7ff378b8f000 r--s 00084000 08:01 409477                     /usr/lib/jvm/java-8-oracle/jre/lib/jfr.jar
7ff378b8f000-7ff378b9d000 r--s 00000000 08:01 669520                     /var/cache/fontconfig/6aa41aa22e18b8fa06a12da28ea9c28b-le64.cache-4
7ff378b9d000-7ff378b9e000 r--s 00000000 08:01 668698                     /var/cache/fontconfig/c05880de57d1f5e948fdfacc138775d9-le64.cache-4
7ff378b9e000-7ff378ba9000 r--s 00000000 08:01 668691                     /var/cache/fontconfig/945677eb7aeaf62f1d50efc3fb3ec7d8-le64.cache-4
7ff378ba9000-7ff378bab000 r--s 00000000 08:01 668693                     /var/cache/fontconfig/99e8ed0e538f840c565b6ed5dad60d56-le64.cache-4
7ff378bab000-7ff378bb1000 r--s 00000000 08:01 668676                     /var/cache/fontconfig/2cd17615ca594fa2959ae173292e504c-le64.cache-4
7ff378bb1000-7ff378bb2000 r--s 00000000 08:01 668708                     /var/cache/fontconfig/e7071f4a29fa870f4323321c154eba04-le64.cache-4
7ff378bb2000-7ff378bb3000 r--s 00000000 08:01 668673                     /var/cache/fontconfig/0d8c3b2ac0904cb8a57a757ad11a4a08-le64.cache-4
7ff378bb3000-7ff378bba000 r--s 00000000 08:01 668695                     /var/cache/fontconfig/a755afe4a08bf5b97852ceb7400b47bc-le64.cache-4
7ff378bba000-7ff378bc6000 r--s 00000000 08:01 668686                     /var/cache/fontconfig/6d41288fd70b0be22e8c3a91e032eec0-le64.cache-4
7ff378bc6000-7ff378bda000 r--s 00000000 08:01 668670                     /var/cache/fontconfig/04aabc0a78ac019cf9454389977116d2-le64.cache-4
7ff378bda000-7ff378bdb000 r--s 00000000 08:01 668675                     /var/cache/fontconfig/1ac9eb803944fde146138c791f5cc56a-le64.cache-4
7ff378bdb000-7ff378bdf000 r--s 00000000 08:01 668679                     /var/cache/fontconfig/385c0604a188198f04d133e54aba7fe7-le64.cache-4
7ff378bdf000-7ff378bf1000 r--s 00000000 08:01 668671                     /var/cache/fontconfig/0bd3dc0958fa2205aaaa8ebb13e2872b-le64.cache-4
7ff378bf1000-7ff378bf6000 r--s 00000000 08:01 668690                     /var/cache/fontconfig/8801497958630a81b71ace7c5f9b32a8-le64.cache-4
7ff378bf6000-7ff378bfd000 r--s 00000000 08:01 668677                     /var/cache/fontconfig/3047814df9a2f067bd2d96a2b9c36e5a-le64.cache-4
7ff378bfd000-7ff378c10000 r--s 00000000 08:01 668702                     /var/cache/fontconfig/d52a8644073d54c13679302ca1180695-le64.cache-4
7ff378c10000-7ff378c2e000 r--s 00000000 08:01 663509                     /var/cache/fontconfig/467c019e582ee353435ea5c21d137ef6-le64.cache-4
7ff378c2e000-7ff378c33000 r-xp 00000000 08:01 409468                     /usr/lib/jvm/java-8-oracle/jre/lib/amd64/libjavafx_font_freetype.so
7ff378c33000-7ff378e32000 ---p 00005000 08:01 409468                     /usr/lib/jvm/java-8-oracle/jre/lib/amd64/libjavafx_font_freetype.so
7ff378e32000-7ff378e33000 r--p 00004000 08:01 409468                     /usr/lib/jvm/java-8-oracle/jre/lib/amd64/libjavafx_font_freetype.so
7ff378e33000-7ff378e34000 rw-p 00005000 08:01 409468                     /usr/lib/jvm/java-8-oracle/jre/lib/amd64/libjavafx_font_freetype.so
7ff378e34000-7ff378e50000 r--s 00393000 08:01 409507                     /usr/lib/jvm/java-8-oracle/jre/lib/ext/cldrdata.jar
7ff378e50000-7ff379050000 rw-p 00000000 00:00 0 
7ff379050000-7ff379053000 r-xp 00000000 08:01 409467                     /usr/lib/jvm/java-8-oracle/jre/lib/amd64/libjavafx_font.so
7ff379053000-7ff379252000 ---p 00003000 08:01 409467                     /usr/lib/jvm/java-8-oracle/jre/lib/amd64/libjavafx_font.so
7ff379252000-7ff379253000 r--p 00002000 08:01 409467                     /usr/lib/jvm/java-8-oracle/jre/lib/amd64/libjavafx_font.so
7ff379253000-7ff379254000 rw-p 00003000 08:01 409467                     /usr/lib/jvm/java-8-oracle/jre/lib/amd64/libjavafx_font.so
7ff379254000-7ff379454000 rw-p 00000000 00:00 0 
7ff379454000-7ff379457000 ---p 00000000 00:00 0 
7ff379457000-7ff379555000 rw-p 00000000 00:00 0                          [stack:22868]
7ff379555000-7ff3795e1000 r--s 00fea000 00:1a 22151303                   /home/gustavo/Projetos/psossl/psossl/lib/jfxrt.jar
7ff3795e1000-7ff3795e4000 ---p 00000000 00:00 0 
7ff3795e4000-7ff3796e2000 rw-p 00000000 00:00 0                          [stack:22867]
7ff3796e2000-7ff3796e5000 ---p 00000000 00:00 0 
7ff3796e5000-7ff3797e3000 rw-p 00000000 00:00 0                          [stack:22866]
7ff3797e3000-7ff379812000 r-xp 00000000 08:01 789579                     /usr/lib/x86_64-linux-gnu/gtk-2.0/2.10.0/engines/libmurrine.so
7ff379812000-7ff379a12000 ---p 0002f000 08:01 789579                     /usr/lib/x86_64-linux-gnu/gtk-2.0/2.10.0/engines/libmurrine.so
7ff379a12000-7ff379a13000 r--p 0002f000 08:01 789579                     /usr/lib/x86_64-linux-gnu/gtk-2.0/2.10.0/engines/libmurrine.so
7ff379a13000-7ff379a14000 rw-p 00030000 08:01 789579                     /usr/lib/x86_64-linux-gnu/gtk-2.0/2.10.0/engines/libmurrine.so
7ff379a14000-7ff379a1d000 r-xp 00000000 08:01 789580                     /usr/lib/x86_64-linux-gnu/gtk-2.0/2.10.0/engines/libpixmap.so
7ff379a1d000-7ff379c1d000 ---p 00009000 08:01 789580                     /usr/lib/x86_64-linux-gnu/gtk-2.0/2.10.0/engines/libpixmap.so
7ff379c1d000-7ff379c1e000 r--p 00009000 08:01 789580                     /usr/lib/x86_64-linux-gnu/gtk-2.0/2.10.0/engines/libpixmap.so
7ff379c1e000-7ff379c1f000 rw-p 0000a000 08:01 789580                     /usr/lib/x86_64-linux-gnu/gtk-2.0/2.10.0/engines/libpixmap.so
7ff379c1f000-7ff379c49000 r-xp 00000000 08:01 409451                     /usr/lib/jvm/java-8-oracle/jre/lib/amd64/libglass.so
7ff379c49000-7ff379e49000 ---p 0002a000 08:01 409451                     /usr/lib/jvm/java-8-oracle/jre/lib/amd64/libglass.so
7ff379e49000-7ff379e4b000 r--p 0002a000 08:01 409451                     /usr/lib/jvm/java-8-oracle/jre/lib/amd64/libglass.so
7ff379e4b000-7ff379e4c000 rw-p 0002c000 08:01 409451                     /usr/lib/jvm/java-8-oracle/jre/lib/amd64/libglass.so
7ff379e4c000-7ff379e4d000 rw-p 00000000 00:00 0 
7ff379e4d000-7ff379e72000 r-xp 00000000 08:01 2101659                    /lib/x86_64-linux-gnu/libtinfo.so.5.9
7ff379e72000-7ff37a071000 ---p 00025000 08:01 2101659                    /lib/x86_64-linux-gnu/libtinfo.so.5.9
7ff37a071000-7ff37a075000 r--p 00024000 08:01 2101659                    /lib/x86_64-linux-gnu/libtinfo.so.5.9
7ff37a075000-7ff37a076000 rw-p 00028000 08:01 2101659                    /lib/x86_64-linux-gnu/libtinfo.so.5.9
7ff37a076000-7ff37b874000 r-xp 00000000 08:01 402071                     /usr/lib/x86_64-linux-gnu/libLLVM-3.4.so.1
7ff37b874000-7ff37ba02000 r--p 017fd000 08:01 402071                     /usr/lib/x86_64-linux-gnu/libLLVM-3.4.so.1
7ff37ba02000-7ff37ba04000 rw-p 0198b000 08:01 402071                     /usr/lib/x86_64-linux-gnu/libLLVM-3.4.so.1
7ff37ba04000-7ff37ba17000 rw-p 00000000 00:00 0 
7ff37ba17000-7ff37ba1d000 r-xp 00000000 08:01 399894                     /usr/lib/x86_64-linux-gnu/libdrm_nouveau.so.2.0.0
7ff37ba1d000-7ff37bc1c000 ---p 00006000 08:01 399894                     /usr/lib/x86_64-linux-gnu/libdrm_nouveau.so.2.0.0
7ff37bc1c000-7ff37bc1d000 r--p 00005000 08:01 399894                     /usr/lib/x86_64-linux-gnu/libdrm_nouveau.so.2.0.0
7ff37bc1d000-7ff37bc1e000 rw-p 00006000 08:01 399894                     /usr/lib/x86_64-linux-gnu/libdrm_nouveau.so.2.0.0
7ff37bc1e000-7ff37be07000 r-xp 00000000 08:01 402587                     /usr/lib/x86_64-linux-gnu/libgallium.so.0.0.0
7ff37be07000-7ff37c007000 ---p 001e9000 08:01 402587                     /usr/lib/x86_64-linux-gnu/libgallium.so.0.0.0
7ff37c007000-7ff37c017000 r--p 001e9000 08:01 402587                     /usr/lib/x86_64-linux-gnu/libgallium.so.0.0.0
7ff37c017000-7ff37c019000 rw-p 001f9000 08:01 402587                     /usr/lib/x86_64-linux-gnu/libgallium.so.0.0.0
7ff37c019000-7ff37c1e1000 rw-p 00000000 00:00 0 
7ff37c1e1000-7ff37c5da000 r-xp 00000000 08:01 788316                     /usr/lib/x86_64-linux-gnu/dri/nouveau_dri.so
7ff37c5da000-7ff37c7da000 ---p 003f9000 08:01 788316                     /usr/lib/x86_64-linux-gnu/dri/nouveau_dri.so
7ff37c7da000-7ff37c7eb000 r--p 003f9000 08:01 788316                     /usr/lib/x86_64-linux-gnu/dri/nouveau_dri.so
7ff37c7eb000-7ff37c7f3000 rw-p 0040a000 08:01 788316                     /usr/lib/x86_64-linux-gnu/dri/nouveau_dri.so
7ff37c7f3000-7ff37c80f000 rw-p 00000000 00:00 0 
7ff37c80f000-7ff37c853000 r-xp 00000000 08:01 2098171                    /lib/x86_64-linux-gnu/libdbus-1.so.3.7.6
7ff37c853000-7ff37ca52000 ---p 00044000 08:01 2098171                    /lib/x86_64-linux-gnu/libdbus-1.so.3.7.6
7ff37ca52000-7ff37ca53000 r--p 00043000 08:01 2098171                    /lib/x86_64-linux-gnu/libdbus-1.so.3.7.6
7ff37ca53000-7ff37ca54000 rw-p 00044000 08:01 2098171                    /lib/x86_64-linux-gnu/libdbus-1.so.3.7.6
7ff37ca54000-7ff37ca5c000 r-xp 00000000 08:01 2101575                    /lib/x86_64-linux-gnu/libnih-dbus.so.1.0.0
7ff37ca5c000-7ff37cc5c000 ---p 00008000 08:01 2101575                    /lib/x86_64-linux-gnu/libnih-dbus.so.1.0.0
7ff37cc5c000-7ff37cc5d000 r--p 00008000 08:01 2101575                    /lib/x86_64-linux-gnu/libnih-dbus.so.1.0.0
7ff37cc5d000-7ff37cc5e000 rw-p 00009000 08:01 2101575                    /lib/x86_64-linux-gnu/libnih-dbus.so.1.0.0
7ff37cc5e000-7ff37cc75000 r-xp 00000000 08:01 2101577                    /lib/x86_64-linux-gnu/libnih.so.1.0.0
7ff37cc75000-7ff37ce74000 ---p 00017000 08:01 2101577                    /lib/x86_64-linux-gnu/libnih.so.1.0.0
7ff37ce74000-7ff37ce75000 r--p 00016000 08:01 2101577                    /lib/x86_64-linux-gnu/libnih.so.1.0.0
7ff37ce75000-7ff37ce76000 rw-p 00017000 08:01 2101577                    /lib/x86_64-linux-gnu/libnih.so.1.0.0
7ff37ce76000-7ff37ce8f000 r-xp 00000000 08:01 2098161                    /lib/x86_64-linux-gnu/libcgmanager.so.0.0.0
7ff37ce8f000-7ff37d08e000 ---p 00019000 08:01 2098161                    /lib/x86_64-linux-gnu/libcgmanager.so.0.0.0
7ff37d08e000-7ff37d090000 r--p 00018000 08:01 2098161                    /lib/x86_64-linux-gnu/libcgmanager.so.0.0.0
7ff37d090000-7ff37d091000 rw-p 0001a000 08:01 2098161                    /lib/x86_64-linux-gnu/libcgmanager.so.0.0.0
7ff37d091000-7ff37d0a1000 r-xp 00000000 08:01 2101661                    /lib/x86_64-linux-gnu/libudev.so.1.3.5
7ff37d0a1000-7ff37d2a0000 ---p 00010000 08:01 2101661                    /lib/x86_64-linux-gnu/libudev.so.1.3.5
7ff37d2a0000-7ff37d2a1000 r--p 0000f000 08:01 2101661                    /lib/x86_64-linux-gnu/libudev.so.1.3.5
7ff37d2a1000-7ff37d2a2000 rw-p 00010000 08:01 2101661                    /lib/x86_64-linux-gnu/libudev.so.1.3.5
7ff37d2a2000-7ff37d2a8000 r-xp 00000000 08:01 402418                     /usr/lib/x86_64-linux-gnu/libdatrie.so.1.3.1
7ff37d2a8000-7ff37d4a7000 ---p 00006000 08:01 402418                     /usr/lib/x86_64-linux-gnu/libdatrie.so.1.3.1
7ff37d4a7000-7ff37d4a8000 r--p 00005000 08:01 402418                     /usr/lib/x86_64-linux-gnu/libdatrie.so.1.3.1
7ff37d4a8000-7ff37d4a9000 rw-p 00006000 08:01 402418                     /usr/lib/x86_64-linux-gnu/libdatrie.so.1.3.1
7ff37d4a9000-7ff37d4ae000 r-xp 00000000 08:01 402213                     /usr/lib/x86_64-linux-gnu/libXdmcp.so.6.0.0
7ff37d4ae000-7ff37d6ad000 ---p 00005000 08:01 402213                     /usr/lib/x86_64-linux-gnu/libXdmcp.so.6.0.0
7ff37d6ad000-7ff37d6ae000 r--p 00004000 08:01 402213                     /usr/lib/x86_64-linux-gnu/libXdmcp.so.6.0.0
7ff37d6ae000-7ff37d6af000 rw-p 00005000 08:01 402213                     /usr/lib/x86_64-linux-gnu/libXdmcp.so.6.0.0
7ff37d6af000-7ff37d6b1000 r-xp 00000000 08:01 402202                     /usr/lib/x86_64-linux-gnu/libXau.so.6.0.0
7ff37d6b1000-7ff37d8b1000 ---p 00002000 08:01 402202                     /usr/lib/x86_64-linux-gnu/libXau.so.6.0.0
7ff37d8b1000-7ff37d8b2000 r--p 00002000 08:01 402202                     /usr/lib/x86_64-linux-gnu/libXau.so.6.0.0
7ff37d8b2000-7ff37d8b3000 rw-p 00003000 08:01 402202                     /usr/lib/x86_64-linux-gnu/libXau.so.6.0.0
7ff37d8b3000-7ff37d8cd000 r-xp 00000000 08:01 402691                     /usr/lib/x86_64-linux-gnu/libgraphite2.so.3.0.1
7ff37d8cd000-7ff37dacc000 ---p 0001a000 08:01 402691                     /usr/lib/x86_64-linux-gnu/libgraphite2.so.3.0.1
7ff37dacc000-7ff37dace000 r--p 00019000 08:01 402691                     /usr/lib/x86_64-linux-gnu/libgraphite2.so.3.0.1
7ff37dace000-7ff37dacf000 rw-p 0001b000 08:01 402691                     /usr/lib/x86_64-linux-gnu/libgraphite2.so.3.0.1
7ff37dacf000-7ff37dada000 r-xp 00000000 08:01 399890                     /usr/lib/x86_64-linux-gnu/libdrm.so.2.4.0
7ff37dada000-7ff37dcd9000 ---p 0000b000 08:01 399890                     /usr/lib/x86_64-linux-gnu/libdrm.so.2.4.0
7ff37dcd9000-7ff37dcda000 r--p 0000a000 08:01 399890                     /usr/lib/x86_64-linux-gnu/libdrm.so.2.4.0
7ff37dcda000-7ff37dcdb000 rw-p 0000b000 08:01 399890                     /usr/lib/x86_64-linux-gnu/libdrm.so.2.4.0
7ff37dcdb000-7ff37dcdc000 r-xp 00000000 08:01 403397                     /usr/lib/x86_64-linux-gnu/libxshmfence.so.1.0.0
7ff37dcdc000-7ff37dedb000 ---p 00001000 08:01 403397                     /usr/lib/x86_64-linux-gnu/libxshmfence.so.1.0.0
7ff37dedb000-7ff37dedc000 r--p 00000000 08:01 403397                     /usr/lib/x86_64-linux-gnu/libxshmfence.so.1.0.0
7ff37dedc000-7ff37dedd000 rw-p 00001000 08:01 403397                     /usr/lib/x86_64-linux-gnu/libxshmfence.so.1.0.0
7ff37dedd000-7ff37dee2000 r-xp 00000000 08:01 403375                     /usr/lib/x86_64-linux-gnu/libxcb-sync.so.1.0.0
7ff37dee2000-7ff37e0e1000 ---p 00005000 08:01 403375                     /usr/lib/x86_64-linux-gnu/libxcb-sync.so.1.0.0
7ff37e0e1000-7ff37e0e2000 r--p 00004000 08:01 403375                     /usr/lib/x86_64-linux-gnu/libxcb-sync.so.1.0.0
7ff37e0e2000-7ff37e0e3000 rw-p 00005000 08:01 403375                     /usr/lib/x86_64-linux-gnu/libxcb-sync.so.1.0.0
7ff37e0e3000-7ff37e0e5000 r-xp 00000000 08:01 403363                     /usr/lib/x86_64-linux-gnu/libxcb-present.so.0.0.0
7ff37e0e5000-7ff37e2e4000 ---p 00002000 08:01 403363                     /usr/lib/x86_64-linux-gnu/libxcb-present.so.0.0.0
7ff37e2e4000-7ff37e2e5000 r--p 00001000 08:01 403363                     /usr/lib/x86_64-linux-gnu/libxcb-present.so.0.0.0
7ff37e2e5000-7ff37e2e6000 rw-p 00002000 08:01 403363                     /usr/lib/x86_64-linux-gnu/libxcb-present.so.0.0.0
7ff37e2e6000-7ff37e2e8000 r-xp 00000000 08:01 403353                     /usr/lib/x86_64-linux-gnu/libxcb-dri3.so.0.0.0
7ff37e2e8000-7ff37e4e7000 ---p 00002000 08:01 403353                     /usr/lib/x86_64-linux-gnu/libxcb-dri3.so.0.0.0
7ff37e4e7000-7ff37e4e8000 r--p 00001000 08:01 403353                     /usr/lib/x86_64-linux-gnu/libxcb-dri3.so.0.0.0
7ff37e4e8000-7ff37e4e9000 rw-p 00002000 08:01 403353                     /usr/lib/x86_64-linux-gnu/libxcb-dri3.so.0.0.0
7ff37e4e9000-7ff37e4ec000 r-xp 00000000 08:01 403351                     /usr/lib/x86_64-linux-gnu/libxcb-dri2.so.0.0.0
7ff37e4ec000-7ff37e6ec000 ---p 00003000 08:01 403351                     /usr/lib/x86_64-linux-gnu/libxcb-dri2.so.0.0.0
7ff37e6ec000-7ff37e6ed000 r--p 00003000 08:01 403351                     /usr/lib/x86_64-linux-gnu/libxcb-dri2.so.0.0.0
7ff37e6ed000-7ff37e6ee000 rw-p 00004000 08:01 403351                     /usr/lib/x86_64-linux-gnu/libxcb-dri2.so.0.0.0
7ff37e6ee000-7ff37e703000 r-xp 00000000 08:01 403355                     /usr/lib/x86_64-linux-gnu/libxcb-glx.so.0.0.0
7ff37e703000-7ff37e902000 ---p 00015000 08:01 403355                     /usr/lib/x86_64-linux-gnu/libxcb-glx.so.0.0.0
7ff37e902000-7ff37e904000 r--p 00014000 08:01 403355                     /usr/lib/x86_64-linux-gnu/libxcb-glx.so.0.0.0
7ff37e904000-7ff37e905000 rw-p 00016000 08:01 403355                     /usr/lib/x86_64-linux-gnu/libxcb-glx.so.0.0.0
7ff37e905000-7ff37e906000 r-xp 00000000 08:01 402196                     /usr/lib/x86_64-linux-gnu/libX11-xcb.so.1.0.0
7ff37e906000-7ff37eb05000 ---p 00001000 08:01 402196                     /usr/lib/x86_64-linux-gnu/libX11-xcb.so.1.0.0
7ff37eb05000-7ff37eb06000 r--p 00000000 08:01 402196                     /usr/lib/x86_64-linux-gnu/libX11-xcb.so.1.0.0
7ff37eb06000-7ff37eb07000 rw-p 00001000 08:01 402196                     /usr/lib/x86_64-linux-gnu/libX11-xcb.so.1.0.0
7ff37eb07000-7ff37eb29000 r-xp 00000000 08:01 402641                     /usr/lib/x86_64-linux-gnu/libglapi.so.0.0.0
7ff37eb29000-7ff37ed29000 ---p 00022000 08:01 402641                     /usr/lib/x86_64-linux-gnu/libglapi.so.0.0.0
7ff37ed29000-7ff37ed2c000 r--p 00022000 08:01 402641                     /usr/lib/x86_64-linux-gnu/libglapi.so.0.0.0
7ff37ed2c000-7ff37ed2d000 rw-p 00025000 08:01 402641                     /usr/lib/x86_64-linux-gnu/libglapi.so.0.0.0
7ff37ed2d000-7ff37ed2e000 rw-p 00000000 00:00 0 
7ff37ed2e000-7ff37ed6b000 r-xp 00000000 08:01 2101616                    /lib/x86_64-linux-gnu/libpcre.so.3.13.1
7ff37ed6b000-7ff37ef6a000 ---p 0003d000 08:01 2101616                    /lib/x86_64-linux-gnu/libpcre.so.3.13.1
7ff37ef6a000-7ff37ef6b000 r--p 0003c000 08:01 2101616                    /lib/x86_64-linux-gnu/libpcre.so.3.13.1
7ff37ef6b000-7ff37ef6c000 rw-p 0003d000 08:01 2101616                    /lib/x86_64-linux-gnu/libpcre.so.3.13.1
7ff37ef6c000-7ff37ef73000 r-xp 00000000 08:01 402515                     /usr/lib/x86_64-linux-gnu/libffi.so.6.0.1
7ff37ef73000-7ff37f172000 ---p 00007000 08:01 402515                     /usr/lib/x86_64-linux-gnu/libffi.so.6.0.1
7ff37f172000-7ff37f173000 r--p 00006000 08:01 402515                     /usr/lib/x86_64-linux-gnu/libffi.so.6.0.1
7ff37f173000-7ff37f174000 rw-p 00007000 08:01 402515                     /usr/lib/x86_64-linux-gnu/libffi.so.6.0.1
7ff37f174000-7ff37f19b000 r-xp 00000000 08:01 2101534                    /lib/x86_64-linux-gnu/libexpat.so.1.6.0
7ff37f19b000-7ff37f39b000 ---p 00027000 08:01 2101534                    /lib/x86_64-linux-gnu/libexpat.so.1.6.0
7ff37f39b000-7ff37f39d000 r--p 00027000 08:01 2101534                    /lib/x86_64-linux-gnu/libexpat.so.1.6.0
7ff37f39d000-7ff37f39e000 rw-p 00029000 08:01 2101534                    /lib/x86_64-linux-gnu/libexpat.so.1.6.0
7ff37f39e000-7ff37f3a6000 r-xp 00000000 08:01 403248                     /usr/lib/x86_64-linux-gnu/libthai.so.0.2.0
7ff37f3a6000-7ff37f5a5000 ---p 00008000 08:01 403248                     /usr/lib/x86_64-linux-gnu/libthai.so.0.2.0
7ff37f5a5000-7ff37f5a6000 r--p 00007000 08:01 403248                     /usr/lib/x86_64-linux-gnu/libthai.so.0.2.0
7ff37f5a6000-7ff37f5a7000 rw-p 00008000 08:01 403248                     /usr/lib/x86_64-linux-gnu/libthai.so.0.2.0
7ff37f5a7000-7ff37f5c4000 r-xp 00000000 08:01 403387                     /usr/lib/x86_64-linux-gnu/libxcb.so.1.1.0
7ff37f5c4000-7ff37f7c4000 ---p 0001d000 08:01 403387                     /usr/lib/x86_64-linux-gnu/libxcb.so.1.1.0
7ff37f7c4000-7ff37f7c5000 r--p 0001d000 08:01 403387                     /usr/lib/x86_64-linux-gnu/libxcb.so.1.1.0
7ff37f7c5000-7ff37f7c6000 rw-p 0001e000 08:01 403387                     /usr/lib/x86_64-linux-gnu/libxcb.so.1.1.0
7ff37f7c6000-7ff37f7ce000 r-xp 00000000 08:01 403369                     /usr/lib/x86_64-linux-gnu/libxcb-render.so.0.0.0
7ff37f7ce000-7ff37f9cd000 ---p 00008000 08:01 403369                     /usr/lib/x86_64-linux-gnu/libxcb-render.so.0.0.0
7ff37f9cd000-7ff37f9ce000 r--p 00007000 08:01 403369                     /usr/lib/x86_64-linux-gnu/libxcb-render.so.0.0.0
7ff37f9ce000-7ff37f9cf000 rw-p 00008000 08:01 403369                     /usr/lib/x86_64-linux-gnu/libxcb-render.so.0.0.0
7ff37f9cf000-7ff37f9d1000 r-xp 00000000 08:01 403373                     /usr/lib/x86_64-linux-gnu/libxcb-shm.so.0.0.0
7ff37f9d1000-7ff37fbd0000 ---p 00002000 08:01 403373                     /usr/lib/x86_64-linux-gnu/libxcb-shm.so.0.0.0
7ff37fbd0000-7ff37fbd1000 r--p 00001000 08:01 403373                     /usr/lib/x86_64-linux-gnu/libxcb-shm.so.0.0.0
7ff37fbd1000-7ff37fbd2000 rw-p 00002000 08:01 403373                     /usr/lib/x86_64-linux-gnu/libxcb-shm.so.0.0.0
7ff37fbd2000-7ff37fbf7000 r-xp 00000000 08:01 2101628                    /lib/x86_64-linux-gnu/libpng12.so.0.50.0
7ff37fbf7000-7ff37fdf6000 ---p 00025000 08:01 2101628                    /lib/x86_64-linux-gnu/libpng12.so.0.50.0
7ff37fdf6000-7ff37fdf7000 r--p 00024000 08:01 2101628                    /lib/x86_64-linux-gnu/libpng12.so.0.50.0
7ff37fdf7000-7ff37fdf8000 rw-p 00025000 08:01 2101628                    /lib/x86_64-linux-gnu/libpng12.so.0.50.0
7ff37fdf8000-7ff37fe99000 r-xp 00000000 08:01 403088                     /usr/lib/x86_64-linux-gnu/libpixman-1.so.0.30.2
7ff37fe99000-7ff380099000 ---p 000a1000 08:01 403088                     /usr/lib/x86_64-linux-gnu/libpixman-1.so.0.30.2
7ff380099000-7ff3800a0000 r--p 000a1000 08:01 403088                     /usr/lib/x86_64-linux-gnu/libpixman-1.so.0.30.2
7ff3800a0000-7ff3800a1000 rw-p 000a8000 08:01 403088                     /usr/lib/x86_64-linux-gnu/libpixman-1.so.0.30.2
7ff3800a1000-7ff3800f4000 r-xp 00000000 08:01 402819                     /usr/lib/x86_64-linux-gnu/libharfbuzz.so.0.927.0
7ff3800f4000-7ff3802f4000 ---p 00053000 08:01 402819                     /usr/lib/x86_64-linux-gnu/libharfbuzz.so.0.927.0
7ff3802f4000-7ff3802f5000 r--p 00053000 08:01 402819                     /usr/lib/x86_64-linux-gnu/libharfbuzz.so.0.927.0
7ff3802f5000-7ff3802f6000 rw-p 00054000 08:01 402819                     /usr/lib/x86_64-linux-gnu/libharfbuzz.so.0.927.0
7ff3802f6000-7ff38030d000 r-xp 00000000 08:01 2097167                    /lib/x86_64-linux-gnu/libresolv-2.19.so
7ff38030d000-7ff38050d000 ---p 00017000 08:01 2097167                    /lib/x86_64-linux-gnu/libresolv-2.19.so
7ff38050d000-7ff38050e000 r--p 00017000 08:01 2097167                    /lib/x86_64-linux-gnu/libresolv-2.19.so
7ff38050e000-7ff38050f000 rw-p 00018000 08:01 2097167                    /lib/x86_64-linux-gnu/libresolv-2.19.so
7ff38050f000-7ff380511000 rw-p 00000000 00:00 0 
7ff380511000-7ff380531000 r-xp 00000000 08:01 2101643                    /lib/x86_64-linux-gnu/libselinux.so.1
7ff380531000-7ff380730000 ---p 00020000 08:01 2101643                    /lib/x86_64-linux-gnu/libselinux.so.1
7ff380730000-7ff380731000 r--p 0001f000 08:01 2101643                    /lib/x86_64-linux-gnu/libselinux.so.1
7ff380731000-7ff380732000 rw-p 00020000 08:01 2101643                    /lib/x86_64-linux-gnu/libselinux.so.1
7ff380732000-7ff380734000 rw-p 00000000 00:00 0 
7ff380734000-7ff38074c000 r-xp 00000000 08:01 2101676                    /lib/x86_64-linux-gnu/libz.so.1.2.8
7ff38074c000-7ff38094b000 ---p 00018000 08:01 2101676                    /lib/x86_64-linux-gnu/libz.so.1.2.8
7ff38094b000-7ff38094c000 r--p 00017000 08:01 2101676                    /lib/x86_64-linux-gnu/libz.so.1.2.8
7ff38094c000-7ff38094d000 rw-p 00018000 08:01 2101676                    /lib/x86_64-linux-gnu/libz.so.1.2.8
7ff38094d000-7ff38095e000 r-xp 00000000 08:01 402215                     /usr/lib/x86_64-linux-gnu/libXext.so.6.4.0
7ff38095e000-7ff380b5d000 ---p 00011000 08:01 402215                     /usr/lib/x86_64-linux-gnu/libXext.so.6.4.0
7ff380b5d000-7ff380b5e000 r--p 00010000 08:01 402215                     /usr/lib/x86_64-linux-gnu/libXext.so.6.4.0
7ff380b5e000-7ff380b5f000 rw-p 00011000 08:01 402215                     /usr/lib/x86_64-linux-gnu/libXext.so.6.4.0
7ff380b5f000-7ff380b61000 r-xp 00000000 08:01 402211                     /usr/lib/x86_64-linux-gnu/libXdamage.so.1.1.0
7ff380b61000-7ff380d60000 ---p 00002000 08:01 402211                     /usr/lib/x86_64-linux-gnu/libXdamage.so.1.1.0
7ff380d60000-7ff380d61000 r--p 00001000 08:01 402211                     /usr/lib/x86_64-linux-gnu/libXdamage.so.1.1.0
7ff380d61000-7ff380d62000 rw-p 00002000 08:01 402211                     /usr/lib/x86_64-linux-gnu/libXdamage.so.1.1.0
7ff380d62000-7ff380d64000 r-xp 00000000 08:01 402207                     /usr/lib/x86_64-linux-gnu/libXcomposite.so.1.0.0
7ff380d64000-7ff380f63000 ---p 00002000 08:01 402207                     /usr/lib/x86_64-linux-gnu/libXcomposite.so.1.0.0
7ff380f63000-7ff380f64000 r--p 00001000 08:01 402207                     /usr/lib/x86_64-linux-gnu/libXcomposite.so.1.0.0
7ff380f64000-7ff380f65000 rw-p 00002000 08:01 402207                     /usr/lib/x86_64-linux-gnu/libXcomposite.so.1.0.0
7ff380f65000-7ff380f6e000 r-xp 00000000 08:01 402209                     /usr/lib/x86_64-linux-gnu/libXcursor.so.1.0.2
7ff380f6e000-7ff38116d000 ---p 00009000 08:01 402209                     /usr/lib/x86_64-linux-gnu/libXcursor.so.1.0.2
7ff38116d000-7ff38116e000 r--p 00008000 08:01 402209                     /usr/lib/x86_64-linux-gnu/libXcursor.so.1.0.2
7ff38116e000-7ff38116f000 rw-p 00009000 08:01 402209                     /usr/lib/x86_64-linux-gnu/libXcursor.so.1.0.2
7ff38116f000-7ff381178000 r-xp 00000000 08:01 402233                     /usr/lib/x86_64-linux-gnu/libXrandr.so.2.2.0
7ff381178000-7ff381377000 ---p 00009000 08:01 402233                     /usr/lib/x86_64-linux-gnu/libXrandr.so.2.2.0
7ff381377000-7ff381378000 r--p 00008000 08:01 402233                     /usr/lib/x86_64-linux-gnu/libXrandr.so.2.2.0
7ff381378000-7ff381379000 rw-p 00009000 08:01 402233                     /usr/lib/x86_64-linux-gnu/libXrandr.so.2.2.0
7ff381379000-7ff381388000 r-xp 00000000 08:01 402223                     /usr/lib/x86_64-linux-gnu/libXi.so.6.1.0
7ff381388000-7ff381587000 ---p 0000f000 08:01 402223                     /usr/lib/x86_64-linux-gnu/libXi.so.6.1.0
7ff381587000-7ff381588000 r--p 0000e000 08:01 402223                     /usr/lib/x86_64-linux-gnu/libXi.so.6.1.0
7ff381588000-7ff381589000 rw-p 0000f000 08:01 402223                     /usr/lib/x86_64-linux-gnu/libXi.so.6.1.0
7ff381589000-7ff38158b000 r-xp 00000000 08:01 402225                     /usr/lib/x86_64-linux-gnu/libXinerama.so.1.0.0
7ff38158b000-7ff38178a000 ---p 00002000 08:01 402225                     /usr/lib/x86_64-linux-gnu/libXinerama.so.1.0.0
7ff38178a000-7ff38178b000 r--p 00001000 08:01 402225                     /usr/lib/x86_64-linux-gnu/libXinerama.so.1.0.0
7ff38178b000-7ff38178c000 rw-p 00002000 08:01 402225                     /usr/lib/x86_64-linux-gnu/libXinerama.so.1.0.0
7ff38178c000-7ff381795000 r-xp 00000000 08:01 402235                     /usr/lib/x86_64-linux-gnu/libXrender.so.1.3.0
7ff381795000-7ff381994000 ---p 00009000 08:01 402235                     /usr/lib/x86_64-linux-gnu/libXrender.so.1.3.0
7ff381994000-7ff381995000 r--p 00008000 08:01 402235                     /usr/lib/x86_64-linux-gnu/libXrender.so.1.3.0
7ff381995000-7ff381996000 rw-p 00009000 08:01 402235                     /usr/lib/x86_64-linux-gnu/libXrender.so.1.3.0
7ff381996000-7ff38199b000 r-xp 00000000 08:01 402217                     /usr/lib/x86_64-linux-gnu/libXfixes.so.3.1.0
7ff38199b000-7ff381b9a000 ---p 00005000 08:01 402217                     /usr/lib/x86_64-linux-gnu/libXfixes.so.3.1.0
7ff381b9a000-7ff381b9b000 r--p 00004000 08:01 402217                     /usr/lib/x86_64-linux-gnu/libXfixes.so.3.1.0
7ff381b9b000-7ff381b9c000 rw-p 00005000 08:01 402217                     /usr/lib/x86_64-linux-gnu/libXfixes.so.3.1.0
7ff381b9c000-7ff381bb2000 r-xp 00000000 08:01 2101539                    /lib/x86_64-linux-gnu/libgcc_s.so.1
7ff381bb2000-7ff381db1000 ---p 00016000 08:01 2101539                    /lib/x86_64-linux-gnu/libgcc_s.so.1
7ff381db1000-7ff381db2000 rw-p 00015000 08:01 2101539                    /lib/x86_64-linux-gnu/libgcc_s.so.1
7ff381db2000-7ff381e98000 r-xp 00000000 08:01 403228                     /usr/lib/x86_64-linux-gnu/libstdc++.so.6.0.19
7ff381e98000-7ff382097000 ---p 000e6000 08:01 403228                     /usr/lib/x86_64-linux-gnu/libstdc++.so.6.0.19
7ff382097000-7ff38209f000 r--p 000e5000 08:01 403228                     /usr/lib/x86_64-linux-gnu/libstdc++.so.6.0.19
7ff38209f000-7ff3820a1000 rw-p 000ed000 08:01 403228                     /usr/lib/x86_64-linux-gnu/libstdc++.so.6.0.19
7ff3820a1000-7ff3820b6000 rw-p 00000000 00:00 0 
7ff3820b6000-7ff382118000 r-xp 00000000 08:01 789768                     /usr/lib/x86_64-linux-gnu/mesa/libGL.so.1.2.0
7ff382118000-7ff382317000 ---p 00062000 08:01 789768                     /usr/lib/x86_64-linux-gnu/mesa/libGL.so.1.2.0
7ff382317000-7ff38231a000 r--p 00061000 08:01 789768                     /usr/lib/x86_64-linux-gnu/mesa/libGL.so.1.2.0
7ff38231a000-7ff38231b000 rw-p 00064000 08:01 789768                     /usr/lib/x86_64-linux-gnu/mesa/libGL.so.1.2.0
7ff38231b000-7ff38231c000 rw-p 00000000 00:00 0 
7ff38231c000-7ff382320000 r-xp 00000000 08:01 402251                     /usr/lib/x86_64-linux-gnu/libXxf86vm.so.1.0.0
7ff382320000-7ff382520000 ---p 00004000 08:01 402251                     /usr/lib/x86_64-linux-gnu/libXxf86vm.so.1.0.0
7ff382520000-7ff382521000 r--p 00004000 08:01 402251                     /usr/lib/x86_64-linux-gnu/libXxf86vm.so.1.0.0
7ff382521000-7ff382522000 rw-p 00005000 08:01 402251                     /usr/lib/x86_64-linux-gnu/libXxf86vm.so.1.0.0
7ff382522000-7ff382652000 r-xp 00000000 08:01 402198                     /usr/lib/x86_64-linux-gnu/libX11.so.6.3.0
7ff382652000-7ff382852000 ---p 00130000 08:01 402198                     /usr/lib/x86_64-linux-gnu/libX11.so.6.3.0
7ff382852000-7ff382853000 r--p 00130000 08:01 402198                     /usr/lib/x86_64-linux-gnu/libX11.so.6.3.0
7ff382853000-7ff382857000 rw-p 00131000 08:01 402198                     /usr/lib/x86_64-linux-gnu/libX11.so.6.3.0
7ff382857000-7ff38285c000 r-xp 00000000 08:01 402241                     /usr/lib/x86_64-linux-gnu/libXtst.so.6.1.0
7ff38285c000-7ff382a5b000 ---p 00005000 08:01 402241                     /usr/lib/x86_64-linux-gnu/libXtst.so.6.1.0
7ff382a5b000-7ff382a5c000 r--p 00004000 08:01 402241                     /usr/lib/x86_64-linux-gnu/libXtst.so.6.1.0
7ff382a5c000-7ff382a5d000 rw-p 00005000 08:01 402241                     /usr/lib/x86_64-linux-gnu/libXtst.so.6.1.0
7ff382a5d000-7ff382b63000 r-xp 00000000 08:01 2101543                    /lib/x86_64-linux-gnu/libglib-2.0.so.0.4002.0
7ff382b63000-7ff382d62000 ---p 00106000 08:01 2101543                    /lib/x86_64-linux-gnu/libglib-2.0.so.0.4002.0
7ff382d62000-7ff382d63000 r--p 00105000 08:01 2101543                    /lib/x86_64-linux-gnu/libglib-2.0.so.0.4002.0
7ff382d63000-7ff382d64000 rw-p 00106000 08:01 2101543                    /lib/x86_64-linux-gnu/libglib-2.0.so.0.4002.0
7ff382d64000-7ff382d65000 rw-p 00000000 00:00 0 
7ff382d65000-7ff382d66000 r-xp 00000000 08:01 402797                     /usr/lib/x86_64-linux-gnu/libgthread-2.0.so.0.4002.0
7ff382d66000-7ff382f65000 ---p 00001000 08:01 402797                     /usr/lib/x86_64-linux-gnu/libgthread-2.0.so.0.4002.0
7ff382f65000-7ff382f66000 r--p 00000000 08:01 402797                     /usr/lib/x86_64-linux-gnu/libgthread-2.0.so.0.4002.0
7ff382f66000-7ff382f67000 rw-p 00001000 08:01 402797                     /usr/lib/x86_64-linux-gnu/libgthread-2.0.so.0.4002.0
7ff382f67000-7ff382f6a000 r-xp 00000000 08:01 402649                     /usr/lib/x86_64-linux-gnu/libgmodule-2.0.so.0.4002.0
7ff382f6a000-7ff383169000 ---p 00003000 08:01 402649                     /usr/lib/x86_64-linux-gnu/libgmodule-2.0.so.0.4002.0
7ff383169000-7ff38316a000 r--p 00002000 08:01 402649                     /usr/lib/x86_64-linux-gnu/libgmodule-2.0.so.0.4002.0
7ff38316a000-7ff38316b000 rw-p 00003000 08:01 402649                     /usr/lib/x86_64-linux-gnu/libgmodule-2.0.so.0.4002.0
7ff38316b000-7ff3831ba000 r-xp 00000000 08:01 402673                     /usr/lib/x86_64-linux-gnu/libgobject-2.0.so.0.4002.0
7ff3831ba000-7ff3833ba000 ---p 0004f000 08:01 402673                     /usr/lib/x86_64-linux-gnu/libgobject-2.0.so.0.4002.0
7ff3833ba000-7ff3833bb000 r--p 0004f000 08:01 402673                     /usr/lib/x86_64-linux-gnu/libgobject-2.0.so.0.4002.0
7ff3833bb000-7ff3833bc000 rw-p 00050000 08:01 402673                     /usr/lib/x86_64-linux-gnu/libgobject-2.0.so.0.4002.0
7ff3833bc000-7ff3833f6000 r-xp 00000000 08:01 402549                     /usr/lib/x86_64-linux-gnu/libfontconfig.so.1.8.0
7ff3833f6000-7ff3835f5000 ---p 0003a000 08:01 402549                     /usr/lib/x86_64-linux-gnu/libfontconfig.so.1.8.0
7ff3835f5000-7ff3835f7000 r--p 00039000 08:01 402549                     /usr/lib/x86_64-linux-gnu/libfontconfig.so.1.8.0
7ff3835f7000-7ff3835f8000 rw-p 0003b000 08:01 402549                     /usr/lib/x86_64-linux-gnu/libfontconfig.so.1.8.0
7ff3835f8000-7ff383695000 r-xp 00000000 08:01 402577                     /usr/lib/x86_64-linux-gnu/libfreetype.so.6.11.1
7ff383695000-7ff383894000 ---p 0009d000 08:01 402577                     /usr/lib/x86_64-linux-gnu/libfreetype.so.6.11.1
7ff383894000-7ff38389a000 r--p 0009c000 08:01 402577                     /usr/lib/x86_64-linux-gnu/libfreetype.so.6.11.1
7ff38389a000-7ff38389b000 rw-p 000a2000 08:01 402577                     /usr/lib/x86_64-linux-gnu/libfreetype.so.6.11.1
7ff38389b000-7ff3838e5000 r-xp 00000000 08:01 403065                     /usr/lib/x86_64-linux-gnu/libpango-1.0.so.0.3600.3
7ff3838e5000-7ff383ae5000 ---p 0004a000 08:01 403065                     /usr/lib/x86_64-linux-gnu/libpango-1.0.so.0.3600.3
7ff383ae5000-7ff383ae7000 r--p 0004a000 08:01 403065                     /usr/lib/x86_64-linux-gnu/libpango-1.0.so.0.3600.3
7ff383ae7000-7ff383ae8000 rw-p 0004c000 08:01 403065                     /usr/lib/x86_64-linux-gnu/libpango-1.0.so.0.3600.3
7ff383ae8000-7ff383bee000 r-xp 00000000 08:01 402345                     /usr/lib/x86_64-linux-gnu/libcairo.so.2.11301.0
7ff383bee000-7ff383ded000 ---p 00106000 08:01 402345                     /usr/lib/x86_64-linux-gnu/libcairo.so.2.11301.0
7ff383ded000-7ff383df0000 r--p 00105000 08:01 402345                     /usr/lib/x86_64-linux-gnu/libcairo.so.2.11301.0
7ff383df0000-7ff383df1000 rw-p 00108000 08:01 402345                     /usr/lib/x86_64-linux-gnu/libcairo.so.2.11301.0
7ff383df1000-7ff383df3000 rw-p 00000000 00:00 0 
7ff383df3000-7ff383dfe000 r-xp 00000000 08:01 403067                     /usr/lib/x86_64-linux-gnu/libpangocairo-1.0.so.0.3600.3
7ff383dfe000-7ff383ffe000 ---p 0000b000 08:01 403067                     /usr/lib/x86_64-linux-gnu/libpangocairo-1.0.so.0.3600.3
7ff383ffe000-7ff383fff000 r--p 0000b000 08:01 403067                     /usr/lib/x86_64-linux-gnu/libpangocairo-1.0.so.0.3600.3
7ff383fff000-7ff384000000 rw-p 0000c000 08:01 403067                     /usr/lib/x86_64-linux-gnu/libpangocairo-1.0.so.0.3600.3
7ff384000000-7ff384021000 rw-p 00000000 00:00 0 
7ff384021000-7ff388000000 ---p 00000000 00:00 0 
7ff388000000-7ff3888be000 rw-p 00000000 00:00 0 
7ff3888be000-7ff38c000000 ---p 00000000 00:00 0 
7ff38c000000-7ff38c568000 rw-p 00000000 00:00 0 
7ff38c568000-7ff390000000 ---p 00000000 00:00 0 
7ff390000000-7ff390021000 rw-p 00000000 00:00 0 
7ff390021000-7ff394000000 ---p 00000000 00:00 0 
7ff394000000-7ff39451c000 rw-p 00000000 00:00 0 
7ff39451c000-7ff398000000 ---p 00000000 00:00 0 
7ff398000000-7ff3984f5000 rw-p 00000000 00:00 0 
7ff3984f5000-7ff39c000000 ---p 00000000 00:00 0 
7ff39c000000-7ff39c021000 rw-p 00000000 00:00 0 
7ff39c021000-7ff3a0000000 ---p 00000000 00:00 0 
7ff3a0000000-7ff3a08eb000 rw-p 00000000 00:00 0 
7ff3a08eb000-7ff3a4000000 ---p 00000000 00:00 0 
7ff3a4000000-7ff3a4021000 rw-p 00000000 00:00 0 
7ff3a4021000-7ff3a8000000 ---p 00000000 00:00 0 
7ff3a8000000-7ff3a8021000 rw-p 00000000 00:00 0 
7ff3a8021000-7ff3ac000000 ---p 00000000 00:00 0 
7ff3ac000000-7ff3ac0fa000 rw-p 00000000 00:00 0 
7ff3ac0fa000-7ff3b0000000 ---p 00000000 00:00 0 
7ff3b0000000-7ff3b0006000 r--s 00000000 08:01 668696                     /var/cache/fontconfig/b47c4e1ecd0709278f4910c18777a504-le64.cache-4
7ff3b0006000-7ff3b000f000 r--s 00000000 08:01 668680                     /var/cache/fontconfig/3f7329c5293ffd510edef78f73874cfd-le64.cache-4
7ff3b000f000-7ff3b008f000 rw-s 11d7a1000 00:05 9398                      /dev/dri/card0
7ff3b008f000-7ff3b00b8000 r--p 00000000 08:01 809234                     /usr/share/locale-langpack/pt/LC_MESSAGES/gtk20-properties.mo
7ff3b00b8000-7ff3b00e1000 r--p 00000000 08:01 929216                     /usr/share/locale-langpack/pt_BR/LC_MESSAGES/gtk20-properties.mo
7ff3b00e1000-7ff3b0161000 rw-s 10f79a000 00:05 9398                      /dev/dri/card0
7ff3b0161000-7ff3b017a000 r--p 00000000 08:01 809428                     /usr/share/locale-langpack/pt/LC_MESSAGES/libc.mo
7ff3b017a000-7ff3b0199000 r-xp 00000000 08:01 402613                     /usr/lib/x86_64-linux-gnu/libgdk_pixbuf-2.0.so.0.3000.7
7ff3b0199000-7ff3b0399000 ---p 0001f000 08:01 402613                     /usr/lib/x86_64-linux-gnu/libgdk_pixbuf-2.0.so.0.3000.7
7ff3b0399000-7ff3b039a000 r--p 0001f000 08:01 402613                     /usr/lib/x86_64-linux-gnu/libgdk_pixbuf-2.0.so.0.3000.7
7ff3b039a000-7ff3b039b000 rw-p 00020000 08:01 402613                     /usr/lib/x86_64-linux-gnu/libgdk_pixbuf-2.0.so.0.3000.7
7ff3b039b000-7ff3b03af000 r-xp 00000000 08:01 403069                     /usr/lib/x86_64-linux-gnu/libpangoft2-1.0.so.0.3600.3
7ff3b03af000-7ff3b05ae000 ---p 00014000 08:01 403069                     /usr/lib/x86_64-linux-gnu/libpangoft2-1.0.so.0.3600.3
7ff3b05ae000-7ff3b05af000 r--p 00013000 08:01 403069                     /usr/lib/x86_64-linux-gnu/libpangoft2-1.0.so.0.3600.3
7ff3b05af000-7ff3b05b0000 rw-p 00014000 08:01 403069                     /usr/lib/x86_64-linux-gnu/libpangoft2-1.0.so.0.3600.3
7ff3b05b0000-7ff3b071c000 r-xp 00000000 08:01 402633                     /usr/lib/x86_64-linux-gnu/libgio-2.0.so.0.4002.0
7ff3b071c000-7ff3b091b000 ---p 0016c000 08:01 402633                     /usr/lib/x86_64-linux-gnu/libgio-2.0.so.0.4002.0
7ff3b091b000-7ff3b091f000 r--p 0016b000 08:01 402633                     /usr/lib/x86_64-linux-gnu/libgio-2.0.so.0.4002.0
7ff3b091f000-7ff3b0921000 rw-p 0016f000 08:01 402633                     /usr/lib/x86_64-linux-gnu/libgio-2.0.so.0.4002.0
7ff3b0921000-7ff3b0923000 rw-p 00000000 00:00 0 
7ff3b0923000-7ff3b0942000 r-xp 00000000 08:01 402296                     /usr/lib/x86_64-linux-gnu/libatk-1.0.so.0.21009.1
7ff3b0942000-7ff3b0b42000 ---p 0001f000 08:01 402296                     /usr/lib/x86_64-linux-gnu/libatk-1.0.so.0.21009.1
7ff3b0b42000-7ff3b0b44000 r--p 0001f000 08:01 402296                     /usr/lib/x86_64-linux-gnu/libatk-1.0.so.0.21009.1
7ff3b0b44000-7ff3b0b45000 rw-p 00021000 08:01 402296                     /usr/lib/x86_64-linux-gnu/libatk-1.0.so.0.21009.1
7ff3b0b45000-7ff3b0bf2000 r-xp 00000000 08:01 402611                     /usr/lib/x86_64-linux-gnu/libgdk-x11-2.0.so.0.2400.23
7ff3b0bf2000-7ff3b0df1000 ---p 000ad000 08:01 402611                     /usr/lib/x86_64-linux-gnu/libgdk-x11-2.0.so.0.2400.23
7ff3b0df1000-7ff3b0df5000 r--p 000ac000 08:01 402611                     /usr/lib/x86_64-linux-gnu/libgdk-x11-2.0.so.0.2400.23
7ff3b0df5000-7ff3b0df7000 rw-p 000b0000 08:01 402611                     /usr/lib/x86_64-linux-gnu/libgdk-x11-2.0.so.0.2400.23
7ff3b0df7000-7ff3b1226000 r-xp 00000000 08:01 402801                     /usr/lib/x86_64-linux-gnu/libgtk-x11-2.0.so.0.2400.23
7ff3b1226000-7ff3b1425000 ---p 0042f000 08:01 402801                     /usr/lib/x86_64-linux-gnu/libgtk-x11-2.0.so.0.2400.23
7ff3b1425000-7ff3b142c000 r--p 0042e000 08:01 402801                     /usr/lib/x86_64-linux-gnu/libgtk-x11-2.0.so.0.2400.23
7ff3b142c000-7ff3b1430000 rw-p 00435000 08:01 402801                     /usr/lib/x86_64-linux-gnu/libgtk-x11-2.0.so.0.2400.23
7ff3b1430000-7ff3b1433000 rw-p 00000000 00:00 0 
7ff3b1433000-7ff3b1455000 r--p 00000000 08:01 929419                     /usr/share/locale-langpack/pt_BR/LC_MESSAGES/libc.mo
7ff3b1455000-7ff3b1461000 r-xp 00000000 08:01 409463                     /usr/lib/jvm/java-8-oracle/jre/lib/amd64/libprism_es2.so
7ff3b1461000-7ff3b1660000 ---p 0000c000 08:01 409463                     /usr/lib/jvm/java-8-oracle/jre/lib/amd64/libprism_es2.so
7ff3b1660000-7ff3b1661000 r--p 0000b000 08:01 409463                     /usr/lib/jvm/java-8-oracle/jre/lib/amd64/libprism_es2.so
7ff3b1661000-7ff3b1662000 rw-p 0000c000 08:01 409463                     /usr/lib/jvm/java-8-oracle/jre/lib/amd64/libprism_es2.so
7ff3b1662000-7ff3b1665000 ---p 00000000 00:00 0 
7ff3b1665000-7ff3b1763000 rw-p 00000000 00:00 0                          [stack:22865]
7ff3b1763000-7ff3b17ef000 r--s 00fea000 08:01 409512                     /usr/lib/jvm/java-8-oracle/jre/lib/ext/jfxrt.jar
7ff3b17ef000-7ff3b17f0000 ---p 00000000 00:00 0 
7ff3b17f0000-7ff3b18f0000 rw-p 00000000 00:00 0                          [stack:22864]
7ff3b18f0000-7ff3b18f3000 ---p 00000000 00:00 0 
7ff3b18f3000-7ff3b19f1000 rw-p 00000000 00:00 0                          [stack:22863]
7ff3b19f1000-7ff3b19f4000 ---p 00000000 00:00 0 
7ff3b19f4000-7ff3b1af2000 rw-p 00000000 00:00 0                          [stack:22862]
7ff3b1af2000-7ff3b1af5000 ---p 00000000 00:00 0 
7ff3b1af5000-7ff3b1bf3000 rw-p 00000000 00:00 0                          [stack:22861]
7ff3b1bf3000-7ff3b1bf6000 ---p 00000000 00:00 0 
7ff3b1bf6000-7ff3b1cf4000 rw-p 00000000 00:00 0                          [stack:22860]
7ff3b1cf4000-7ff3b1cf7000 ---p 00000000 00:00 0 
7ff3b1cf7000-7ff3b1df5000 rw-p 00000000 00:00 0                          [stack:22859]
7ff3b1df5000-7ff3b1df8000 ---p 00000000 00:00 0 
7ff3b1df8000-7ff3b1ef6000 rw-p 00000000 00:00 0                          [stack:22858]
7ff3b1ef6000-7ff3b21c1000 r--p 00000000 08:01 400500                     /usr/lib/locale/locale-archive
7ff3b21c1000-7ff3b21c4000 ---p 00000000 00:00 0 
7ff3b21c4000-7ff3b22c2000 rw-p 00000000 00:00 0                          [stack:22857]
7ff3b22c2000-7ff3b22c5000 ---p 00000000 00:00 0 
7ff3b22c5000-7ff3b23c3000 rw-p 00000000 00:00 0                          [stack:22856]
7ff3b23c3000-7ff3b23c4000 ---p 00000000 00:00 0 
7ff3b23c4000-7ff3b4000000 rw-p 00000000 00:00 0                          [stack:22855]
7ff3b4000000-7ff3b4021000 rw-p 00000000 00:00 0 
7ff3b4021000-7ff3b8000000 ---p 00000000 00:00 0 
7ff3b8000000-7ff3b8021000 rw-p 00000000 00:00 0 
7ff3b8021000-7ff3bc000000 ---p 00000000 00:00 0 
7ff3bc000000-7ff3bc021000 rw-p 00000000 00:00 0 
7ff3bc021000-7ff3c0000000 ---p 00000000 00:00 0 
7ff3c0000000-7ff3c0021000 rw-p 00000000 00:00 0 
7ff3c0021000-7ff3c4000000 ---p 00000000 00:00 0 
7ff3c4000000-7ff3c4021000 rw-p 00000000 00:00 0 
7ff3c4021000-7ff3c8000000 ---p 00000000 00:00 0 
7ff3c8000000-7ff3c8021000 rw-p 00000000 00:00 0 
7ff3c8021000-7ff3cc000000 ---p 00000000 00:00 0 
7ff3cc000000-7ff3cc021000 rw-p 00000000 00:00 0 
7ff3cc021000-7ff3d0000000 ---p 00000000 00:00 0 
7ff3d0000000-7ff3d0021000 rw-p 00000000 00:00 0 
7ff3d0021000-7ff3d4000000 ---p 00000000 00:00 0 
7ff3d4000000-7ff3d4001000 r--s 00000000 08:01 668705                     /var/cache/fontconfig/dc05db6664285cc2f12bf69c139ae4c3-le64.cache-4
7ff3d4001000-7ff3d4003000 r--s 00000000 08:01 668688                     /var/cache/fontconfig/767a8244fc0220cfb567a839d0392e0b-le64.cache-4
7ff3d4003000-7ff3d400e000 r--s 00000000 08:01 668703                     /var/cache/fontconfig/d589a48862398ed80a3d6066f4f56f4c-le64.cache-4
7ff3d400e000-7ff3d40f5000 rw-p 00000000 00:00 0 
7ff3d40f5000-7ff3d42cb000 r--s 03caa000 08:01 409570                     /usr/lib/jvm/java-8-oracle/jre/lib/rt.jar
7ff3d42cb000-7ff3d7c43000 rw-p 00000000 00:00 0 
7ff3d7c43000-7ff3d7c44000 ---p 00000000 00:00 0 
7ff3d7c44000-7ff3d7d44000 rw-p 00000000 00:00 0                          [stack:22854]
7ff3d7d44000-7ff3d7d45000 ---p 00000000 00:00 0 
7ff3d7d45000-7ff3d7e45000 rw-p 00000000 00:00 0                          [stack:22853]
7ff3d7e45000-7ff3d7e46000 ---p 00000000 00:00 0 
7ff3d7e46000-7ff3d7f46000 rw-p 00000000 00:00 0                          [stack:22852]
7ff3d7f46000-7ff3d7f47000 ---p 00000000 00:00 0 
7ff3d7f47000-7ff3d8047000 rw-p 00000000 00:00 0                          [stack:22851]
7ff3d8047000-7ff3d8048000 ---p 00000000 00:00 0 
7ff3d8048000-7ff3d8148000 rw-p 00000000 00:00 0                          [stack:22850]
7ff3d8148000-7ff3d8149000 ---p 00000000 00:00 0 
7ff3d8149000-7ff3d8249000 rw-p 00000000 00:00 0                          [stack:22849]
7ff3d8249000-7ff3d824a000 ---p 00000000 00:00 0 
7ff3d824a000-7ff3d835e000 rw-p 00000000 00:00 0                          [stack:22848]
7ff3d835e000-7ff3d8536000 ---p 00000000 00:00 0 
7ff3d8536000-7ff3d854a000 rw-p 00000000 00:00 0 
7ff3d854a000-7ff3d8722000 ---p 00000000 00:00 0 
7ff3d8722000-7ff3d8732000 rw-p 00000000 00:00 0 
7ff3d8732000-7ff3d8818000 ---p 00000000 00:00 0 
7ff3d8818000-7ff3d8846000 rw-p 00000000 00:00 0 
7ff3d8846000-7ff3d8bd9000 ---p 00000000 00:00 0 
7ff3d8bd9000-7ff3d96e9000 rwxp 00000000 00:00 0 
7ff3d96e9000-7ff3e7bd9000 ---p 00000000 00:00 0 
7ff3e7bd9000-7ff3e7bf3000 r-xp 00000000 08:01 409473                     /usr/lib/jvm/java-8-oracle/jre/lib/amd64/libzip.so
7ff3e7bf3000-7ff3e7df3000 ---p 0001a000 08:01 409473                     /usr/lib/jvm/java-8-oracle/jre/lib/amd64/libzip.so
7ff3e7df3000-7ff3e7df4000 rw-p 0001a000 08:01 409473                     /usr/lib/jvm/java-8-oracle/jre/lib/amd64/libzip.so
7ff3e7df4000-7ff3e7dff000 r-xp 00000000 08:01 2102916                    /lib/x86_64-linux-gnu/libnss_files-2.19.so
7ff3e7dff000-7ff3e7ffe000 ---p 0000b000 08:01 2102916                    /lib/x86_64-linux-gnu/libnss_files-2.19.so
7ff3e7ffe000-7ff3e7fff000 r--p 0000a000 08:01 2102916                    /lib/x86_64-linux-gnu/libnss_files-2.19.so
7ff3e7fff000-7ff3e8000000 rw-p 0000b000 08:01 2102916                    /lib/x86_64-linux-gnu/libnss_files-2.19.so
7ff3e8000000-7ff3e83ef000 rw-p 00000000 00:00 0 
7ff3e83ef000-7ff3ec000000 ---p 00000000 00:00 0 
7ff3ec000000-7ff3ec001000 r--s 00000000 08:01 663506                     /var/cache/fontconfig/4794a0821666d79190d59a36cb4f44b5-le64.cache-4
7ff3ec001000-7ff3ec002000 r--s 00000000 08:01 668683                     /var/cache/fontconfig/56cf4f4769d0f4abc89a4895d7bd3ae1-le64.cache-4
7ff3ec002000-7ff3ec003000 r--s 00000000 08:01 668697                     /var/cache/fontconfig/b9d506c9ac06c20b433354fa67a72993-le64.cache-4
7ff3ec003000-7ff3ec011000 r--s 00000000 08:01 671661                     /var/cache/fontconfig/e13b20fdb08344e0e664864cc2ede53d-le64.cache-4
7ff3ec011000-7ff3ec015000 r--s 00000000 08:01 668689                     /var/cache/fontconfig/7ef2298fde41cc6eeb7af42e48b7d293-le64.cache-4
7ff3ec015000-7ff3ec064000 rw-p 00000000 00:00 0 
7ff3ec064000-7ff3ec065000 ---p 00000000 00:00 0 
7ff3ec065000-7ff3ec165000 rw-p 00000000 00:00 0                          [stack:22847]
7ff3ec165000-7ff3ec170000 r-xp 00000000 08:01 2102923                    /lib/x86_64-linux-gnu/libnss_nis-2.19.so
7ff3ec170000-7ff3ec36f000 ---p 0000b000 08:01 2102923                    /lib/x86_64-linux-gnu/libnss_nis-2.19.so
7ff3ec36f000-7ff3ec370000 r--p 0000a000 08:01 2102923                    /lib/x86_64-linux-gnu/libnss_nis-2.19.so
7ff3ec370000-7ff3ec371000 rw-p 0000b000 08:01 2102923                    /lib/x86_64-linux-gnu/libnss_nis-2.19.so
7ff3ec371000-7ff3ec388000 r-xp 00000000 08:01 2102909                    /lib/x86_64-linux-gnu/libnsl-2.19.so
7ff3ec388000-7ff3ec587000 ---p 00017000 08:01 2102909                    /lib/x86_64-linux-gnu/libnsl-2.19.so
7ff3ec587000-7ff3ec588000 r--p 00016000 08:01 2102909                    /lib/x86_64-linux-gnu/libnsl-2.19.so
7ff3ec588000-7ff3ec589000 rw-p 00017000 08:01 2102909                    /lib/x86_64-linux-gnu/libnsl-2.19.so
7ff3ec589000-7ff3ec58b000 rw-p 00000000 00:00 0 
7ff3ec58b000-7ff3ec594000 r-xp 00000000 08:01 2102920                    /lib/x86_64-linux-gnu/libnss_compat-2.19.so
7ff3ec594000-7ff3ec793000 ---p 00009000 08:01 2102920                    /lib/x86_64-linux-gnu/libnss_compat-2.19.so
7ff3ec793000-7ff3ec794000 r--p 00008000 08:01 2102920                    /lib/x86_64-linux-gnu/libnss_compat-2.19.so
7ff3ec794000-7ff3ec795000 rw-p 00009000 08:01 2102920                    /lib/x86_64-linux-gnu/libnss_compat-2.19.so
7ff3ec795000-7ff3ec7bf000 r-xp 00000000 08:01 409464                     /usr/lib/jvm/java-8-oracle/jre/lib/amd64/libjava.so
7ff3ec7bf000-7ff3ec9bf000 ---p 0002a000 08:01 409464                     /usr/lib/jvm/java-8-oracle/jre/lib/amd64/libjava.so
7ff3ec9bf000-7ff3ec9c1000 rw-p 0002a000 08:01 409464                     /usr/lib/jvm/java-8-oracle/jre/lib/amd64/libjava.so
7ff3ec9c1000-7ff3ec9ce000 r-xp 00000000 08:01 409472                     /usr/lib/jvm/java-8-oracle/jre/lib/amd64/libverify.so
7ff3ec9ce000-7ff3ecbce000 ---p 0000d000 08:01 409472                     /usr/lib/jvm/java-8-oracle/jre/lib/amd64/libverify.so
7ff3ecbce000-7ff3ecbd0000 rw-p 0000d000 08:01 409472                     /usr/lib/jvm/java-8-oracle/jre/lib/amd64/libverify.so
7ff3ecbd0000-7ff3ecbd7000 r-xp 00000000 08:01 2102926                    /lib/x86_64-linux-gnu/librt-2.19.so
7ff3ecbd7000-7ff3ecdd6000 ---p 00007000 08:01 2102926                    /lib/x86_64-linux-gnu/librt-2.19.so
7ff3ecdd6000-7ff3ecdd7000 r--p 00006000 08:01 2102926                    /lib/x86_64-linux-gnu/librt-2.19.so
7ff3ecdd7000-7ff3ecdd8000 rw-p 00007000 08:01 2102926                    /lib/x86_64-linux-gnu/librt-2.19.so
7ff3ecdd8000-7ff3ecedd000 r-xp 00000000 08:01 2102908                    /lib/x86_64-linux-gnu/libm-2.19.so
7ff3ecedd000-7ff3ed0dc000 ---p 00105000 08:01 2102908                    /lib/x86_64-linux-gnu/libm-2.19.so
7ff3ed0dc000-7ff3ed0dd000 r--p 00104000 08:01 2102908                    /lib/x86_64-linux-gnu/libm-2.19.so
7ff3ed0dd000-7ff3ed0de000 rw-p 00105000 08:01 2102908                    /lib/x86_64-linux-gnu/libm-2.19.so
7ff3ed0de000-7ff3edd4b000 r-xp 00000000 08:01 409455                     /usr/lib/jvm/java-8-oracle/jre/lib/amd64/server/libjvm.so
7ff3edd4b000-7ff3edf4a000 ---p 00c6d000 08:01 409455                     /usr/lib/jvm/java-8-oracle/jre/lib/amd64/server/libjvm.so
7ff3edf4a000-7ff3ee020000 rw-p 00c6c000 08:01 409455                     /usr/lib/jvm/java-8-oracle/jre/lib/amd64/server/libjvm.so
7ff3ee020000-7ff3ee063000 rw-p 00000000 00:00 0 
7ff3ee063000-7ff3ee21e000 r-xp 00000000 08:01 2102924                    /lib/x86_64-linux-gnu/libc-2.19.so
7ff3ee21e000-7ff3ee41e000 ---p 001bb000 08:01 2102924                    /lib/x86_64-linux-gnu/libc-2.19.so
7ff3ee41e000-7ff3ee422000 r--p 001bb000 08:01 2102924                    /lib/x86_64-linux-gnu/libc-2.19.so
7ff3ee422000-7ff3ee424000 rw-p 001bf000 08:01 2102924                    /lib/x86_64-linux-gnu/libc-2.19.so
7ff3ee424000-7ff3ee429000 rw-p 00000000 00:00 0 
7ff3ee429000-7ff3ee42c000 r-xp 00000000 08:01 2102918                    /lib/x86_64-linux-gnu/libdl-2.19.so
7ff3ee42c000-7ff3ee62b000 ---p 00003000 08:01 2102918                    /lib/x86_64-linux-gnu/libdl-2.19.so
7ff3ee62b000-7ff3ee62c000 r--p 00002000 08:01 2102918                    /lib/x86_64-linux-gnu/libdl-2.19.so
7ff3ee62c000-7ff3ee62d000 rw-p 00003000 08:01 2102918                    /lib/x86_64-linux-gnu/libdl-2.19.so
7ff3ee62d000-7ff3ee642000 r-xp 00000000 08:01 534876                     /usr/lib/jvm/java-8-oracle/lib/amd64/jli/libjli.so
7ff3ee642000-7ff3ee841000 ---p 00015000 08:01 534876                     /usr/lib/jvm/java-8-oracle/lib/amd64/jli/libjli.so
7ff3ee841000-7ff3ee842000 rw-p 00014000 08:01 534876                     /usr/lib/jvm/java-8-oracle/lib/amd64/jli/libjli.so
7ff3ee842000-7ff3ee85b000 r-xp 00000000 08:01 2102913                    /lib/x86_64-linux-gnu/libpthread-2.19.so
7ff3ee85b000-7ff3eea5a000 ---p 00019000 08:01 2102913                    /lib/x86_64-linux-gnu/libpthread-2.19.so
7ff3eea5a000-7ff3eea5b000 r--p 00018000 08:01 2102913                    /lib/x86_64-linux-gnu/libpthread-2.19.so
7ff3eea5b000-7ff3eea5c000 rw-p 00019000 08:01 2102913                    /lib/x86_64-linux-gnu/libpthread-2.19.so
7ff3eea5c000-7ff3eea60000 rw-p 00000000 00:00 0 
7ff3eea60000-7ff3eea83000 r-xp 00000000 08:01 2102921                    /lib/x86_64-linux-gnu/ld-2.19.so
7ff3eea83000-7ff3eea84000 r--s 00000000 08:01 668672                     /var/cache/fontconfig/0c9eb80ebd1c36541ebe2852d3bb0c49-le64.cache-4
7ff3eea84000-7ff3eea8e000 r--s 00116000 08:01 409510                     /usr/lib/jvm/java-8-oracle/jre/lib/ext/localedata.jar
7ff3eea8e000-7ff3eea90000 r--s 0000a000 00:1a 13238812                   /home/gustavo/.m2/repository/org/json/json/20090211/json-20090211.jar
7ff3eea90000-7ff3eea92000 r--s 0000c000 08:01 815103                     /opt/eclipse/plugins/org.hamcrest.core_1.3.0.v201303031735.jar
7ff3eea92000-7ff3eea98000 r--s 00036000 08:01 934567                     /opt/eclipse/plugins/org.junit_4.11.0.v201303080030/junit.jar
7ff3eea98000-7ff3eeb59000 rw-p 00000000 00:00 0 
7ff3eeb59000-7ff3eeb5c000 ---p 00000000 00:00 0 
7ff3eeb5c000-7ff3eec5e000 rw-p 00000000 00:00 0                          [stack:22846]
7ff3eec5e000-7ff3eec5f000 r--s 00000000 08:01 663510                     /var/cache/fontconfig/e0aa53bcfa504e64f87823c16bc01eb6-le64.cache-4
7ff3eec5f000-7ff3eec6e000 r--p 00000000 08:01 929347                     /usr/share/locale-langpack/pt_BR/LC_MESSAGES/gtk20.mo
7ff3eec6e000-7ff3eec75000 r--s 00000000 08:01 799335                     /usr/lib/x86_64-linux-gnu/gconv/gconv-modules.cache
7ff3eec75000-7ff3eec76000 rw-s 108160000 00:05 9398                      /dev/dri/card0
7ff3eec76000-7ff3eec7e000 rw-s 00000000 08:01 2883613                    /tmp/hsperfdata_gustavo/22841
7ff3eec7e000-7ff3eec7f000 rw-p 00000000 00:00 0 
7ff3eec7f000-7ff3eec80000 r--p 00000000 00:00 0 
7ff3eec80000-7ff3eec82000 rw-p 00000000 00:00 0 
7ff3eec82000-7ff3eec83000 r--p 00022000 08:01 2102921                    /lib/x86_64-linux-gnu/ld-2.19.so
7ff3eec83000-7ff3eec84000 rw-p 00023000 08:01 2102921                    /lib/x86_64-linux-gnu/ld-2.19.so
7ff3eec84000-7ff3eec85000 rw-p 00000000 00:00 0 
7fff87a8d000-7fff87aae000 rw-p 00000000 00:00 0                          [stack]
7fff87ab9000-7fff87abb000 r-xp 00000000 00:00 0                          [vdso]
ffffffffff600000-ffffffffff601000 r-xp 00000000 00:00 0                  [vsyscall]

VM Arguments:
jvm_args: -Dfile.encoding=UTF-8 
java_command: br.inpe.psossl.Main
java_class_path (initial): /home/gustavo/Projetos/psossl/psossl/target/classes:/opt/eclipse/plugins/org.junit_4.11.0.v201303080030/junit.jar:/opt/eclipse/plugins/org.hamcrest.core_1.3.0.v201303031735.jar:/home/gustavo/Projetos/psossl/psossl/lib/jfxrt.jar:/home/gustavo/.m2/repository/org/json/json/20090211/json-20090211.jar
Launcher Type: SUN_STANDARD

Environment Variables:
PATH=/usr/local/sbin:/usr/local/bin:/usr/sbin:/usr/bin:/sbin:/bin:/usr/games:/usr/local/games
USERNAME=gustavo
SHELL=/bin/bash
DISPLAY=:0

Signal Handlers:
SIGSEGV: [libjvm.so+0xa79a80], sa_mask[0]=11111111011111111101111111111110, sa_flags=SA_RESTART|SA_SIGINFO
SIGBUS: [libjvm.so+0xa79a80], sa_mask[0]=11111111011111111101111111111110, sa_flags=SA_RESTART|SA_SIGINFO
SIGFPE: [libjvm.so+0x8e24e0], sa_mask[0]=11111111011111111101111111111110, sa_flags=SA_RESTART|SA_SIGINFO
SIGPIPE: SIG_IGN, sa_mask[0]=00000000000010000000000000000000, sa_flags=SA_RESTART
SIGXFSZ: [libjvm.so+0x8e24e0], sa_mask[0]=11111111011111111101111111111110, sa_flags=SA_RESTART|SA_SIGINFO
SIGILL: [libjvm.so+0x8e24e0], sa_mask[0]=11111111011111111101111111111110, sa_flags=SA_RESTART|SA_SIGINFO
SIGUSR1: SIG_DFL, sa_mask[0]=00000000000000000000000000000000, sa_flags=none
SIGUSR2: [libjvm.so+0x8e3d10], sa_mask[0]=00100000000000000000000000000000, sa_flags=SA_RESTART|SA_SIGINFO
SIGHUP: [libjvm.so+0x8e50d0], sa_mask[0]=11111111011111111101111111111110, sa_flags=SA_RESTART|SA_SIGINFO
SIGINT: [libjvm.so+0x8e50d0], sa_mask[0]=11111111011111111101111111111110, sa_flags=SA_RESTART|SA_SIGINFO
SIGTERM: [libjvm.so+0x8e50d0], sa_mask[0]=11111111011111111101111111111110, sa_flags=SA_RESTART|SA_SIGINFO
SIGQUIT: [libjvm.so+0x8e50d0], sa_mask[0]=11111111011111111101111111111110, sa_flags=SA_RESTART|SA_SIGINFO


---------------  S Y S T E M  ---------------

OS:DISTRIB_ID=LinuxMint
DISTRIB_RELEASE=17.1
DISTRIB_CODENAME=rebecca
DISTRIB_DESCRIPTION="Linux Mint 17.1 Rebecca"

uname:Linux 3.13.0-37-generic #64-Ubuntu SMP Mon Sep 22 21:28:38 UTC 2014 x86_64
libc:glibc 2.19 NPTL 2.19 
rlimit: STACK 8192k, CORE 0k, NPROC 46985, NOFILE 4096, AS infinity
load average:1,92 1,96 3,03

/proc/meminfo:
MemTotal:        6045352 kB
MemFree:         1158056 kB
Buffers:          165892 kB
Cached:          1463792 kB
SwapCached:            0 kB
Active:          3669596 kB
Inactive:         789344 kB
Active(anon):    2831416 kB
Inactive(anon):    49156 kB
Active(file):     838180 kB
Inactive(file):   740188 kB
Unevictable:         284 kB
Mlocked:             284 kB
SwapTotal:             0 kB
SwapFree:              0 kB
Dirty:              1888 kB
Writeback:            84 kB
AnonPages:       2829892 kB
Mapped:           156948 kB
Shmem:             51004 kB
Slab:             204552 kB
SReclaimable:     106732 kB
SUnreclaim:        97820 kB
KernelStack:        5224 kB
PageTables:        40700 kB
NFS_Unstable:          0 kB
Bounce:                0 kB
WritebackTmp:          0 kB
CommitLimit:     3022676 kB
Committed_AS:    6119884 kB
VmallocTotal:   34359738367 kB
VmallocUsed:      335292 kB
VmallocChunk:   34359291556 kB
HardwareCorrupted:     0 kB
AnonHugePages:   1052672 kB
HugePages_Total:       0
HugePages_Free:        0
HugePages_Rsvd:        0
HugePages_Surp:        0
Hugepagesize:       2048 kB
DirectMap4k:       86976 kB
DirectMap2M:     6137856 kB


CPU:total 8 (4 cores per cpu, 2 threads per core) family 6 model 30 stepping 5, cmov, cx8, fxsr, mmx, sse, sse2, sse3, ssse3, sse4.1, sse4.2, popcnt, ht, tsc, tscinvbit

/proc/cpuinfo:
processor	: 0
vendor_id	: GenuineIntel
cpu family	: 6
model		: 30
model name	: Intel(R) Core(TM) i7 CPU       Q 740  @ 1.73GHz
stepping	: 5
microcode	: 0x4
cpu MHz		: 931.000
cache size	: 6144 KB
physical id	: 0
siblings	: 8
core id		: 0
cpu cores	: 4
apicid		: 0
initial apicid	: 0
fpu		: yes
fpu_exception	: yes
cpuid level	: 11
wp		: yes
flags		: fpu vme de pse tsc msr pae mce cx8 apic sep mtrr pge mca cmov pat pse36 clflush dts acpi mmx fxsr sse sse2 ss ht tm pbe syscall nx rdtscp lm constant_tsc arch_perfmon pebs bts rep_good nopl xtopology nonstop_tsc aperfmperf pni dtes64 monitor ds_cpl vmx smx est tm2 ssse3 cx16 xtpr pdcm sse4_1 sse4_2 popcnt lahf_lm ida dtherm tpr_shadow vnmi flexpriority ept vpid
bogomips	: 3458.55
clflush size	: 64
cache_alignment	: 64
address sizes	: 36 bits physical, 48 bits virtual
power management:

processor	: 1
vendor_id	: GenuineIntel
cpu family	: 6
model		: 30
model name	: Intel(R) Core(TM) i7 CPU       Q 740  @ 1.73GHz
stepping	: 5
microcode	: 0x4
cpu MHz		: 931.000
cache size	: 6144 KB
physical id	: 0
siblings	: 8
core id		: 1
cpu cores	: 4
apicid		: 2
initial apicid	: 2
fpu		: yes
fpu_exception	: yes
cpuid level	: 11
wp		: yes
flags		: fpu vme de pse tsc msr pae mce cx8 apic sep mtrr pge mca cmov pat pse36 clflush dts acpi mmx fxsr sse sse2 ss ht tm pbe syscall nx rdtscp lm constant_tsc arch_perfmon pebs bts rep_good nopl xtopology nonstop_tsc aperfmperf pni dtes64 monitor ds_cpl vmx smx est tm2 ssse3 cx16 xtpr pdcm sse4_1 sse4_2 popcnt lahf_lm ida dtherm tpr_shadow vnmi flexpriority ept vpid
bogomips	: 3458.55
clflush size	: 64
cache_alignment	: 64
address sizes	: 36 bits physical, 48 bits virtual
power management:

processor	: 2
vendor_id	: GenuineIntel
cpu family	: 6
model		: 30
model name	: Intel(R) Core(TM) i7 CPU       Q 740  @ 1.73GHz
stepping	: 5
microcode	: 0x4
cpu MHz		: 931.000
cache size	: 6144 KB
physical id	: 0
siblings	: 8
core id		: 2
cpu cores	: 4
apicid		: 4
initial apicid	: 4
fpu		: yes
fpu_exception	: yes
cpuid level	: 11
wp		: yes
flags		: fpu vme de pse tsc msr pae mce cx8 apic sep mtrr pge mca cmov pat pse36 clflush dts acpi mmx fxsr sse sse2 ss ht tm pbe syscall nx rdtscp lm constant_tsc arch_perfmon pebs bts rep_good nopl xtopology nonstop_tsc aperfmperf pni dtes64 monitor ds_cpl vmx smx est tm2 ssse3 cx16 xtpr pdcm sse4_1 sse4_2 popcnt lahf_lm ida dtherm tpr_shadow vnmi flexpriority ept vpid
bogomips	: 3458.55
clflush size	: 64
cache_alignment	: 64
address sizes	: 36 bits physical, 48 bits virtual
power management:

processor	: 3
vendor_id	: GenuineIntel
cpu family	: 6
model		: 30
model name	: Intel(R) Core(TM) i7 CPU       Q 740  @ 1.73GHz
stepping	: 5
microcode	: 0x4
cpu MHz		: 931.000
cache size	: 6144 KB
physical id	: 0
siblings	: 8
core id		: 3
cpu cores	: 4
apicid		: 6
initial apicid	: 6
fpu		: yes
fpu_exception	: yes
cpuid level	: 11
wp		: yes
flags		: fpu vme de pse tsc msr pae mce cx8 apic sep mtrr pge mca cmov pat pse36 clflush dts acpi mmx fxsr sse sse2 ss ht tm pbe syscall nx rdtscp lm constant_tsc arch_perfmon pebs bts rep_good nopl xtopology nonstop_tsc aperfmperf pni dtes64 monitor ds_cpl vmx smx est tm2 ssse3 cx16 xtpr pdcm sse4_1 sse4_2 popcnt lahf_lm ida dtherm tpr_shadow vnmi flexpriority ept vpid
bogomips	: 3458.55
clflush size	: 64
cache_alignment	: 64
address sizes	: 36 bits physical, 48 bits virtual
power management:

processor	: 4
vendor_id	: GenuineIntel
cpu family	: 6
model		: 30
model name	: Intel(R) Core(TM) i7 CPU       Q 740  @ 1.73GHz
stepping	: 5
microcode	: 0x4
cpu MHz		: 1197.000
cache size	: 6144 KB
physical id	: 0
siblings	: 8
core id		: 0
cpu cores	: 4
apicid		: 1
initial apicid	: 1
fpu		: yes
fpu_exception	: yes
cpuid level	: 11
wp		: yes
flags		: fpu vme de pse tsc msr pae mce cx8 apic sep mtrr pge mca cmov pat pse36 clflush dts acpi mmx fxsr sse sse2 ss ht tm pbe syscall nx rdtscp lm constant_tsc arch_perfmon pebs bts rep_good nopl xtopology nonstop_tsc aperfmperf pni dtes64 monitor ds_cpl vmx smx est tm2 ssse3 cx16 xtpr pdcm sse4_1 sse4_2 popcnt lahf_lm ida dtherm tpr_shadow vnmi flexpriority ept vpid
bogomips	: 3458.55
clflush size	: 64
cache_alignment	: 64
address sizes	: 36 bits physical, 48 bits virtual
power management:

processor	: 5
vendor_id	: GenuineIntel
cpu family	: 6
model		: 30
model name	: Intel(R) Core(TM) i7 CPU       Q 740  @ 1.73GHz
stepping	: 5
microcode	: 0x4
cpu MHz		: 1730.000
cache size	: 6144 KB
physical id	: 0
siblings	: 8
core id		: 1
cpu cores	: 4
apicid		: 3
initial apicid	: 3
fpu		: yes
fpu_exception	: yes
cpuid level	: 11
wp		: yes
flags		: fpu vme de pse tsc msr pae mce cx8 apic sep mtrr pge mca cmov pat pse36 clflush dts acpi mmx fxsr sse sse2 ss ht tm pbe syscall nx rdtscp lm constant_tsc arch_perfmon pebs bts rep_good nopl xtopology nonstop_tsc aperfmperf pni dtes64 monitor ds_cpl vmx smx est tm2 ssse3 cx16 xtpr pdcm sse4_1 sse4_2 popcnt lahf_lm ida dtherm tpr_shadow vnmi flexpriority ept vpid
bogomips	: 3458.55
clflush size	: 64
cache_alignment	: 64
address sizes	: 36 bits physical, 48 bits virtual
power management:

processor	: 6
vendor_id	: GenuineIntel
cpu family	: 6
model		: 30
model name	: Intel(R) Core(TM) i7 CPU       Q 740  @ 1.73GHz
stepping	: 5
microcode	: 0x4
cpu MHz		: 931.000
cache size	: 6144 KB
physical id	: 0
siblings	: 8
core id		: 2
cpu cores	: 4
apicid		: 5
initial apicid	: 5
fpu		: yes
fpu_exception	: yes
cpuid level	: 11
wp		: yes
flags		: fpu vme de pse tsc msr pae mce cx8 apic sep mtrr pge mca cmov pat pse36 clflush dts acpi mmx fxsr sse sse2 ss ht tm pbe syscall nx rdtscp lm constant_tsc arch_perfmon pebs bts rep_good nopl xtopology nonstop_tsc aperfmperf pni dtes64 monitor ds_cpl vmx smx est tm2 ssse3 cx16 xtpr pdcm sse4_1 sse4_2 popcnt lahf_lm ida dtherm tpr_shadow vnmi flexpriority ept vpid
bogomips	: 3458.55
clflush size	: 64
cache_alignment	: 64
address sizes	: 36 bits physical, 48 bits virtual
power management:

processor	: 7
vendor_id	: GenuineIntel
cpu family	: 6
model		: 30
model name	: Intel(R) Core(TM) i7 CPU       Q 740  @ 1.73GHz
stepping	: 5
microcode	: 0x4
cpu MHz		: 931.000
cache size	: 6144 KB
physical id	: 0
siblings	: 8
core id		: 3
cpu cores	: 4
apicid		: 7
initial apicid	: 7
fpu		: yes
fpu_exception	: yes
cpuid level	: 11
wp		: yes
flags		: fpu vme de pse tsc msr pae mce cx8 apic sep mtrr pge mca cmov pat pse36 clflush dts acpi mmx fxsr sse sse2 ss ht tm pbe syscall nx rdtscp lm constant_tsc arch_perfmon pebs bts rep_good nopl xtopology nonstop_tsc aperfmperf pni dtes64 monitor ds_cpl vmx smx est tm2 ssse3 cx16 xtpr pdcm sse4_1 sse4_2 popcnt lahf_lm ida dtherm tpr_shadow vnmi flexpriority ept vpid
bogomips	: 3458.55
clflush size	: 64
cache_alignment	: 64
address sizes	: 36 bits physical, 48 bits virtual
power management:



Memory: 4k page, physical 6045352k(1158056k free), swap 0k(0k free)

vm_info: Java HotSpot(TM) 64-Bit Server VM (25.25-b02) for linux-amd64 JRE (1.8.0_25-b17), built on Sep 17 2014 17:32:11 by "java_re" with gcc 4.3.0 20080428 (Red Hat 4.3.0-8)

time: Fri Feb 13 19:20:23 2015
elapsed time: 36 seconds (0d 0h 0m 36s)

